DEBUG:root:This message should go to the log file
INFO:root:So should this
WARNING:root:And this, too
DEBUG:root:This message should go to the log file
INFO:root:So should this
WARNING:root:And this, too
INFO:werkzeug: * Running on http://127.0.0.1:5000/ (Press CTRL+C to quit)
INFO:werkzeug: * Running on http://127.0.0.1:5000/ (Press CTRL+C to quit)
INFO:werkzeug:127.0.0.1 - - [21/Nov/2020 23:43:24] "[37mGET / HTTP/1.1[0m" 200 -
INFO:werkzeug:127.0.0.1 - - [21/Nov/2020 23:43:30] "[37mGET / HTTP/1.1[0m" 200 -
WARNING:root:Watch out!
INFO:werkzeug:127.0.0.1 - - [21/Nov/2020 23:43:30] "[37mGET /hello/ HTTP/1.1[0m" 200 -
WARNING:root:Watch out!
INFO:werkzeug:127.0.0.1 - - [21/Nov/2020 23:43:32] "[37mGET /hello/ HTTP/1.1[0m" 200 -
INFO:werkzeug: * Running on http://127.0.0.1:5000/ (Press CTRL+C to quit)
INFO:werkzeug: * Running on http://127.0.0.1:5000/ (Press CTRL+C to quit)
INFO:werkzeug:127.0.0.1 - - [21/Nov/2020 23:48:50] "[37mGET / HTTP/1.1[0m" 200 -
INFO:werkzeug:127.0.0.1 - - [21/Nov/2020 23:48:55] "[37mGET / HTTP/1.1[0m" 200 -
WARNING:root:Watch out!
INFO:werkzeug:127.0.0.1 - - [21/Nov/2020 23:48:56] "[37mGET /hello/ HTTP/1.1[0m" 200 -
WARNING:root:Watch out!
INFO:werkzeug:127.0.0.1 - - [21/Nov/2020 23:48:57] "[37mGET /hello/ HTTP/1.1[0m" 200 -
WARNING:root:Watch out!
INFO:werkzeug:127.0.0.1 - - [21/Nov/2020 23:49:04] "[37mGET /hello/ HTTP/1.1[0m" 200 -
INFO:werkzeug:127.0.0.1 - - [21/Nov/2020 23:49:06] "[33mGET /hi HTTP/1.1[0m" 404 -
WARNING:root:oh no
INFO:werkzeug:127.0.0.1 - - [21/Nov/2020 23:49:07] "[37mGET /hiya/ HTTP/1.1[0m" 200 -
INFO:werkzeug:127.0.0.1 - - [21/Nov/2020 23:49:07] "[33mGET /favicon.ico HTTP/1.1[0m" 404 -
INFO:werkzeug: * Running on http://127.0.0.1:5000/ (Press CTRL+C to quit)
INFO:werkzeug:127.0.0.1 - - [21/Nov/2020 23:51:47] "[37mGET / HTTP/1.1[0m" 200 -
INFO:werkzeug:127.0.0.1 - - [21/Nov/2020 23:51:51] "[37mGET / HTTP/1.1[0m" 200 -
WARNING:root:Watch out!
INFO:werkzeug:127.0.0.1 - - [21/Nov/2020 23:51:52] "[37mGET /hello/ HTTP/1.1[0m" 200 -
INFO:werkzeug:127.0.0.1 - - [21/Nov/2020 23:51:52] "[33mGET /hi HTTP/1.1[0m" 404 -
WARNING:root:oh no
ERROR:app:Exception on /hiya/ [GET]
Traceback (most recent call last):
  File "/Library/Frameworks/Python.framework/Versions/3.8/lib/python3.8/site-packages/flask/app.py", line 2447, in wsgi_app
    response = self.full_dispatch_request()
  File "/Library/Frameworks/Python.framework/Versions/3.8/lib/python3.8/site-packages/flask/app.py", line 1952, in full_dispatch_request
    rv = self.handle_user_exception(e)
  File "/Library/Frameworks/Python.framework/Versions/3.8/lib/python3.8/site-packages/flask/app.py", line 1821, in handle_user_exception
    reraise(exc_type, exc_value, tb)
  File "/Library/Frameworks/Python.framework/Versions/3.8/lib/python3.8/site-packages/flask/_compat.py", line 39, in reraise
    raise value
  File "/Library/Frameworks/Python.framework/Versions/3.8/lib/python3.8/site-packages/flask/app.py", line 1950, in full_dispatch_request
    rv = self.dispatch_request()
  File "/Library/Frameworks/Python.framework/Versions/3.8/lib/python3.8/site-packages/flask/app.py", line 1936, in dispatch_request
    return self.view_functions[rule.endpoint](**req.view_args)
  File "/Users/katiesarnecky/Documents/GitHub/CMPT-120L-910-20F/SemesterProject/app.py", line 25, in hiya_world
    return (emoji.emojize( 'Hiya everyone! :smiley:' , use_aliases=True))
AttributeError: module 'emoji' has no attribute 'emojize'
INFO:werkzeug:127.0.0.1 - - [21/Nov/2020 23:51:52] "[35m[1mGET /hiya/ HTTP/1.1[0m" 500 -
WARNING:root:oh no
ERROR:app:Exception on /hiya/ [GET]
Traceback (most recent call last):
  File "/Library/Frameworks/Python.framework/Versions/3.8/lib/python3.8/site-packages/flask/app.py", line 2447, in wsgi_app
    response = self.full_dispatch_request()
  File "/Library/Frameworks/Python.framework/Versions/3.8/lib/python3.8/site-packages/flask/app.py", line 1952, in full_dispatch_request
    rv = self.handle_user_exception(e)
  File "/Library/Frameworks/Python.framework/Versions/3.8/lib/python3.8/site-packages/flask/app.py", line 1821, in handle_user_exception
    reraise(exc_type, exc_value, tb)
  File "/Library/Frameworks/Python.framework/Versions/3.8/lib/python3.8/site-packages/flask/_compat.py", line 39, in reraise
    raise value
  File "/Library/Frameworks/Python.framework/Versions/3.8/lib/python3.8/site-packages/flask/app.py", line 1950, in full_dispatch_request
    rv = self.dispatch_request()
  File "/Library/Frameworks/Python.framework/Versions/3.8/lib/python3.8/site-packages/flask/app.py", line 1936, in dispatch_request
    return self.view_functions[rule.endpoint](**req.view_args)
  File "/Users/katiesarnecky/Documents/GitHub/CMPT-120L-910-20F/SemesterProject/app.py", line 25, in hiya_world
    return (emoji.emojize( 'Hiya everyone! :smiley:' , use_aliases=True))
AttributeError: module 'emoji' has no attribute 'emojize'
INFO:werkzeug:127.0.0.1 - - [21/Nov/2020 23:51:53] "[35m[1mGET /hiya/ HTTP/1.1[0m" 500 -
INFO:werkzeug: * Running on http://127.0.0.1:5000/ (Press CTRL+C to quit)
INFO:werkzeug:127.0.0.1 - - [21/Nov/2020 23:52:49] "[37mGET / HTTP/1.1[0m" 200 -
INFO:werkzeug:127.0.0.1 - - [21/Nov/2020 23:52:52] "[37mGET / HTTP/1.1[0m" 200 -
WARNING:root:Watch out!
INFO:werkzeug:127.0.0.1 - - [21/Nov/2020 23:52:53] "[37mGET /hello/ HTTP/1.1[0m" 200 -
INFO:werkzeug:127.0.0.1 - - [21/Nov/2020 23:52:53] "[33mGET /hi HTTP/1.1[0m" 404 -
WARNING:root:oh no
INFO:werkzeug:127.0.0.1 - - [21/Nov/2020 23:52:53] "[37mGET /hiya/ HTTP/1.1[0m" 200 -
WARNING:root:oh no
INFO:werkzeug:127.0.0.1 - - [21/Nov/2020 23:52:55] "[37mGET /hiya/ HTTP/1.1[0m" 200 -
INFO:werkzeug: * Running on http://127.0.0.1:5000/ (Press CTRL+C to quit)
INFO:werkzeug:127.0.0.1 - - [21/Nov/2020 23:54:52] "[37mGET / HTTP/1.1[0m" 200 -
INFO:werkzeug:127.0.0.1 - - [21/Nov/2020 23:55:11] "[37mGET / HTTP/1.1[0m" 200 -
INFO:werkzeug:127.0.0.1 - - [21/Nov/2020 23:55:12] "[37mGET / HTTP/1.1[0m" 200 -
INFO:werkzeug:127.0.0.1 - - [21/Nov/2020 23:55:25] "[37mGET / HTTP/1.1[0m" 200 -
WARNING:root:Watch out!
INFO:werkzeug:127.0.0.1 - - [21/Nov/2020 23:55:26] "[37mGET /hello/ HTTP/1.1[0m" 200 -
WARNING:root:Watch out!
INFO:werkzeug:127.0.0.1 - - [21/Nov/2020 23:55:28] "[37mGET /hello/ HTTP/1.1[0m" 200 -
INFO:werkzeug:127.0.0.1 - - [21/Nov/2020 23:55:34] "[37mGET / HTTP/1.1[0m" 200 -
INFO:werkzeug:127.0.0.1 - - [21/Nov/2020 23:55:34] "[37mGET / HTTP/1.1[0m" 200 -
INFO:werkzeug: * Running on http://127.0.0.1:5000/ (Press CTRL+C to quit)
INFO:werkzeug:127.0.0.1 - - [21/Nov/2020 23:56:18] "[37mGET / HTTP/1.1[0m" 200 -
INFO:werkzeug:127.0.0.1 - - [21/Nov/2020 23:56:22] "[37mGET / HTTP/1.1[0m" 200 -
WARNING:root:Watch out!
INFO:werkzeug:127.0.0.1 - - [21/Nov/2020 23:56:22] "[37mGET /hello/ HTTP/1.1[0m" 200 -
WARNING:root:Watch out!
INFO:werkzeug:127.0.0.1 - - [21/Nov/2020 23:56:23] "[37mGET /hello/ HTTP/1.1[0m" 200 -
INFO:werkzeug: * Running on http://127.0.0.1:5000/ (Press CTRL+C to quit)
INFO:werkzeug:127.0.0.1 - - [21/Nov/2020 23:57:03] "[37mGET / HTTP/1.1[0m" 200 -
INFO:werkzeug:127.0.0.1 - - [21/Nov/2020 23:57:07] "[37mGET / HTTP/1.1[0m" 200 -
INFO:root:Watch out!
INFO:werkzeug:127.0.0.1 - - [21/Nov/2020 23:57:08] "[37mGET /hello/ HTTP/1.1[0m" 200 -
INFO:root:Watch out!
INFO:werkzeug:127.0.0.1 - - [21/Nov/2020 23:57:10] "[37mGET /hello/ HTTP/1.1[0m" 200 -
INFO:werkzeug: * Running on http://127.0.0.1:5000/ (Press CTRL+C to quit)
INFO:werkzeug:127.0.0.1 - - [22/Nov/2020 00:02:13] "[37mGET / HTTP/1.1[0m" 200 -
INFO:werkzeug:127.0.0.1 - - [22/Nov/2020 00:02:17] "[37mGET / HTTP/1.1[0m" 200 -
INFO:root:Welcome to page 2!
INFO:werkzeug:127.0.0.1 - - [22/Nov/2020 00:02:18] "[37mGET /hello/ HTTP/1.1[0m" 200 -
INFO:root:Welcome to page 2!
INFO:werkzeug:127.0.0.1 - - [22/Nov/2020 00:02:19] "[37mGET /hello/ HTTP/1.1[0m" 200 -
INFO:root:Welcome to page 2!
INFO:werkzeug:127.0.0.1 - - [22/Nov/2020 00:02:28] "[37mGET /hello/ HTTP/1.1[0m" 200 -
INFO:werkzeug:127.0.0.1 - - [22/Nov/2020 00:02:30] "[33mGET /hi HTTP/1.1[0m" 404 -
INFO:root:Going to page 3!
INFO:werkzeug:127.0.0.1 - - [22/Nov/2020 00:02:30] "[37mGET /hiya/ HTTP/1.1[0m" 200 -
INFO:root:Going to page 3!
INFO:werkzeug:127.0.0.1 - - [22/Nov/2020 00:02:31] "[37mGET /hiya/ HTTP/1.1[0m" 200 -
INFO:werkzeug: * Running on http://127.0.0.1:5000/ (Press CTRL+C to quit)
INFO:app:Switching to the Index Page
INFO:werkzeug:127.0.0.1 - - [03/Dec/2020 13:34:40] "[37mGET / HTTP/1.1[0m" 200 -
WARNING:app:Switching to the 404 Page
ERROR:app:Exception on /apple-touch-icon-precomposed.png [GET]
Traceback (most recent call last):
  File "/Library/Frameworks/Python.framework/Versions/3.8/lib/python3.8/site-packages/flask/app.py", line 1950, in full_dispatch_request
    rv = self.dispatch_request()
  File "/Library/Frameworks/Python.framework/Versions/3.8/lib/python3.8/site-packages/flask/app.py", line 1926, in dispatch_request
    self.raise_routing_exception(req)
  File "/Library/Frameworks/Python.framework/Versions/3.8/lib/python3.8/site-packages/flask/app.py", line 1908, in raise_routing_exception
    raise request.routing_exception
  File "/Library/Frameworks/Python.framework/Versions/3.8/lib/python3.8/site-packages/flask/ctx.py", line 350, in match_request
    result = self.url_adapter.match(return_rule=True)
  File "/Library/Frameworks/Python.framework/Versions/3.8/lib/python3.8/site-packages/werkzeug/routing.py", line 1945, in match
    raise NotFound()
werkzeug.exceptions.NotFound: 404 Not Found: The requested URL was not found on the server. If you entered the URL manually please check your spelling and try again.

During handling of the above exception, another exception occurred:

Traceback (most recent call last):
  File "/Library/Frameworks/Python.framework/Versions/3.8/lib/python3.8/site-packages/flask/app.py", line 2447, in wsgi_app
    response = self.full_dispatch_request()
  File "/Library/Frameworks/Python.framework/Versions/3.8/lib/python3.8/site-packages/flask/app.py", line 1952, in full_dispatch_request
    rv = self.handle_user_exception(e)
  File "/Library/Frameworks/Python.framework/Versions/3.8/lib/python3.8/site-packages/flask/app.py", line 1816, in handle_user_exception
    return self.handle_http_exception(e)
  File "/Library/Frameworks/Python.framework/Versions/3.8/lib/python3.8/site-packages/flask/app.py", line 1744, in handle_http_exception
    return handler(e)
  File "/Users/katiesarnecky/Documents/GitHub/CMPT-120L-910-20F/SemesterProject/app.py", line 32, in page_not_found
    return render_template('four_oh_four.html'), 404
  File "/Library/Frameworks/Python.framework/Versions/3.8/lib/python3.8/site-packages/flask/templating.py", line 137, in render_template
    return _render(
  File "/Library/Frameworks/Python.framework/Versions/3.8/lib/python3.8/site-packages/flask/templating.py", line 120, in _render
    rv = template.render(context)
  File "/Library/Frameworks/Python.framework/Versions/3.8/lib/python3.8/site-packages/jinja2/environment.py", line 1090, in render
    self.environment.handle_exception()
  File "/Library/Frameworks/Python.framework/Versions/3.8/lib/python3.8/site-packages/jinja2/environment.py", line 832, in handle_exception
    reraise(*rewrite_traceback_stack(source=source))
  File "/Library/Frameworks/Python.framework/Versions/3.8/lib/python3.8/site-packages/jinja2/_compat.py", line 28, in reraise
    raise value.with_traceback(tb)
  File "/Users/katiesarnecky/Documents/GitHub/CMPT-120L-910-20F/SemesterProject/templates/four_oh_four.html", line 1, in top-level template code
    {% include 'header.html' %}
  File "/Library/Frameworks/Python.framework/Versions/3.8/lib/python3.8/site-packages/flask/templating.py", line 60, in get_source
    return self._get_source_fast(environment, template)
  File "/Library/Frameworks/Python.framework/Versions/3.8/lib/python3.8/site-packages/flask/templating.py", line 89, in _get_source_fast
    raise TemplateNotFound(template)
jinja2.exceptions.TemplateNotFound: header.html
INFO:werkzeug:127.0.0.1 - - [03/Dec/2020 13:34:41] "[35m[1mGET /apple-touch-icon-precomposed.png HTTP/1.1[0m" 500 -
WARNING:app:Switching to the 404 Page
ERROR:app:Exception on /apple-touch-icon.png [GET]
Traceback (most recent call last):
  File "/Library/Frameworks/Python.framework/Versions/3.8/lib/python3.8/site-packages/flask/app.py", line 1950, in full_dispatch_request
    rv = self.dispatch_request()
  File "/Library/Frameworks/Python.framework/Versions/3.8/lib/python3.8/site-packages/flask/app.py", line 1926, in dispatch_request
    self.raise_routing_exception(req)
  File "/Library/Frameworks/Python.framework/Versions/3.8/lib/python3.8/site-packages/flask/app.py", line 1908, in raise_routing_exception
    raise request.routing_exception
  File "/Library/Frameworks/Python.framework/Versions/3.8/lib/python3.8/site-packages/flask/ctx.py", line 350, in match_request
    result = self.url_adapter.match(return_rule=True)
  File "/Library/Frameworks/Python.framework/Versions/3.8/lib/python3.8/site-packages/werkzeug/routing.py", line 1945, in match
    raise NotFound()
werkzeug.exceptions.NotFound: 404 Not Found: The requested URL was not found on the server. If you entered the URL manually please check your spelling and try again.

During handling of the above exception, another exception occurred:

Traceback (most recent call last):
  File "/Library/Frameworks/Python.framework/Versions/3.8/lib/python3.8/site-packages/flask/app.py", line 2447, in wsgi_app
    response = self.full_dispatch_request()
  File "/Library/Frameworks/Python.framework/Versions/3.8/lib/python3.8/site-packages/flask/app.py", line 1952, in full_dispatch_request
    rv = self.handle_user_exception(e)
  File "/Library/Frameworks/Python.framework/Versions/3.8/lib/python3.8/site-packages/flask/app.py", line 1816, in handle_user_exception
    return self.handle_http_exception(e)
  File "/Library/Frameworks/Python.framework/Versions/3.8/lib/python3.8/site-packages/flask/app.py", line 1744, in handle_http_exception
    return handler(e)
  File "/Users/katiesarnecky/Documents/GitHub/CMPT-120L-910-20F/SemesterProject/app.py", line 32, in page_not_found
    return render_template('four_oh_four.html'), 404
  File "/Library/Frameworks/Python.framework/Versions/3.8/lib/python3.8/site-packages/flask/templating.py", line 137, in render_template
    return _render(
  File "/Library/Frameworks/Python.framework/Versions/3.8/lib/python3.8/site-packages/flask/templating.py", line 120, in _render
    rv = template.render(context)
  File "/Library/Frameworks/Python.framework/Versions/3.8/lib/python3.8/site-packages/jinja2/environment.py", line 1090, in render
    self.environment.handle_exception()
  File "/Library/Frameworks/Python.framework/Versions/3.8/lib/python3.8/site-packages/jinja2/environment.py", line 832, in handle_exception
    reraise(*rewrite_traceback_stack(source=source))
  File "/Library/Frameworks/Python.framework/Versions/3.8/lib/python3.8/site-packages/jinja2/_compat.py", line 28, in reraise
    raise value.with_traceback(tb)
  File "/Users/katiesarnecky/Documents/GitHub/CMPT-120L-910-20F/SemesterProject/templates/four_oh_four.html", line 1, in top-level template code
    {% include 'header.html' %}
  File "/Library/Frameworks/Python.framework/Versions/3.8/lib/python3.8/site-packages/flask/templating.py", line 60, in get_source
    return self._get_source_fast(environment, template)
  File "/Library/Frameworks/Python.framework/Versions/3.8/lib/python3.8/site-packages/flask/templating.py", line 89, in _get_source_fast
    raise TemplateNotFound(template)
jinja2.exceptions.TemplateNotFound: header.html
INFO:werkzeug:127.0.0.1 - - [03/Dec/2020 13:34:41] "[35m[1mGET /apple-touch-icon.png HTTP/1.1[0m" 500 -
WARNING:app:Switching to the 404 Page
ERROR:app:Exception on /favicon.ico [GET]
Traceback (most recent call last):
  File "/Library/Frameworks/Python.framework/Versions/3.8/lib/python3.8/site-packages/flask/app.py", line 1950, in full_dispatch_request
    rv = self.dispatch_request()
  File "/Library/Frameworks/Python.framework/Versions/3.8/lib/python3.8/site-packages/flask/app.py", line 1926, in dispatch_request
    self.raise_routing_exception(req)
  File "/Library/Frameworks/Python.framework/Versions/3.8/lib/python3.8/site-packages/flask/app.py", line 1908, in raise_routing_exception
    raise request.routing_exception
  File "/Library/Frameworks/Python.framework/Versions/3.8/lib/python3.8/site-packages/flask/ctx.py", line 350, in match_request
    result = self.url_adapter.match(return_rule=True)
  File "/Library/Frameworks/Python.framework/Versions/3.8/lib/python3.8/site-packages/werkzeug/routing.py", line 1945, in match
    raise NotFound()
werkzeug.exceptions.NotFound: 404 Not Found: The requested URL was not found on the server. If you entered the URL manually please check your spelling and try again.

During handling of the above exception, another exception occurred:

Traceback (most recent call last):
  File "/Library/Frameworks/Python.framework/Versions/3.8/lib/python3.8/site-packages/flask/app.py", line 2447, in wsgi_app
    response = self.full_dispatch_request()
  File "/Library/Frameworks/Python.framework/Versions/3.8/lib/python3.8/site-packages/flask/app.py", line 1952, in full_dispatch_request
    rv = self.handle_user_exception(e)
  File "/Library/Frameworks/Python.framework/Versions/3.8/lib/python3.8/site-packages/flask/app.py", line 1816, in handle_user_exception
    return self.handle_http_exception(e)
  File "/Library/Frameworks/Python.framework/Versions/3.8/lib/python3.8/site-packages/flask/app.py", line 1744, in handle_http_exception
    return handler(e)
  File "/Users/katiesarnecky/Documents/GitHub/CMPT-120L-910-20F/SemesterProject/app.py", line 32, in page_not_found
    return render_template('four_oh_four.html'), 404
  File "/Library/Frameworks/Python.framework/Versions/3.8/lib/python3.8/site-packages/flask/templating.py", line 137, in render_template
    return _render(
  File "/Library/Frameworks/Python.framework/Versions/3.8/lib/python3.8/site-packages/flask/templating.py", line 120, in _render
    rv = template.render(context)
  File "/Library/Frameworks/Python.framework/Versions/3.8/lib/python3.8/site-packages/jinja2/environment.py", line 1090, in render
    self.environment.handle_exception()
  File "/Library/Frameworks/Python.framework/Versions/3.8/lib/python3.8/site-packages/jinja2/environment.py", line 832, in handle_exception
    reraise(*rewrite_traceback_stack(source=source))
  File "/Library/Frameworks/Python.framework/Versions/3.8/lib/python3.8/site-packages/jinja2/_compat.py", line 28, in reraise
    raise value.with_traceback(tb)
  File "/Users/katiesarnecky/Documents/GitHub/CMPT-120L-910-20F/SemesterProject/templates/four_oh_four.html", line 1, in top-level template code
    {% include 'header.html' %}
  File "/Library/Frameworks/Python.framework/Versions/3.8/lib/python3.8/site-packages/flask/templating.py", line 60, in get_source
    return self._get_source_fast(environment, template)
  File "/Library/Frameworks/Python.framework/Versions/3.8/lib/python3.8/site-packages/flask/templating.py", line 89, in _get_source_fast
    raise TemplateNotFound(template)
jinja2.exceptions.TemplateNotFound: header.html
INFO:werkzeug:127.0.0.1 - - [03/Dec/2020 13:34:42] "[35m[1mGET /favicon.ico HTTP/1.1[0m" 500 -
INFO:app:Switching to the Index Page
INFO:werkzeug:127.0.0.1 - - [03/Dec/2020 13:36:07] "[37mGET / HTTP/1.1[0m" 200 -
INFO:werkzeug: * Running on http://127.0.0.1:5000/ (Press CTRL+C to quit)
INFO:app:Switching to the Index Page
INFO:werkzeug:127.0.0.1 - - [03/Dec/2020 13:36:36] "[37mGET / HTTP/1.1[0m" 200 -
INFO:app:Switching to the Index Page
INFO:werkzeug:127.0.0.1 - - [03/Dec/2020 13:36:53] "[37mGET / HTTP/1.1[0m" 200 -
INFO:root:Welcome to the Home Page!
INFO:werkzeug:127.0.0.1 - - [03/Dec/2020 13:36:58] "[37mGET /home/ HTTP/1.1[0m" 200 -
WARNING:app:Switching to the 404 Page
ERROR:app:Exception on /favicon.ico [GET]
Traceback (most recent call last):
  File "/Library/Frameworks/Python.framework/Versions/3.8/lib/python3.8/site-packages/flask/app.py", line 1950, in full_dispatch_request
    rv = self.dispatch_request()
  File "/Library/Frameworks/Python.framework/Versions/3.8/lib/python3.8/site-packages/flask/app.py", line 1926, in dispatch_request
    self.raise_routing_exception(req)
  File "/Library/Frameworks/Python.framework/Versions/3.8/lib/python3.8/site-packages/flask/app.py", line 1908, in raise_routing_exception
    raise request.routing_exception
  File "/Library/Frameworks/Python.framework/Versions/3.8/lib/python3.8/site-packages/flask/ctx.py", line 350, in match_request
    result = self.url_adapter.match(return_rule=True)
  File "/Library/Frameworks/Python.framework/Versions/3.8/lib/python3.8/site-packages/werkzeug/routing.py", line 1945, in match
    raise NotFound()
werkzeug.exceptions.NotFound: 404 Not Found: The requested URL was not found on the server. If you entered the URL manually please check your spelling and try again.

During handling of the above exception, another exception occurred:

Traceback (most recent call last):
  File "/Library/Frameworks/Python.framework/Versions/3.8/lib/python3.8/site-packages/flask/app.py", line 2447, in wsgi_app
    response = self.full_dispatch_request()
  File "/Library/Frameworks/Python.framework/Versions/3.8/lib/python3.8/site-packages/flask/app.py", line 1952, in full_dispatch_request
    rv = self.handle_user_exception(e)
  File "/Library/Frameworks/Python.framework/Versions/3.8/lib/python3.8/site-packages/flask/app.py", line 1816, in handle_user_exception
    return self.handle_http_exception(e)
  File "/Library/Frameworks/Python.framework/Versions/3.8/lib/python3.8/site-packages/flask/app.py", line 1744, in handle_http_exception
    return handler(e)
  File "/Users/katiesarnecky/Documents/GitHub/CMPT-120L-910-20F/SemesterProject/app.py", line 32, in page_not_found
    return render_template('four_oh_four.html'), 404
  File "/Library/Frameworks/Python.framework/Versions/3.8/lib/python3.8/site-packages/flask/templating.py", line 137, in render_template
    return _render(
  File "/Library/Frameworks/Python.framework/Versions/3.8/lib/python3.8/site-packages/flask/templating.py", line 120, in _render
    rv = template.render(context)
  File "/Library/Frameworks/Python.framework/Versions/3.8/lib/python3.8/site-packages/jinja2/environment.py", line 1090, in render
    self.environment.handle_exception()
  File "/Library/Frameworks/Python.framework/Versions/3.8/lib/python3.8/site-packages/jinja2/environment.py", line 832, in handle_exception
    reraise(*rewrite_traceback_stack(source=source))
  File "/Library/Frameworks/Python.framework/Versions/3.8/lib/python3.8/site-packages/jinja2/_compat.py", line 28, in reraise
    raise value.with_traceback(tb)
  File "/Users/katiesarnecky/Documents/GitHub/CMPT-120L-910-20F/SemesterProject/templates/four_oh_four.html", line 1, in top-level template code
    {% include 'header.html' %}
  File "/Library/Frameworks/Python.framework/Versions/3.8/lib/python3.8/site-packages/flask/templating.py", line 60, in get_source
    return self._get_source_fast(environment, template)
  File "/Library/Frameworks/Python.framework/Versions/3.8/lib/python3.8/site-packages/flask/templating.py", line 89, in _get_source_fast
    raise TemplateNotFound(template)
jinja2.exceptions.TemplateNotFound: header.html
INFO:werkzeug:127.0.0.1 - - [03/Dec/2020 13:36:58] "[35m[1mGET /favicon.ico HTTP/1.1[0m" 500 -
INFO:root:Welcome to the Home Page!
INFO:werkzeug:127.0.0.1 - - [03/Dec/2020 13:37:05] "[37mGET /home/ HTTP/1.1[0m" 200 -
WARNING:app:Switching to the 404 Page
ERROR:app:Exception on /hello/ [GET]
Traceback (most recent call last):
  File "/Library/Frameworks/Python.framework/Versions/3.8/lib/python3.8/site-packages/flask/app.py", line 1950, in full_dispatch_request
    rv = self.dispatch_request()
  File "/Library/Frameworks/Python.framework/Versions/3.8/lib/python3.8/site-packages/flask/app.py", line 1926, in dispatch_request
    self.raise_routing_exception(req)
  File "/Library/Frameworks/Python.framework/Versions/3.8/lib/python3.8/site-packages/flask/app.py", line 1908, in raise_routing_exception
    raise request.routing_exception
  File "/Library/Frameworks/Python.framework/Versions/3.8/lib/python3.8/site-packages/flask/ctx.py", line 350, in match_request
    result = self.url_adapter.match(return_rule=True)
  File "/Library/Frameworks/Python.framework/Versions/3.8/lib/python3.8/site-packages/werkzeug/routing.py", line 1945, in match
    raise NotFound()
werkzeug.exceptions.NotFound: 404 Not Found: The requested URL was not found on the server. If you entered the URL manually please check your spelling and try again.

During handling of the above exception, another exception occurred:

Traceback (most recent call last):
  File "/Library/Frameworks/Python.framework/Versions/3.8/lib/python3.8/site-packages/flask/app.py", line 2447, in wsgi_app
    response = self.full_dispatch_request()
  File "/Library/Frameworks/Python.framework/Versions/3.8/lib/python3.8/site-packages/flask/app.py", line 1952, in full_dispatch_request
    rv = self.handle_user_exception(e)
  File "/Library/Frameworks/Python.framework/Versions/3.8/lib/python3.8/site-packages/flask/app.py", line 1816, in handle_user_exception
    return self.handle_http_exception(e)
  File "/Library/Frameworks/Python.framework/Versions/3.8/lib/python3.8/site-packages/flask/app.py", line 1744, in handle_http_exception
    return handler(e)
  File "/Users/katiesarnecky/Documents/GitHub/CMPT-120L-910-20F/SemesterProject/app.py", line 32, in page_not_found
    return render_template('four_oh_four.html'), 404
  File "/Library/Frameworks/Python.framework/Versions/3.8/lib/python3.8/site-packages/flask/templating.py", line 137, in render_template
    return _render(
  File "/Library/Frameworks/Python.framework/Versions/3.8/lib/python3.8/site-packages/flask/templating.py", line 120, in _render
    rv = template.render(context)
  File "/Library/Frameworks/Python.framework/Versions/3.8/lib/python3.8/site-packages/jinja2/environment.py", line 1090, in render
    self.environment.handle_exception()
  File "/Library/Frameworks/Python.framework/Versions/3.8/lib/python3.8/site-packages/jinja2/environment.py", line 832, in handle_exception
    reraise(*rewrite_traceback_stack(source=source))
  File "/Library/Frameworks/Python.framework/Versions/3.8/lib/python3.8/site-packages/jinja2/_compat.py", line 28, in reraise
    raise value.with_traceback(tb)
  File "/Users/katiesarnecky/Documents/GitHub/CMPT-120L-910-20F/SemesterProject/templates/four_oh_four.html", line 1, in top-level template code
    {% include 'header.html' %}
  File "/Library/Frameworks/Python.framework/Versions/3.8/lib/python3.8/site-packages/flask/templating.py", line 60, in get_source
    return self._get_source_fast(environment, template)
  File "/Library/Frameworks/Python.framework/Versions/3.8/lib/python3.8/site-packages/flask/templating.py", line 89, in _get_source_fast
    raise TemplateNotFound(template)
jinja2.exceptions.TemplateNotFound: header.html
INFO:werkzeug:127.0.0.1 - - [03/Dec/2020 13:37:05] "[35m[1mGET /hello/ HTTP/1.1[0m" 500 -
INFO:app:Switching to the Index Page
INFO:werkzeug:127.0.0.1 - - [03/Dec/2020 13:37:06] "[37mGET / HTTP/1.1[0m" 200 -
INFO:werkzeug:127.0.0.1 - - [03/Dec/2020 13:37:08] "[32mGET /about HTTP/1.1[0m" 308 -
INFO:root:Going to the About Page!
INFO:werkzeug:127.0.0.1 - - [03/Dec/2020 13:37:08] "[37mGET /about/ HTTP/1.1[0m" 200 -
WARNING:app:Switching to the 404 Page
ERROR:app:Exception on /favicon.ico [GET]
Traceback (most recent call last):
  File "/Library/Frameworks/Python.framework/Versions/3.8/lib/python3.8/site-packages/flask/app.py", line 1950, in full_dispatch_request
    rv = self.dispatch_request()
  File "/Library/Frameworks/Python.framework/Versions/3.8/lib/python3.8/site-packages/flask/app.py", line 1926, in dispatch_request
    self.raise_routing_exception(req)
  File "/Library/Frameworks/Python.framework/Versions/3.8/lib/python3.8/site-packages/flask/app.py", line 1908, in raise_routing_exception
    raise request.routing_exception
  File "/Library/Frameworks/Python.framework/Versions/3.8/lib/python3.8/site-packages/flask/ctx.py", line 350, in match_request
    result = self.url_adapter.match(return_rule=True)
  File "/Library/Frameworks/Python.framework/Versions/3.8/lib/python3.8/site-packages/werkzeug/routing.py", line 1945, in match
    raise NotFound()
werkzeug.exceptions.NotFound: 404 Not Found: The requested URL was not found on the server. If you entered the URL manually please check your spelling and try again.

During handling of the above exception, another exception occurred:

Traceback (most recent call last):
  File "/Library/Frameworks/Python.framework/Versions/3.8/lib/python3.8/site-packages/flask/app.py", line 2447, in wsgi_app
    response = self.full_dispatch_request()
  File "/Library/Frameworks/Python.framework/Versions/3.8/lib/python3.8/site-packages/flask/app.py", line 1952, in full_dispatch_request
    rv = self.handle_user_exception(e)
  File "/Library/Frameworks/Python.framework/Versions/3.8/lib/python3.8/site-packages/flask/app.py", line 1816, in handle_user_exception
    return self.handle_http_exception(e)
  File "/Library/Frameworks/Python.framework/Versions/3.8/lib/python3.8/site-packages/flask/app.py", line 1744, in handle_http_exception
    return handler(e)
  File "/Users/katiesarnecky/Documents/GitHub/CMPT-120L-910-20F/SemesterProject/app.py", line 32, in page_not_found
    return render_template('four_oh_four.html'), 404
  File "/Library/Frameworks/Python.framework/Versions/3.8/lib/python3.8/site-packages/flask/templating.py", line 137, in render_template
    return _render(
  File "/Library/Frameworks/Python.framework/Versions/3.8/lib/python3.8/site-packages/flask/templating.py", line 120, in _render
    rv = template.render(context)
  File "/Library/Frameworks/Python.framework/Versions/3.8/lib/python3.8/site-packages/jinja2/environment.py", line 1090, in render
    self.environment.handle_exception()
  File "/Library/Frameworks/Python.framework/Versions/3.8/lib/python3.8/site-packages/jinja2/environment.py", line 832, in handle_exception
    reraise(*rewrite_traceback_stack(source=source))
  File "/Library/Frameworks/Python.framework/Versions/3.8/lib/python3.8/site-packages/jinja2/_compat.py", line 28, in reraise
    raise value.with_traceback(tb)
  File "/Users/katiesarnecky/Documents/GitHub/CMPT-120L-910-20F/SemesterProject/templates/four_oh_four.html", line 1, in top-level template code
    {% include 'header.html' %}
  File "/Library/Frameworks/Python.framework/Versions/3.8/lib/python3.8/site-packages/flask/templating.py", line 60, in get_source
    return self._get_source_fast(environment, template)
  File "/Library/Frameworks/Python.framework/Versions/3.8/lib/python3.8/site-packages/flask/templating.py", line 89, in _get_source_fast
    raise TemplateNotFound(template)
jinja2.exceptions.TemplateNotFound: header.html
INFO:werkzeug:127.0.0.1 - - [03/Dec/2020 13:37:08] "[35m[1mGET /favicon.ico HTTP/1.1[0m" 500 -
INFO:root:Going to the About Page!
INFO:werkzeug:127.0.0.1 - - [03/Dec/2020 13:37:13] "[37mGET /about/ HTTP/1.1[0m" 200 -
INFO:app:Switching to the Index Page
INFO:werkzeug:127.0.0.1 - - [03/Dec/2020 13:37:14] "[37mGET / HTTP/1.1[0m" 200 -
INFO:app:Switching to the 404 Page, This is a test page so we don't need to error here.
ERROR:app:Exception on /404 [GET]
Traceback (most recent call last):
  File "/Library/Frameworks/Python.framework/Versions/3.8/lib/python3.8/site-packages/flask/app.py", line 2447, in wsgi_app
    response = self.full_dispatch_request()
  File "/Library/Frameworks/Python.framework/Versions/3.8/lib/python3.8/site-packages/flask/app.py", line 1952, in full_dispatch_request
    rv = self.handle_user_exception(e)
  File "/Library/Frameworks/Python.framework/Versions/3.8/lib/python3.8/site-packages/flask/app.py", line 1821, in handle_user_exception
    reraise(exc_type, exc_value, tb)
  File "/Library/Frameworks/Python.framework/Versions/3.8/lib/python3.8/site-packages/flask/_compat.py", line 39, in reraise
    raise value
  File "/Library/Frameworks/Python.framework/Versions/3.8/lib/python3.8/site-packages/flask/app.py", line 1950, in full_dispatch_request
    rv = self.dispatch_request()
  File "/Library/Frameworks/Python.framework/Versions/3.8/lib/python3.8/site-packages/flask/app.py", line 1936, in dispatch_request
    return self.view_functions[rule.endpoint](**req.view_args)
  File "/Users/katiesarnecky/Documents/GitHub/CMPT-120L-910-20F/SemesterProject/app.py", line 27, in four_oh_four
    return render_template('four_oh_four.html')
  File "/Library/Frameworks/Python.framework/Versions/3.8/lib/python3.8/site-packages/flask/templating.py", line 137, in render_template
    return _render(
  File "/Library/Frameworks/Python.framework/Versions/3.8/lib/python3.8/site-packages/flask/templating.py", line 120, in _render
    rv = template.render(context)
  File "/Library/Frameworks/Python.framework/Versions/3.8/lib/python3.8/site-packages/jinja2/environment.py", line 1090, in render
    self.environment.handle_exception()
  File "/Library/Frameworks/Python.framework/Versions/3.8/lib/python3.8/site-packages/jinja2/environment.py", line 832, in handle_exception
    reraise(*rewrite_traceback_stack(source=source))
  File "/Library/Frameworks/Python.framework/Versions/3.8/lib/python3.8/site-packages/jinja2/_compat.py", line 28, in reraise
    raise value.with_traceback(tb)
  File "/Users/katiesarnecky/Documents/GitHub/CMPT-120L-910-20F/SemesterProject/templates/four_oh_four.html", line 1, in top-level template code
    {% include 'header.html' %}
  File "/Library/Frameworks/Python.framework/Versions/3.8/lib/python3.8/site-packages/flask/templating.py", line 60, in get_source
    return self._get_source_fast(environment, template)
  File "/Library/Frameworks/Python.framework/Versions/3.8/lib/python3.8/site-packages/flask/templating.py", line 89, in _get_source_fast
    raise TemplateNotFound(template)
jinja2.exceptions.TemplateNotFound: header.html
INFO:werkzeug:127.0.0.1 - - [03/Dec/2020 13:37:18] "[35m[1mGET /404 HTTP/1.1[0m" 500 -
WARNING:app:Switching to the 404 Page
ERROR:app:Exception on /favicon.ico [GET]
Traceback (most recent call last):
  File "/Library/Frameworks/Python.framework/Versions/3.8/lib/python3.8/site-packages/flask/app.py", line 1950, in full_dispatch_request
    rv = self.dispatch_request()
  File "/Library/Frameworks/Python.framework/Versions/3.8/lib/python3.8/site-packages/flask/app.py", line 1926, in dispatch_request
    self.raise_routing_exception(req)
  File "/Library/Frameworks/Python.framework/Versions/3.8/lib/python3.8/site-packages/flask/app.py", line 1908, in raise_routing_exception
    raise request.routing_exception
  File "/Library/Frameworks/Python.framework/Versions/3.8/lib/python3.8/site-packages/flask/ctx.py", line 350, in match_request
    result = self.url_adapter.match(return_rule=True)
  File "/Library/Frameworks/Python.framework/Versions/3.8/lib/python3.8/site-packages/werkzeug/routing.py", line 1945, in match
    raise NotFound()
werkzeug.exceptions.NotFound: 404 Not Found: The requested URL was not found on the server. If you entered the URL manually please check your spelling and try again.

During handling of the above exception, another exception occurred:

Traceback (most recent call last):
  File "/Library/Frameworks/Python.framework/Versions/3.8/lib/python3.8/site-packages/flask/app.py", line 2447, in wsgi_app
    response = self.full_dispatch_request()
  File "/Library/Frameworks/Python.framework/Versions/3.8/lib/python3.8/site-packages/flask/app.py", line 1952, in full_dispatch_request
    rv = self.handle_user_exception(e)
  File "/Library/Frameworks/Python.framework/Versions/3.8/lib/python3.8/site-packages/flask/app.py", line 1816, in handle_user_exception
    return self.handle_http_exception(e)
  File "/Library/Frameworks/Python.framework/Versions/3.8/lib/python3.8/site-packages/flask/app.py", line 1744, in handle_http_exception
    return handler(e)
  File "/Users/katiesarnecky/Documents/GitHub/CMPT-120L-910-20F/SemesterProject/app.py", line 32, in page_not_found
    return render_template('four_oh_four.html'), 404
  File "/Library/Frameworks/Python.framework/Versions/3.8/lib/python3.8/site-packages/flask/templating.py", line 137, in render_template
    return _render(
  File "/Library/Frameworks/Python.framework/Versions/3.8/lib/python3.8/site-packages/flask/templating.py", line 120, in _render
    rv = template.render(context)
  File "/Library/Frameworks/Python.framework/Versions/3.8/lib/python3.8/site-packages/jinja2/environment.py", line 1090, in render
    self.environment.handle_exception()
  File "/Library/Frameworks/Python.framework/Versions/3.8/lib/python3.8/site-packages/jinja2/environment.py", line 832, in handle_exception
    reraise(*rewrite_traceback_stack(source=source))
  File "/Library/Frameworks/Python.framework/Versions/3.8/lib/python3.8/site-packages/jinja2/_compat.py", line 28, in reraise
    raise value.with_traceback(tb)
  File "/Users/katiesarnecky/Documents/GitHub/CMPT-120L-910-20F/SemesterProject/templates/four_oh_four.html", line 1, in top-level template code
    {% include 'header.html' %}
  File "/Library/Frameworks/Python.framework/Versions/3.8/lib/python3.8/site-packages/flask/templating.py", line 60, in get_source
    return self._get_source_fast(environment, template)
  File "/Library/Frameworks/Python.framework/Versions/3.8/lib/python3.8/site-packages/flask/templating.py", line 89, in _get_source_fast
    raise TemplateNotFound(template)
jinja2.exceptions.TemplateNotFound: header.html
INFO:werkzeug:127.0.0.1 - - [03/Dec/2020 13:37:18] "[35m[1mGET /favicon.ico HTTP/1.1[0m" 500 -
WARNING:app:Switching to the 404 Page
ERROR:app:Exception on /404/ [GET]
Traceback (most recent call last):
  File "/Library/Frameworks/Python.framework/Versions/3.8/lib/python3.8/site-packages/flask/app.py", line 1950, in full_dispatch_request
    rv = self.dispatch_request()
  File "/Library/Frameworks/Python.framework/Versions/3.8/lib/python3.8/site-packages/flask/app.py", line 1926, in dispatch_request
    self.raise_routing_exception(req)
  File "/Library/Frameworks/Python.framework/Versions/3.8/lib/python3.8/site-packages/flask/app.py", line 1908, in raise_routing_exception
    raise request.routing_exception
  File "/Library/Frameworks/Python.framework/Versions/3.8/lib/python3.8/site-packages/flask/ctx.py", line 350, in match_request
    result = self.url_adapter.match(return_rule=True)
  File "/Library/Frameworks/Python.framework/Versions/3.8/lib/python3.8/site-packages/werkzeug/routing.py", line 1945, in match
    raise NotFound()
werkzeug.exceptions.NotFound: 404 Not Found: The requested URL was not found on the server. If you entered the URL manually please check your spelling and try again.

During handling of the above exception, another exception occurred:

Traceback (most recent call last):
  File "/Library/Frameworks/Python.framework/Versions/3.8/lib/python3.8/site-packages/flask/app.py", line 2447, in wsgi_app
    response = self.full_dispatch_request()
  File "/Library/Frameworks/Python.framework/Versions/3.8/lib/python3.8/site-packages/flask/app.py", line 1952, in full_dispatch_request
    rv = self.handle_user_exception(e)
  File "/Library/Frameworks/Python.framework/Versions/3.8/lib/python3.8/site-packages/flask/app.py", line 1816, in handle_user_exception
    return self.handle_http_exception(e)
  File "/Library/Frameworks/Python.framework/Versions/3.8/lib/python3.8/site-packages/flask/app.py", line 1744, in handle_http_exception
    return handler(e)
  File "/Users/katiesarnecky/Documents/GitHub/CMPT-120L-910-20F/SemesterProject/app.py", line 32, in page_not_found
    return render_template('four_oh_four.html'), 404
  File "/Library/Frameworks/Python.framework/Versions/3.8/lib/python3.8/site-packages/flask/templating.py", line 137, in render_template
    return _render(
  File "/Library/Frameworks/Python.framework/Versions/3.8/lib/python3.8/site-packages/flask/templating.py", line 120, in _render
    rv = template.render(context)
  File "/Library/Frameworks/Python.framework/Versions/3.8/lib/python3.8/site-packages/jinja2/environment.py", line 1090, in render
    self.environment.handle_exception()
  File "/Library/Frameworks/Python.framework/Versions/3.8/lib/python3.8/site-packages/jinja2/environment.py", line 832, in handle_exception
    reraise(*rewrite_traceback_stack(source=source))
  File "/Library/Frameworks/Python.framework/Versions/3.8/lib/python3.8/site-packages/jinja2/_compat.py", line 28, in reraise
    raise value.with_traceback(tb)
  File "/Users/katiesarnecky/Documents/GitHub/CMPT-120L-910-20F/SemesterProject/templates/four_oh_four.html", line 1, in top-level template code
    {% include 'header.html' %}
  File "/Library/Frameworks/Python.framework/Versions/3.8/lib/python3.8/site-packages/flask/templating.py", line 60, in get_source
    return self._get_source_fast(environment, template)
  File "/Library/Frameworks/Python.framework/Versions/3.8/lib/python3.8/site-packages/flask/templating.py", line 89, in _get_source_fast
    raise TemplateNotFound(template)
jinja2.exceptions.TemplateNotFound: header.html
INFO:werkzeug:127.0.0.1 - - [03/Dec/2020 13:37:30] "[35m[1mGET /404/ HTTP/1.1[0m" 500 -
INFO:werkzeug: * Running on http://127.0.0.1:5000/ (Press CTRL+C to quit)
INFO:app:Switching to the Index Page
INFO:werkzeug:127.0.0.1 - - [03/Dec/2020 13:39:29] "[37mGET / HTTP/1.1[0m" 200 -
INFO:app:Switching to the Index Page
INFO:werkzeug:127.0.0.1 - - [03/Dec/2020 13:39:36] "[37mGET / HTTP/1.1[0m" 200 -
INFO:werkzeug:127.0.0.1 - - [03/Dec/2020 13:39:36] "[32mGET /404 HTTP/1.1[0m" 308 -
INFO:app:Switching to the 404 Page, This is a test page so we don't need to error here.
ERROR:app:Exception on /404/ [GET]
Traceback (most recent call last):
  File "/Library/Frameworks/Python.framework/Versions/3.8/lib/python3.8/site-packages/flask/app.py", line 2447, in wsgi_app
    response = self.full_dispatch_request()
  File "/Library/Frameworks/Python.framework/Versions/3.8/lib/python3.8/site-packages/flask/app.py", line 1952, in full_dispatch_request
    rv = self.handle_user_exception(e)
  File "/Library/Frameworks/Python.framework/Versions/3.8/lib/python3.8/site-packages/flask/app.py", line 1821, in handle_user_exception
    reraise(exc_type, exc_value, tb)
  File "/Library/Frameworks/Python.framework/Versions/3.8/lib/python3.8/site-packages/flask/_compat.py", line 39, in reraise
    raise value
  File "/Library/Frameworks/Python.framework/Versions/3.8/lib/python3.8/site-packages/flask/app.py", line 1950, in full_dispatch_request
    rv = self.dispatch_request()
  File "/Library/Frameworks/Python.framework/Versions/3.8/lib/python3.8/site-packages/flask/app.py", line 1936, in dispatch_request
    return self.view_functions[rule.endpoint](**req.view_args)
  File "/Users/katiesarnecky/Documents/GitHub/CMPT-120L-910-20F/SemesterProject/app.py", line 27, in four_oh_four
    return render_template('four_oh_four.html')
  File "/Library/Frameworks/Python.framework/Versions/3.8/lib/python3.8/site-packages/flask/templating.py", line 137, in render_template
    return _render(
  File "/Library/Frameworks/Python.framework/Versions/3.8/lib/python3.8/site-packages/flask/templating.py", line 120, in _render
    rv = template.render(context)
  File "/Library/Frameworks/Python.framework/Versions/3.8/lib/python3.8/site-packages/jinja2/environment.py", line 1090, in render
    self.environment.handle_exception()
  File "/Library/Frameworks/Python.framework/Versions/3.8/lib/python3.8/site-packages/jinja2/environment.py", line 832, in handle_exception
    reraise(*rewrite_traceback_stack(source=source))
  File "/Library/Frameworks/Python.framework/Versions/3.8/lib/python3.8/site-packages/jinja2/_compat.py", line 28, in reraise
    raise value.with_traceback(tb)
  File "/Users/katiesarnecky/Documents/GitHub/CMPT-120L-910-20F/SemesterProject/templates/four_oh_four.html", line 1, in top-level template code
    {% include 'header.html' %}
  File "/Library/Frameworks/Python.framework/Versions/3.8/lib/python3.8/site-packages/flask/templating.py", line 60, in get_source
    return self._get_source_fast(environment, template)
  File "/Library/Frameworks/Python.framework/Versions/3.8/lib/python3.8/site-packages/flask/templating.py", line 89, in _get_source_fast
    raise TemplateNotFound(template)
jinja2.exceptions.TemplateNotFound: header.html
INFO:werkzeug:127.0.0.1 - - [03/Dec/2020 13:39:36] "[35m[1mGET /404/ HTTP/1.1[0m" 500 -
INFO:app:Switching to the 404 Page, This is a test page so we don't need to error here.
ERROR:app:Exception on /404/ [GET]
Traceback (most recent call last):
  File "/Library/Frameworks/Python.framework/Versions/3.8/lib/python3.8/site-packages/flask/app.py", line 2447, in wsgi_app
    response = self.full_dispatch_request()
  File "/Library/Frameworks/Python.framework/Versions/3.8/lib/python3.8/site-packages/flask/app.py", line 1952, in full_dispatch_request
    rv = self.handle_user_exception(e)
  File "/Library/Frameworks/Python.framework/Versions/3.8/lib/python3.8/site-packages/flask/app.py", line 1821, in handle_user_exception
    reraise(exc_type, exc_value, tb)
  File "/Library/Frameworks/Python.framework/Versions/3.8/lib/python3.8/site-packages/flask/_compat.py", line 39, in reraise
    raise value
  File "/Library/Frameworks/Python.framework/Versions/3.8/lib/python3.8/site-packages/flask/app.py", line 1950, in full_dispatch_request
    rv = self.dispatch_request()
  File "/Library/Frameworks/Python.framework/Versions/3.8/lib/python3.8/site-packages/flask/app.py", line 1936, in dispatch_request
    return self.view_functions[rule.endpoint](**req.view_args)
  File "/Users/katiesarnecky/Documents/GitHub/CMPT-120L-910-20F/SemesterProject/app.py", line 27, in four_oh_four
    return render_template('four_oh_four.html')
  File "/Library/Frameworks/Python.framework/Versions/3.8/lib/python3.8/site-packages/flask/templating.py", line 137, in render_template
    return _render(
  File "/Library/Frameworks/Python.framework/Versions/3.8/lib/python3.8/site-packages/flask/templating.py", line 120, in _render
    rv = template.render(context)
  File "/Library/Frameworks/Python.framework/Versions/3.8/lib/python3.8/site-packages/jinja2/environment.py", line 1090, in render
    self.environment.handle_exception()
  File "/Library/Frameworks/Python.framework/Versions/3.8/lib/python3.8/site-packages/jinja2/environment.py", line 832, in handle_exception
    reraise(*rewrite_traceback_stack(source=source))
  File "/Library/Frameworks/Python.framework/Versions/3.8/lib/python3.8/site-packages/jinja2/_compat.py", line 28, in reraise
    raise value.with_traceback(tb)
  File "/Users/katiesarnecky/Documents/GitHub/CMPT-120L-910-20F/SemesterProject/templates/four_oh_four.html", line 1, in top-level template code
    {% include 'header.html' %}
  File "/Library/Frameworks/Python.framework/Versions/3.8/lib/python3.8/site-packages/flask/templating.py", line 60, in get_source
    return self._get_source_fast(environment, template)
  File "/Library/Frameworks/Python.framework/Versions/3.8/lib/python3.8/site-packages/flask/templating.py", line 89, in _get_source_fast
    raise TemplateNotFound(template)
jinja2.exceptions.TemplateNotFound: header.html
INFO:werkzeug:127.0.0.1 - - [03/Dec/2020 13:39:38] "[35m[1mGET /404/ HTTP/1.1[0m" 500 -
INFO:app:Switching to the 404 Page, This is a test page so we don't need to error here.
ERROR:app:Exception on /404/ [GET]
Traceback (most recent call last):
  File "/Library/Frameworks/Python.framework/Versions/3.8/lib/python3.8/site-packages/flask/app.py", line 2447, in wsgi_app
    response = self.full_dispatch_request()
  File "/Library/Frameworks/Python.framework/Versions/3.8/lib/python3.8/site-packages/flask/app.py", line 1952, in full_dispatch_request
    rv = self.handle_user_exception(e)
  File "/Library/Frameworks/Python.framework/Versions/3.8/lib/python3.8/site-packages/flask/app.py", line 1821, in handle_user_exception
    reraise(exc_type, exc_value, tb)
  File "/Library/Frameworks/Python.framework/Versions/3.8/lib/python3.8/site-packages/flask/_compat.py", line 39, in reraise
    raise value
  File "/Library/Frameworks/Python.framework/Versions/3.8/lib/python3.8/site-packages/flask/app.py", line 1950, in full_dispatch_request
    rv = self.dispatch_request()
  File "/Library/Frameworks/Python.framework/Versions/3.8/lib/python3.8/site-packages/flask/app.py", line 1936, in dispatch_request
    return self.view_functions[rule.endpoint](**req.view_args)
  File "/Users/katiesarnecky/Documents/GitHub/CMPT-120L-910-20F/SemesterProject/app.py", line 27, in four_oh_four
    return render_template('four_oh_four.html')
  File "/Library/Frameworks/Python.framework/Versions/3.8/lib/python3.8/site-packages/flask/templating.py", line 137, in render_template
    return _render(
  File "/Library/Frameworks/Python.framework/Versions/3.8/lib/python3.8/site-packages/flask/templating.py", line 120, in _render
    rv = template.render(context)
  File "/Library/Frameworks/Python.framework/Versions/3.8/lib/python3.8/site-packages/jinja2/environment.py", line 1090, in render
    self.environment.handle_exception()
  File "/Library/Frameworks/Python.framework/Versions/3.8/lib/python3.8/site-packages/jinja2/environment.py", line 832, in handle_exception
    reraise(*rewrite_traceback_stack(source=source))
  File "/Library/Frameworks/Python.framework/Versions/3.8/lib/python3.8/site-packages/jinja2/_compat.py", line 28, in reraise
    raise value.with_traceback(tb)
  File "/Users/katiesarnecky/Documents/GitHub/CMPT-120L-910-20F/SemesterProject/templates/four_oh_four.html", line 1, in top-level template code
    {% include 'header.html' %}
  File "/Library/Frameworks/Python.framework/Versions/3.8/lib/python3.8/site-packages/flask/templating.py", line 60, in get_source
    return self._get_source_fast(environment, template)
  File "/Library/Frameworks/Python.framework/Versions/3.8/lib/python3.8/site-packages/flask/templating.py", line 89, in _get_source_fast
    raise TemplateNotFound(template)
jinja2.exceptions.TemplateNotFound: header.html
INFO:werkzeug:127.0.0.1 - - [03/Dec/2020 13:39:38] "[35m[1mGET /404/ HTTP/1.1[0m" 500 -
INFO:werkzeug: * Running on http://127.0.0.1:5000/ (Press CTRL+C to quit)
INFO:app:Switching to the Index Page
INFO:werkzeug:127.0.0.1 - - [03/Dec/2020 13:41:48] "[37mGET / HTTP/1.1[0m" 200 -
INFO:app:Switching to the Index Page
INFO:werkzeug:127.0.0.1 - - [03/Dec/2020 13:41:52] "[37mGET / HTTP/1.1[0m" 200 -
INFO:werkzeug:127.0.0.1 - - [03/Dec/2020 13:41:53] "[32mGET /404 HTTP/1.1[0m" 308 -
INFO:app:Switching to the 404 Page, This is a test page so we don't need to error here.
INFO:werkzeug:127.0.0.1 - - [03/Dec/2020 13:41:53] "[37mGET /404/ HTTP/1.1[0m" 200 -
INFO:app:Switching to the 404 Page, This is a test page so we don't need to error here.
INFO:werkzeug:127.0.0.1 - - [03/Dec/2020 13:41:54] "[37mGET /404/ HTTP/1.1[0m" 200 -
INFO:app:Switching to the 404 Page, This is a test page so we don't need to error here.
INFO:werkzeug:127.0.0.1 - - [03/Dec/2020 13:41:54] "[37mGET /404/ HTTP/1.1[0m" 200 -
INFO:app:Switching to the Index Page
INFO:werkzeug:127.0.0.1 - - [03/Dec/2020 13:42:02] "[37mGET / HTTP/1.1[0m" 200 -
INFO:werkzeug: * Running on http://127.0.0.1:5000/ (Press CTRL+C to quit)
INFO:werkzeug: * Running on http://127.0.0.1:5000/ (Press CTRL+C to quit)
INFO:werkzeug: * Running on http://127.0.0.1:5000/ (Press CTRL+C to quit)
INFO:werkzeug: * Running on http://127.0.0.1:5000/ (Press CTRL+C to quit)
INFO:werkzeug: * Running on http://127.0.0.1:5000/ (Press CTRL+C to quit)
INFO:app:Switching to the Index Page
INFO:werkzeug:127.0.0.1 - - [03/Dec/2020 13:48:53] "[37mGET / HTTP/1.1[0m" 200 -
INFO:app:Switching to the Index Page
INFO:werkzeug:127.0.0.1 - - [03/Dec/2020 13:49:02] "[37mGET / HTTP/1.1[0m" 200 -
INFO:werkzeug:127.0.0.1 - - [03/Dec/2020 13:49:03] "[32mGET /404 HTTP/1.1[0m" 308 -
INFO:app:Switching to the 404 Page, This is a test page so we don't need to error here.
INFO:werkzeug:127.0.0.1 - - [03/Dec/2020 13:49:03] "[37mGET /404/ HTTP/1.1[0m" 200 -
INFO:app:Switching to the 404 Page, This is a test page so we don't need to error here.
INFO:werkzeug:127.0.0.1 - - [03/Dec/2020 13:49:04] "[37mGET /404/ HTTP/1.1[0m" 200 -
INFO:app:Switching to the 404 Page, This is a test page so we don't need to error here.
INFO:werkzeug:127.0.0.1 - - [03/Dec/2020 13:49:04] "[37mGET /404/ HTTP/1.1[0m" 200 -
INFO:werkzeug: * Running on http://127.0.0.1:5000/ (Press CTRL+C to quit)
INFO:app:Switching to the Index Page
INFO:werkzeug:127.0.0.1 - - [03/Dec/2020 13:53:08] "[37mGET / HTTP/1.1[0m" 200 -
INFO:werkzeug: * Running on http://127.0.0.1:5000/ (Press CTRL+C to quit)
INFO:app:Switching to the Index Page
INFO:werkzeug:127.0.0.1 - - [03/Dec/2020 13:53:35] "[37mGET / HTTP/1.1[0m" 200 -
INFO:werkzeug: * Running on http://127.0.0.1:5000/ (Press CTRL+C to quit)
INFO:app:Switching to the Index Page
INFO:werkzeug:127.0.0.1 - - [03/Dec/2020 13:54:32] "[37mGET / HTTP/1.1[0m" 200 -
INFO:werkzeug: * Running on http://127.0.0.1:5000/ (Press CTRL+C to quit)
INFO:app:Switching to the Index Page
INFO:werkzeug:127.0.0.1 - - [03/Dec/2020 13:55:46] "[37mGET / HTTP/1.1[0m" 200 -
INFO:app:Switching to the Index Page
INFO:werkzeug:127.0.0.1 - - [03/Dec/2020 13:55:52] "[37mGET / HTTP/1.1[0m" 200 -
INFO:root:Welcome to the Home Page!
INFO:werkzeug:127.0.0.1 - - [03/Dec/2020 13:55:53] "[37mGET /home/ HTTP/1.1[0m" 200 -
INFO:root:Welcome to the Home Page!
INFO:werkzeug:127.0.0.1 - - [03/Dec/2020 13:55:54] "[37mGET /home/ HTTP/1.1[0m" 200 -
INFO:werkzeug:127.0.0.1 - - [03/Dec/2020 13:56:00] "[32mGET /about HTTP/1.1[0m" 308 -
INFO:root:Going to the About Page!
INFO:werkzeug:127.0.0.1 - - [03/Dec/2020 13:56:00] "[37mGET /about/ HTTP/1.1[0m" 200 -
INFO:werkzeug:127.0.0.1 - - [03/Dec/2020 13:56:03] "[33mGET /personality HTTP/1.1[0m" 404 -
INFO:werkzeug:127.0.0.1 - - [03/Dec/2020 13:56:04] "[33mGET /favicon.ico HTTP/1.1[0m" 404 -
INFO:werkzeug:127.0.0.1 - - [03/Dec/2020 13:56:06] "[32mGET /404 HTTP/1.1[0m" 308 -
INFO:app:Switching to the 404 Page, This is a test page so we don't need to error here.
INFO:werkzeug:127.0.0.1 - - [03/Dec/2020 13:56:06] "[37mGET /404/ HTTP/1.1[0m" 200 -
INFO:app:Switching to the Index Page
INFO:werkzeug:127.0.0.1 - - [03/Dec/2020 13:56:10] "[37mGET / HTTP/1.1[0m" 200 -
INFO:werkzeug: * Running on http://127.0.0.1:5000/ (Press CTRL+C to quit)
INFO:app:Switching to the Index Page
INFO:werkzeug:127.0.0.1 - - [03/Dec/2020 13:56:58] "[37mGET / HTTP/1.1[0m" 200 -
INFO:app:Switching to the Index Page
INFO:werkzeug:127.0.0.1 - - [03/Dec/2020 13:57:02] "[37mGET / HTTP/1.1[0m" 200 -
INFO:root:Welcome to the Home Page!
INFO:werkzeug:127.0.0.1 - - [03/Dec/2020 13:57:03] "[37mGET /home/ HTTP/1.1[0m" 200 -
INFO:root:Welcome to the Home Page!
INFO:werkzeug:127.0.0.1 - - [03/Dec/2020 13:57:04] "[37mGET /home/ HTTP/1.1[0m" 200 -
INFO:werkzeug: * Running on http://127.0.0.1:5000/ (Press CTRL+C to quit)
INFO:app:Switching to the Index Page
INFO:werkzeug:127.0.0.1 - - [03/Dec/2020 13:58:23] "[37mGET / HTTP/1.1[0m" 200 -
INFO:app:Switching to the Index Page
INFO:werkzeug:127.0.0.1 - - [03/Dec/2020 13:58:29] "[37mGET / HTTP/1.1[0m" 200 -
INFO:root:Welcome to the Home Page!
INFO:werkzeug:127.0.0.1 - - [03/Dec/2020 13:58:29] "[37mGET /home/ HTTP/1.1[0m" 200 -
INFO:root:Welcome to the Home Page!
INFO:werkzeug:127.0.0.1 - - [03/Dec/2020 13:58:30] "[37mGET /home/ HTTP/1.1[0m" 200 -
INFO:app:Switching to the Index Page
INFO:werkzeug:127.0.0.1 - - [03/Dec/2020 13:58:54] "[37mGET / HTTP/1.1[0m" 200 -
INFO:werkzeug: * Running on http://127.0.0.1:5000/ (Press CTRL+C to quit)
INFO:app:Switching to the Index Page
INFO:werkzeug:127.0.0.1 - - [03/Dec/2020 14:00:34] "[37mGET / HTTP/1.1[0m" 200 -
INFO:app:Switching to the Index Page
INFO:werkzeug:127.0.0.1 - - [03/Dec/2020 14:00:41] "[37mGET / HTTP/1.1[0m" 200 -
INFO:werkzeug:127.0.0.1 - - [03/Dec/2020 14:00:41] "[33mGET /hello/ HTTP/1.1[0m" 404 -
INFO:werkzeug:127.0.0.1 - - [03/Dec/2020 14:00:42] "[33mGET /favicon.ico HTTP/1.1[0m" 404 -
INFO:root:Going to the Header Page!
INFO:werkzeug:127.0.0.1 - - [03/Dec/2020 14:00:44] "[37mGET /header/ HTTP/1.1[0m" 200 -
INFO:werkzeug:127.0.0.1 - - [03/Dec/2020 14:00:44] "[33mGET /favicon.ico HTTP/1.1[0m" 404 -
INFO:werkzeug: * Running on http://127.0.0.1:5000/ (Press CTRL+C to quit)
INFO:app:Switching to the Index Page
INFO:werkzeug:127.0.0.1 - - [03/Dec/2020 14:04:01] "[37mGET / HTTP/1.1[0m" 200 -
INFO:app:Switching to the Index Page
INFO:werkzeug:127.0.0.1 - - [03/Dec/2020 14:04:06] "[37mGET / HTTP/1.1[0m" 200 -
INFO:werkzeug:127.0.0.1 - - [03/Dec/2020 14:04:07] "[33mGET /hello/ HTTP/1.1[0m" 404 -
INFO:root:Welcome to the Home Page!
INFO:werkzeug:127.0.0.1 - - [03/Dec/2020 14:04:09] "[37mGET /home/ HTTP/1.1[0m" 200 -
INFO:root:Welcome to the Home Page!
INFO:werkzeug:127.0.0.1 - - [03/Dec/2020 14:04:10] "[37mGET /home/ HTTP/1.1[0m" 200 -
INFO:werkzeug: * Running on http://127.0.0.1:5000/ (Press CTRL+C to quit)
INFO:app:Switching to the Index Page
INFO:werkzeug:127.0.0.1 - - [03/Dec/2020 14:05:21] "[37mGET / HTTP/1.1[0m" 200 -
INFO:app:Switching to the Index Page
INFO:werkzeug:127.0.0.1 - - [03/Dec/2020 14:05:27] "[37mGET / HTTP/1.1[0m" 200 -
INFO:werkzeug:127.0.0.1 - - [03/Dec/2020 14:05:27] "[33mGET /hello/ HTTP/1.1[0m" 404 -
INFO:root:Welcome to the Home Page!
INFO:werkzeug:127.0.0.1 - - [03/Dec/2020 14:05:28] "[37mGET /home/ HTTP/1.1[0m" 200 -
INFO:root:Welcome to the Home Page!
INFO:werkzeug:127.0.0.1 - - [03/Dec/2020 14:05:29] "[37mGET /home/ HTTP/1.1[0m" 200 -
INFO:werkzeug: * Running on http://127.0.0.1:5000/ (Press CTRL+C to quit)
INFO:app:Switching to the Index Page
INFO:werkzeug:127.0.0.1 - - [03/Dec/2020 14:06:38] "[37mGET / HTTP/1.1[0m" 200 -
INFO:app:Switching to the Index Page
INFO:werkzeug:127.0.0.1 - - [03/Dec/2020 14:06:43] "[37mGET / HTTP/1.1[0m" 200 -
INFO:werkzeug:127.0.0.1 - - [03/Dec/2020 14:06:43] "[33mGET /hello/ HTTP/1.1[0m" 404 -
INFO:root:Welcome to the Home Page!
INFO:werkzeug:127.0.0.1 - - [03/Dec/2020 14:06:44] "[37mGET /home/ HTTP/1.1[0m" 200 -
INFO:root:Welcome to the Home Page!
INFO:werkzeug:127.0.0.1 - - [03/Dec/2020 14:06:45] "[37mGET /home/ HTTP/1.1[0m" 200 -
INFO:werkzeug:127.0.0.1 - - [03/Dec/2020 14:07:12] "[32mGET /home HTTP/1.1[0m" 308 -
INFO:root:Welcome to the Home Page!
INFO:werkzeug:127.0.0.1 - - [03/Dec/2020 14:07:12] "[37mGET /home/ HTTP/1.1[0m" 200 -
INFO:werkzeug: * Running on http://127.0.0.1:5000/ (Press CTRL+C to quit)
INFO:app:Switching to the Index Page
INFO:werkzeug:127.0.0.1 - - [03/Dec/2020 14:08:44] "[37mGET / HTTP/1.1[0m" 200 -
INFO:app:Switching to the Index Page
INFO:werkzeug:127.0.0.1 - - [03/Dec/2020 14:08:49] "[37mGET / HTTP/1.1[0m" 200 -
INFO:werkzeug:127.0.0.1 - - [03/Dec/2020 14:08:49] "[33mGET /hello/ HTTP/1.1[0m" 404 -
INFO:root:Welcome to the Home Page!
INFO:werkzeug:127.0.0.1 - - [03/Dec/2020 14:08:51] "[37mGET /home/ HTTP/1.1[0m" 200 -
INFO:root:Welcome to the Home Page!
INFO:werkzeug:127.0.0.1 - - [03/Dec/2020 14:08:52] "[37mGET /home/ HTTP/1.1[0m" 200 -
INFO:werkzeug: * Running on http://127.0.0.1:5000/ (Press CTRL+C to quit)
INFO:app:Switching to the Index Page
INFO:werkzeug:127.0.0.1 - - [03/Dec/2020 14:09:43] "[37mGET / HTTP/1.1[0m" 200 -
INFO:app:Switching to the Index Page
INFO:werkzeug:127.0.0.1 - - [03/Dec/2020 14:09:47] "[37mGET / HTTP/1.1[0m" 200 -
INFO:werkzeug:127.0.0.1 - - [03/Dec/2020 14:09:48] "[33mGET /hello/ HTTP/1.1[0m" 404 -
INFO:root:Welcome to the Home Page!
INFO:werkzeug:127.0.0.1 - - [03/Dec/2020 14:09:48] "[37mGET /home/ HTTP/1.1[0m" 200 -
INFO:root:Welcome to the Home Page!
INFO:werkzeug:127.0.0.1 - - [03/Dec/2020 14:09:49] "[37mGET /home/ HTTP/1.1[0m" 200 -
INFO:werkzeug: * Running on http://127.0.0.1:5000/ (Press CTRL+C to quit)
INFO:app:Switching to the Index Page
INFO:werkzeug:127.0.0.1 - - [03/Dec/2020 14:11:40] "[37mGET / HTTP/1.1[0m" 200 -
INFO:app:Switching to the Index Page
INFO:werkzeug:127.0.0.1 - - [03/Dec/2020 14:11:43] "[37mGET / HTTP/1.1[0m" 200 -
INFO:root:Welcome to the Home Page!
INFO:werkzeug:127.0.0.1 - - [03/Dec/2020 14:11:44] "[37mGET /home/ HTTP/1.1[0m" 200 -
INFO:root:Welcome to the Home Page!
INFO:werkzeug:127.0.0.1 - - [03/Dec/2020 14:11:45] "[37mGET /home/ HTTP/1.1[0m" 200 -
INFO:werkzeug:127.0.0.1 - - [03/Dec/2020 14:11:53] "[33mGET /index HTTP/1.1[0m" 404 -
INFO:werkzeug:127.0.0.1 - - [03/Dec/2020 14:11:53] "[33mGET /favicon.ico HTTP/1.1[0m" 404 -
INFO:werkzeug:127.0.0.1 - - [03/Dec/2020 14:11:57] "[32mGET /about HTTP/1.1[0m" 308 -
INFO:root:Going to the About Page!
INFO:werkzeug:127.0.0.1 - - [03/Dec/2020 14:11:57] "[37mGET /about/ HTTP/1.1[0m" 200 -
INFO:werkzeug:127.0.0.1 - - [03/Dec/2020 14:11:59] "[33mGET /personality HTTP/1.1[0m" 404 -
INFO:werkzeug:127.0.0.1 - - [03/Dec/2020 14:12:01] "[33mGET /index HTTP/1.1[0m" 404 -
INFO:werkzeug: * Running on http://127.0.0.1:5000/ (Press CTRL+C to quit)
INFO:app:Switching to the Index Page
INFO:werkzeug:127.0.0.1 - - [03/Dec/2020 14:13:52] "[37mGET / HTTP/1.1[0m" 200 -
INFO:app:Switching to the Index Page
INFO:werkzeug:127.0.0.1 - - [03/Dec/2020 14:13:57] "[37mGET / HTTP/1.1[0m" 200 -
INFO:root:Welcome to the Home Page!
INFO:werkzeug:127.0.0.1 - - [03/Dec/2020 14:13:58] "[37mGET /home/ HTTP/1.1[0m" 200 -
INFO:root:Welcome to the Home Page!
INFO:werkzeug:127.0.0.1 - - [03/Dec/2020 14:13:59] "[37mGET /home/ HTTP/1.1[0m" 200 -
INFO:werkzeug:127.0.0.1 - - [03/Dec/2020 14:14:00] "[33mGET /index HTTP/1.1[0m" 404 -
INFO:werkzeug: * Running on http://127.0.0.1:5000/ (Press CTRL+C to quit)
INFO:app:Switching to the Index Page
INFO:werkzeug:127.0.0.1 - - [03/Dec/2020 14:16:05] "[37mGET / HTTP/1.1[0m" 200 -
INFO:app:Switching to the Index Page
INFO:werkzeug:127.0.0.1 - - [03/Dec/2020 14:16:09] "[37mGET / HTTP/1.1[0m" 200 -
INFO:werkzeug:127.0.0.1 - - [03/Dec/2020 14:16:10] "[33mGET /index HTTP/1.1[0m" 404 -
INFO:werkzeug:127.0.0.1 - - [03/Dec/2020 14:16:12] "[33mGET /index HTTP/1.1[0m" 404 -
INFO:werkzeug: * Running on http://127.0.0.1:5000/ (Press CTRL+C to quit)
INFO:werkzeug:127.0.0.1 - - [03/Dec/2020 14:17:47] "[37mGET / HTTP/1.1[0m" 200 -
INFO:werkzeug:127.0.0.1 - - [03/Dec/2020 14:17:52] "[37mGET / HTTP/1.1[0m" 200 -
INFO:root:Welcome to the Home Page!
INFO:werkzeug:127.0.0.1 - - [03/Dec/2020 14:17:53] "[37mGET /home/ HTTP/1.1[0m" 200 -
INFO:root:Welcome to the Home Page!
INFO:werkzeug:127.0.0.1 - - [03/Dec/2020 14:17:53] "[37mGET /home/ HTTP/1.1[0m" 200 -
INFO:root:Welcome to the Home Page!
INFO:werkzeug:127.0.0.1 - - [03/Dec/2020 14:17:54] "[37mGET /home/ HTTP/1.1[0m" 200 -
INFO:werkzeug:127.0.0.1 - - [03/Dec/2020 14:17:56] "[32mGET /index HTTP/1.1[0m" 308 -
INFO:app:Switching to the Index Page
INFO:werkzeug:127.0.0.1 - - [03/Dec/2020 14:17:56] "[37mGET /index/ HTTP/1.1[0m" 200 -
INFO:werkzeug: * Running on http://127.0.0.1:5000/ (Press CTRL+C to quit)
INFO:werkzeug:127.0.0.1 - - [03/Dec/2020 14:20:47] "[37mGET / HTTP/1.1[0m" 200 -
INFO:werkzeug:127.0.0.1 - - [03/Dec/2020 14:20:51] "[37mGET / HTTP/1.1[0m" 200 -
INFO:root:Welcome to the Home Page!
INFO:werkzeug:127.0.0.1 - - [03/Dec/2020 14:20:52] "[37mGET /home/ HTTP/1.1[0m" 200 -
INFO:root:Welcome to the Home Page!
INFO:werkzeug:127.0.0.1 - - [03/Dec/2020 14:20:53] "[37mGET /home/ HTTP/1.1[0m" 200 -
INFO:werkzeug:127.0.0.1 - - [03/Dec/2020 14:20:55] "[32mGET /index HTTP/1.1[0m" 308 -
INFO:app:Switching to the Index Page
INFO:werkzeug:127.0.0.1 - - [03/Dec/2020 14:20:55] "[37mGET /index/ HTTP/1.1[0m" 200 -
INFO:werkzeug:127.0.0.1 - - [03/Dec/2020 14:20:58] "[32mGET /404 HTTP/1.1[0m" 308 -
INFO:app:Switching to the 404 Page, This is a test page so we don't need to error here.
INFO:werkzeug:127.0.0.1 - - [03/Dec/2020 14:20:58] "[37mGET /404/ HTTP/1.1[0m" 200 -
INFO:werkzeug:127.0.0.1 - - [03/Dec/2020 14:21:04] "[32mGET /about HTTP/1.1[0m" 308 -
INFO:root:Going to the About Page!
INFO:werkzeug:127.0.0.1 - - [03/Dec/2020 14:21:04] "[37mGET /about/ HTTP/1.1[0m" 200 -
INFO:werkzeug:127.0.0.1 - - [03/Dec/2020 14:21:06] "[32mGET /404 HTTP/1.1[0m" 308 -
INFO:app:Switching to the 404 Page, This is a test page so we don't need to error here.
INFO:werkzeug:127.0.0.1 - - [03/Dec/2020 14:21:06] "[37mGET /404/ HTTP/1.1[0m" 200 -
INFO:werkzeug: * Running on http://127.0.0.1:5000/ (Press CTRL+C to quit)
INFO:werkzeug:127.0.0.1 - - [03/Dec/2020 14:24:40] "[37mGET / HTTP/1.1[0m" 200 -
INFO:werkzeug:127.0.0.1 - - [03/Dec/2020 14:24:45] "[37mGET / HTTP/1.1[0m" 200 -
INFO:root:Welcome to the Home Page!
INFO:werkzeug:127.0.0.1 - - [03/Dec/2020 14:24:45] "[37mGET /home/ HTTP/1.1[0m" 200 -
INFO:root:Welcome to the Home Page!
INFO:werkzeug:127.0.0.1 - - [03/Dec/2020 14:24:46] "[37mGET /home/ HTTP/1.1[0m" 200 -
INFO:werkzeug: * Running on http://127.0.0.1:5000/ (Press CTRL+C to quit)
INFO:werkzeug:127.0.0.1 - - [03/Dec/2020 14:26:45] "[37mGET / HTTP/1.1[0m" 200 -
INFO:werkzeug:127.0.0.1 - - [03/Dec/2020 14:26:50] "[37mGET / HTTP/1.1[0m" 200 -
INFO:root:Welcome to the Home Page!
INFO:werkzeug:127.0.0.1 - - [03/Dec/2020 14:26:51] "[37mGET /home/ HTTP/1.1[0m" 200 -
INFO:root:Welcome to the Home Page!
INFO:werkzeug:127.0.0.1 - - [03/Dec/2020 14:26:52] "[37mGET /home/ HTTP/1.1[0m" 200 -
INFO:werkzeug: * Running on http://127.0.0.1:5000/ (Press CTRL+C to quit)
INFO:werkzeug:127.0.0.1 - - [03/Dec/2020 14:27:58] "[37mGET / HTTP/1.1[0m" 200 -
INFO:werkzeug:127.0.0.1 - - [03/Dec/2020 14:28:02] "[37mGET / HTTP/1.1[0m" 200 -
INFO:root:Welcome to the Home Page!
INFO:werkzeug:127.0.0.1 - - [03/Dec/2020 14:28:02] "[37mGET /home/ HTTP/1.1[0m" 200 -
INFO:root:Welcome to the Home Page!
INFO:werkzeug:127.0.0.1 - - [03/Dec/2020 14:28:04] "[37mGET /home/ HTTP/1.1[0m" 200 -
INFO:werkzeug: * Running on http://127.0.0.1:5000/ (Press CTRL+C to quit)
INFO:werkzeug:127.0.0.1 - - [03/Dec/2020 14:29:41] "[37mGET / HTTP/1.1[0m" 200 -
INFO:werkzeug:127.0.0.1 - - [03/Dec/2020 14:29:46] "[37mGET / HTTP/1.1[0m" 200 -
INFO:root:Welcome to the Home Page!
INFO:werkzeug:127.0.0.1 - - [03/Dec/2020 14:29:46] "[37mGET /home/ HTTP/1.1[0m" 200 -
INFO:root:Welcome to the Home Page!
INFO:werkzeug:127.0.0.1 - - [03/Dec/2020 14:29:47] "[37mGET /home/ HTTP/1.1[0m" 200 -
INFO:root:Going to the Header Page!
INFO:werkzeug:127.0.0.1 - - [03/Dec/2020 14:30:39] "[37mGET /header/ HTTP/1.1[0m" 200 -
INFO:werkzeug: * Running on http://127.0.0.1:5000/ (Press CTRL+C to quit)
INFO:werkzeug:127.0.0.1 - - [03/Dec/2020 14:31:49] "[37mGET / HTTP/1.1[0m" 200 -
INFO:werkzeug:127.0.0.1 - - [03/Dec/2020 14:31:53] "[37mGET / HTTP/1.1[0m" 200 -
INFO:root:Welcome to the Home Page!
INFO:werkzeug:127.0.0.1 - - [03/Dec/2020 14:31:53] "[37mGET /home/ HTTP/1.1[0m" 200 -
INFO:werkzeug:127.0.0.1 - - [03/Dec/2020 14:31:53] "[33mGET /hello/ HTTP/1.1[0m" 404 -
INFO:root:Going to the Header Page!
INFO:werkzeug:127.0.0.1 - - [03/Dec/2020 14:31:54] "[37mGET /header/ HTTP/1.1[0m" 200 -
INFO:root:Going to the Header Page!
INFO:werkzeug:127.0.0.1 - - [03/Dec/2020 14:31:55] "[37mGET /header/ HTTP/1.1[0m" 200 -
INFO:app:Switching to the 404 Page, This is a test page so we don't need to error here.
INFO:werkzeug:127.0.0.1 - - [03/Dec/2020 14:32:08] "[37mGET /404/ HTTP/1.1[0m" 200 -
INFO:werkzeug:127.0.0.1 - - [03/Dec/2020 14:32:08] "[37mGET / HTTP/1.1[0m" 200 -
INFO:root:Welcome to the Home Page!
INFO:werkzeug:127.0.0.1 - - [03/Dec/2020 14:32:09] "[37mGET /home/ HTTP/1.1[0m" 200 -
INFO:root:Welcome to the Home Page!
INFO:werkzeug:127.0.0.1 - - [03/Dec/2020 14:32:11] "[37mGET /home/ HTTP/1.1[0m" 200 -
INFO:werkzeug: * Running on http://127.0.0.1:5000/ (Press CTRL+C to quit)
INFO:app:Switching to the Index Page
INFO:werkzeug:127.0.0.1 - - [03/Dec/2020 14:35:25] "[37mGET / HTTP/1.1[0m" 200 -
INFO:werkzeug:127.0.0.1 - - [03/Dec/2020 14:35:30] "[32mGET /home HTTP/1.1[0m" 308 -
INFO:root:Welcome to the Home Page!
INFO:werkzeug:127.0.0.1 - - [03/Dec/2020 14:35:30] "[37mGET /home/ HTTP/1.1[0m" 200 -
INFO:werkzeug:127.0.0.1 - - [03/Dec/2020 14:35:32] "[33mGET /index HTTP/1.1[0m" 404 -
INFO:werkzeug: * Running on http://127.0.0.1:5000/ (Press CTRL+C to quit)
INFO:app:Switching to the Index Page
INFO:werkzeug:127.0.0.1 - - [03/Dec/2020 14:36:15] "[37mGET / HTTP/1.1[0m" 200 -
INFO:app:Switching to the Index Page
INFO:werkzeug:127.0.0.1 - - [03/Dec/2020 14:36:22] "[37mGET / HTTP/1.1[0m" 200 -
INFO:werkzeug:127.0.0.1 - - [03/Dec/2020 14:36:24] "[32mGET /about HTTP/1.1[0m" 308 -
INFO:root:Going to the About Page!
INFO:werkzeug:127.0.0.1 - - [03/Dec/2020 14:36:24] "[37mGET /about/ HTTP/1.1[0m" 200 -
INFO:app:Switching to the Index Page
INFO:werkzeug:127.0.0.1 - - [03/Dec/2020 14:36:31] "[37mGET / HTTP/1.1[0m" 200 -
INFO:app:Switching to the 404 Page, This is a test page so we don't need to error here.
INFO:werkzeug:127.0.0.1 - - [03/Dec/2020 14:36:32] "[37mGET /404/ HTTP/1.1[0m" 200 -
INFO:app:Switching to the 404 Page, This is a test page so we don't need to error here.
INFO:werkzeug:127.0.0.1 - - [03/Dec/2020 14:36:33] "[37mGET /404/ HTTP/1.1[0m" 200 -
INFO:app:Switching to the Index Page
INFO:werkzeug:127.0.0.1 - - [03/Dec/2020 14:36:37] "[37mGET / HTTP/1.1[0m" 200 -
INFO:werkzeug: * Running on http://127.0.0.1:5000/ (Press CTRL+C to quit)
INFO:werkzeug:127.0.0.1 - - [03/Dec/2020 14:37:41] "[32mGET /about HTTP/1.1[0m" 308 -
INFO:root:Going to the About Page!
INFO:werkzeug:127.0.0.1 - - [03/Dec/2020 14:37:41] "[37mGET /about/ HTTP/1.1[0m" 200 -
INFO:app:Switching to the Index Page
INFO:werkzeug:127.0.0.1 - - [03/Dec/2020 14:37:44] "[37mGET / HTTP/1.1[0m" 200 -
INFO:werkzeug:127.0.0.1 - - [03/Dec/2020 14:37:46] "[32mGET /home HTTP/1.1[0m" 308 -
INFO:root:Welcome to the Home Page!
INFO:werkzeug:127.0.0.1 - - [03/Dec/2020 14:37:46] "[37mGET /home/ HTTP/1.1[0m" 200 -
INFO:werkzeug: * Running on http://127.0.0.1:5000/ (Press CTRL+C to quit)
INFO:werkzeug:127.0.0.1 - - [03/Dec/2020 14:38:08] "[33mGET /home/404 HTTP/1.1[0m" 404 -
INFO:werkzeug:127.0.0.1 - - [03/Dec/2020 14:38:08] "[33mGET /favicon.ico HTTP/1.1[0m" 404 -
INFO:app:Switching to the 404 Page, This is a test page so we don't need to error here.
INFO:werkzeug:127.0.0.1 - - [03/Dec/2020 14:38:13] "[37mGET /404/ HTTP/1.1[0m" 200 -
INFO:app:Switching to the 404 Page, This is a test page so we don't need to error here.
INFO:werkzeug:127.0.0.1 - - [03/Dec/2020 14:38:15] "[37mGET /404/ HTTP/1.1[0m" 200 -
INFO:werkzeug: * Running on http://127.0.0.1:5000/ (Press CTRL+C to quit)
INFO:root:Welcome to the Home Page!
INFO:werkzeug:127.0.0.1 - - [03/Dec/2020 14:39:27] "[37mGET /home/ HTTP/1.1[0m" 200 -
INFO:app:Switching to the Index Page
INFO:werkzeug:127.0.0.1 - - [03/Dec/2020 14:39:27] "[37mGET / HTTP/1.1[0m" 200 -
INFO:app:Switching to the 404 Page, This is a test page so we don't need to error here.
INFO:werkzeug:127.0.0.1 - - [03/Dec/2020 14:39:28] "[37mGET /404/ HTTP/1.1[0m" 200 -
INFO:app:Switching to the 404 Page, This is a test page so we don't need to error here.
INFO:werkzeug:127.0.0.1 - - [03/Dec/2020 14:39:29] "[37mGET /404/ HTTP/1.1[0m" 200 -
INFO:app:Switching to the Index Page
INFO:werkzeug:127.0.0.1 - - [03/Dec/2020 14:39:32] "[37mGET / HTTP/1.1[0m" 200 -
INFO:werkzeug:127.0.0.1 - - [03/Dec/2020 14:39:37] "[32mGET /home HTTP/1.1[0m" 308 -
INFO:root:Welcome to the Home Page!
INFO:werkzeug:127.0.0.1 - - [03/Dec/2020 14:39:37] "[37mGET /home/ HTTP/1.1[0m" 200 -
INFO:app:Switching to the Index Page
INFO:werkzeug:127.0.0.1 - - [03/Dec/2020 14:39:40] "[37mGET / HTTP/1.1[0m" 200 -
INFO:werkzeug:127.0.0.1 - - [03/Dec/2020 14:39:42] "[32mGET /about HTTP/1.1[0m" 308 -
INFO:root:Going to the About Page!
INFO:werkzeug:127.0.0.1 - - [03/Dec/2020 14:39:42] "[37mGET /about/ HTTP/1.1[0m" 200 -
INFO:werkzeug:127.0.0.1 - - [03/Dec/2020 14:39:44] "[32mGET /home HTTP/1.1[0m" 308 -
INFO:root:Welcome to the Home Page!
INFO:werkzeug:127.0.0.1 - - [03/Dec/2020 14:39:44] "[37mGET /home/ HTTP/1.1[0m" 200 -
INFO:root:Welcome to the Home Page!
INFO:werkzeug:127.0.0.1 - - [03/Dec/2020 14:40:46] "[37mGET /home/ HTTP/1.1[0m" 200 -
INFO:app:Switching to the Index Page
INFO:werkzeug:127.0.0.1 - - [03/Dec/2020 14:40:46] "[37mGET / HTTP/1.1[0m" 200 -
INFO:app:Switching to the 404 Page, This is a test page so we don't need to error here.
INFO:werkzeug:127.0.0.1 - - [03/Dec/2020 14:40:47] "[37mGET /404/ HTTP/1.1[0m" 200 -
INFO:app:Switching to the 404 Page, This is a test page so we don't need to error here.
INFO:werkzeug:127.0.0.1 - - [03/Dec/2020 14:40:50] "[37mGET /404/ HTTP/1.1[0m" 200 -
INFO:werkzeug: * Running on http://127.0.0.1:5000/ (Press CTRL+C to quit)
INFO:app:Switching to the 404 Page, This is a test page so we don't need to error here.
INFO:werkzeug:127.0.0.1 - - [03/Dec/2020 14:41:30] "[37mGET /404/ HTTP/1.1[0m" 200 -
INFO:werkzeug: * Running on http://127.0.0.1:5000/ (Press CTRL+C to quit)
INFO:werkzeug:127.0.0.1 - - [03/Dec/2020 14:48:45] "[33mGET /home HTTP/1.1[0m" 404 -
INFO:werkzeug: * Running on http://127.0.0.1:5000/ (Press CTRL+C to quit)
INFO:root:Welcome to the Home Page!
INFO:werkzeug:127.0.0.1 - - [03/Dec/2020 14:50:44] "[37mGET / HTTP/1.1[0m" 200 -
INFO:app:Switching to the Personality Page
INFO:werkzeug:127.0.0.1 - - [03/Dec/2020 14:50:49] "[37mGET /personality HTTP/1.1[0m" 200 -
INFO:werkzeug:127.0.0.1 - - [03/Dec/2020 14:50:51] "[32mGET /about HTTP/1.1[0m" 308 -
INFO:root:Going to the About Page!
INFO:werkzeug:127.0.0.1 - - [03/Dec/2020 14:50:51] "[37mGET /about/ HTTP/1.1[0m" 200 -
INFO:root:Welcome to the Home Page!
INFO:werkzeug:127.0.0.1 - - [03/Dec/2020 14:50:53] "[37mGET / HTTP/1.1[0m" 200 -
INFO:root:Welcome to the Home Page!
INFO:werkzeug:127.0.0.1 - - [03/Dec/2020 14:50:59] "[37mGET / HTTP/1.1[0m" 200 -
INFO:app:Switching to the 404 Page, This is a test page so we don't need to error here.
INFO:werkzeug:127.0.0.1 - - [03/Dec/2020 14:51:00] "[37mGET /404/ HTTP/1.1[0m" 200 -
INFO:app:Switching to the 404 Page, This is a test page so we don't need to error here.
INFO:werkzeug:127.0.0.1 - - [03/Dec/2020 14:51:01] "[37mGET /404/ HTTP/1.1[0m" 200 -
INFO:root:Welcome to the Home Page!
INFO:werkzeug:127.0.0.1 - - [03/Dec/2020 14:51:02] "[37mGET / HTTP/1.1[0m" 200 -
INFO:werkzeug: * Running on http://127.0.0.1:5000/ (Press CTRL+C to quit)
INFO:root:Welcome to the Home Page!
INFO:werkzeug:127.0.0.1 - - [03/Dec/2020 14:58:30] "[37mGET / HTTP/1.1[0m" 200 -
INFO:werkzeug:127.0.0.1 - - [03/Dec/2020 14:58:33] "[32mGET /contact HTTP/1.1[0m" 308 -
INFO:root:Going to the Contact Page!
INFO:werkzeug:127.0.0.1 - - [03/Dec/2020 14:58:33] "[37mGET /contact/ HTTP/1.1[0m" 200 -
INFO:werkzeug:127.0.0.1 - - [03/Dec/2020 14:58:33] "[33mGET /favicon.ico HTTP/1.1[0m" 404 -
INFO:werkzeug:127.0.0.1 - - [03/Dec/2020 14:58:36] "[32mGET /about HTTP/1.1[0m" 308 -
INFO:root:Going to the About Page!
INFO:werkzeug:127.0.0.1 - - [03/Dec/2020 14:58:36] "[37mGET /about/ HTTP/1.1[0m" 200 -
INFO:app:Switching to the Personality Page
INFO:werkzeug:127.0.0.1 - - [03/Dec/2020 14:58:38] "[37mGET /personality HTTP/1.1[0m" 200 -
INFO:werkzeug:127.0.0.1 - - [03/Dec/2020 14:58:40] "[32mGET /about HTTP/1.1[0m" 308 -
INFO:root:Going to the About Page!
INFO:werkzeug:127.0.0.1 - - [03/Dec/2020 14:58:40] "[37mGET /about/ HTTP/1.1[0m" 200 -
INFO:root:Going to the About Page!
INFO:werkzeug:127.0.0.1 - - [03/Dec/2020 14:58:45] "[37mGET /about/ HTTP/1.1[0m" 200 -
INFO:root:Welcome to the Home Page!
INFO:werkzeug:127.0.0.1 - - [03/Dec/2020 14:58:46] "[37mGET / HTTP/1.1[0m" 200 -
INFO:app:Switching to the 404 Page, This is a test page so we don't need to error here.
INFO:werkzeug:127.0.0.1 - - [03/Dec/2020 14:58:46] "[37mGET /404/ HTTP/1.1[0m" 200 -
INFO:app:Switching to the 404 Page, This is a test page so we don't need to error here.
INFO:werkzeug:127.0.0.1 - - [03/Dec/2020 14:58:47] "[37mGET /404/ HTTP/1.1[0m" 200 -
INFO:werkzeug:127.0.0.1 - - [03/Dec/2020 14:58:51] "[32mGET /contact HTTP/1.1[0m" 308 -
INFO:root:Going to the Contact Page!
INFO:werkzeug:127.0.0.1 - - [03/Dec/2020 14:58:51] "[37mGET /contact/ HTTP/1.1[0m" 200 -
INFO:root:Welcome to the Home Page!
INFO:werkzeug:127.0.0.1 - - [03/Dec/2020 14:58:54] "[37mGET / HTTP/1.1[0m" 200 -
INFO:werkzeug: * Running on http://127.0.0.1:5000/ (Press CTRL+C to quit)
INFO:root:Welcome to the Home Page!
INFO:werkzeug:127.0.0.1 - - [03/Dec/2020 15:08:12] "[37mGET / HTTP/1.1[0m" 200 -
INFO:app:Switching to the Personality Page
INFO:werkzeug:127.0.0.1 - - [03/Dec/2020 15:08:21] "[37mGET /personality HTTP/1.1[0m" 200 -
INFO:werkzeug:127.0.0.1 - - [03/Dec/2020 15:08:23] "[32mGET /about HTTP/1.1[0m" 308 -
INFO:root:Going to the About Page!
INFO:werkzeug:127.0.0.1 - - [03/Dec/2020 15:08:23] "[37mGET /about/ HTTP/1.1[0m" 200 -
INFO:werkzeug:127.0.0.1 - - [03/Dec/2020 15:08:25] "[32mGET /contact HTTP/1.1[0m" 308 -
INFO:root:Going to the Contact Page!
INFO:werkzeug:127.0.0.1 - - [03/Dec/2020 15:08:25] "[37mGET /contact/ HTTP/1.1[0m" 200 -
INFO:app:Switching to the Personality Page
INFO:werkzeug:127.0.0.1 - - [03/Dec/2020 15:08:27] "[37mGET /personality HTTP/1.1[0m" 200 -
INFO:werkzeug: * Running on http://127.0.0.1:5000/ (Press CTRL+C to quit)
INFO:root:Welcome to the Home Page!
INFO:werkzeug:127.0.0.1 - - [07/Dec/2020 22:09:14] "[37mGET / HTTP/1.1[0m" 200 -
INFO:werkzeug:127.0.0.1 - - [07/Dec/2020 22:09:14] "[33mGET /apple-touch-icon-precomposed.png HTTP/1.1[0m" 404 -
INFO:werkzeug:127.0.0.1 - - [07/Dec/2020 22:09:14] "[33mGET /apple-touch-icon.png HTTP/1.1[0m" 404 -
INFO:root:Welcome to the Home Page!
INFO:werkzeug:127.0.0.1 - - [07/Dec/2020 22:09:21] "[37mGET / HTTP/1.1[0m" 200 -
INFO:app:Switching to the Personality Page
INFO:werkzeug:127.0.0.1 - - [07/Dec/2020 22:09:22] "[37mGET /personality HTTP/1.1[0m" 200 -
INFO:werkzeug:127.0.0.1 - - [07/Dec/2020 22:09:23] "[32mGET /about HTTP/1.1[0m" 308 -
INFO:root:Going to the About Page!
INFO:werkzeug:127.0.0.1 - - [07/Dec/2020 22:09:23] "[37mGET /about/ HTTP/1.1[0m" 200 -
INFO:werkzeug:127.0.0.1 - - [07/Dec/2020 22:09:24] "[32mGET /contact HTTP/1.1[0m" 308 -
INFO:root:Going to the Contact Page!
INFO:werkzeug:127.0.0.1 - - [07/Dec/2020 22:09:24] "[37mGET /contact/ HTTP/1.1[0m" 200 -
INFO:root:Going to the Contact Page!
INFO:werkzeug:127.0.0.1 - - [07/Dec/2020 22:09:30] "[37mGET /contact/ HTTP/1.1[0m" 200 -
INFO:root:Welcome to the Home Page!
INFO:werkzeug:127.0.0.1 - - [07/Dec/2020 22:09:31] "[37mGET / HTTP/1.1[0m" 200 -
INFO:app:Switching to the 404 Page, This is a test page so we don't need to error here.
INFO:werkzeug:127.0.0.1 - - [07/Dec/2020 22:09:32] "[37mGET /404/ HTTP/1.1[0m" 200 -
INFO:app:Switching to the 404 Page, This is a test page so we don't need to error here.
INFO:werkzeug:127.0.0.1 - - [07/Dec/2020 22:09:34] "[37mGET /404/ HTTP/1.1[0m" 200 -
INFO:root:Welcome to the Home Page!
INFO:werkzeug:127.0.0.1 - - [07/Dec/2020 22:09:38] "[37mGET / HTTP/1.1[0m" 200 -
INFO:werkzeug: * Running on http://127.0.0.1:5000/ (Press CTRL+C to quit)
INFO:root:Welcome to the Home Page!
INFO:werkzeug:127.0.0.1 - - [10/Dec/2020 15:54:21] "[37mGET / HTTP/1.1[0m" 200 -
INFO:werkzeug:127.0.0.1 - - [10/Dec/2020 15:54:22] "[33mGET /favicon.ico HTTP/1.1[0m" 404 -
INFO:werkzeug: * Running on http://127.0.0.1:5000/ (Press CTRL+C to quit)
INFO:root:Welcome to the Home Page!
INFO:werkzeug:127.0.0.1 - - [10/Dec/2020 15:56:06] "[37mGET / HTTP/1.1[0m" 200 -
INFO:app:Switching to the Personality Page
INFO:werkzeug:127.0.0.1 - - [10/Dec/2020 15:56:11] "[37mGET /personality HTTP/1.1[0m" 200 -
INFO:werkzeug:127.0.0.1 - - [10/Dec/2020 15:56:11] "[33mGET /favicon.ico HTTP/1.1[0m" 404 -
INFO:root:Welcome to the Home Page!
INFO:werkzeug:127.0.0.1 - - [10/Dec/2020 15:56:16] "[37mGET / HTTP/1.1[0m" 200 -
INFO:werkzeug: * Running on http://127.0.0.1:5000/ (Press CTRL+C to quit)
INFO:root:Welcome to the Home Page!
INFO:werkzeug:127.0.0.1 - - [10/Dec/2020 15:58:51] "[37mGET / HTTP/1.1[0m" 200 -
INFO:app:Switching to the Personality Page
INFO:werkzeug:127.0.0.1 - - [10/Dec/2020 15:58:55] "[37mGET /personality HTTP/1.1[0m" 200 -
INFO:werkzeug:127.0.0.1 - - [10/Dec/2020 15:58:57] "[32mGET /about HTTP/1.1[0m" 308 -
INFO:root:Going to the About Page!
INFO:werkzeug:127.0.0.1 - - [10/Dec/2020 15:58:57] "[37mGET /about/ HTTP/1.1[0m" 200 -
INFO:werkzeug:127.0.0.1 - - [10/Dec/2020 15:58:57] "[33mGET /favicon.ico HTTP/1.1[0m" 404 -
INFO:werkzeug:127.0.0.1 - - [10/Dec/2020 15:59:00] "[32mGET /contact HTTP/1.1[0m" 308 -
INFO:root:Going to the Contact Page!
INFO:werkzeug:127.0.0.1 - - [10/Dec/2020 15:59:00] "[37mGET /contact/ HTTP/1.1[0m" 200 -
INFO:werkzeug:127.0.0.1 - - [10/Dec/2020 15:59:00] "[33mGET /favicon.ico HTTP/1.1[0m" 404 -
INFO:werkzeug: * Running on http://127.0.0.1:5000/ (Press CTRL+C to quit)
INFO:root:Welcome to the Home Page!
INFO:werkzeug:127.0.0.1 - - [10/Dec/2020 15:59:46] "[37mGET / HTTP/1.1[0m" 200 -
INFO:werkzeug: * Running on http://127.0.0.1:5000/ (Press CTRL+C to quit)
INFO:root:Welcome to the Home Page!
INFO:werkzeug:127.0.0.1 - - [10/Dec/2020 16:33:34] "[37mGET / HTTP/1.1[0m" 200 -
INFO:werkzeug: * Running on http://127.0.0.1:5000/ (Press CTRL+C to quit)
INFO:root:Welcome to the Home Page!
INFO:werkzeug:127.0.0.1 - - [10/Dec/2020 16:37:46] "[37mGET / HTTP/1.1[0m" 200 -
INFO:werkzeug: * Running on http://127.0.0.1:5000/ (Press CTRL+C to quit)
INFO:root:Welcome to the Home Page!
INFO:werkzeug:127.0.0.1 - - [10/Dec/2020 16:40:36] "[37mGET / HTTP/1.1[0m" 200 -
INFO:werkzeug: * Running on http://127.0.0.1:5000/ (Press CTRL+C to quit)
INFO:root:Welcome to the Home Page!
INFO:werkzeug:127.0.0.1 - - [10/Dec/2020 16:43:02] "[37mGET / HTTP/1.1[0m" 200 -
INFO:werkzeug: * Running on http://127.0.0.1:5000/ (Press CTRL+C to quit)
INFO:root:Welcome to the Home Page!
INFO:werkzeug:127.0.0.1 - - [10/Dec/2020 16:43:55] "[37mGET / HTTP/1.1[0m" 200 -
INFO:werkzeug: * Running on http://127.0.0.1:5000/ (Press CTRL+C to quit)
INFO:root:Welcome to the Home Page!
INFO:werkzeug:127.0.0.1 - - [10/Dec/2020 16:45:10] "[37mGET / HTTP/1.1[0m" 200 -
INFO:root:Welcome to the Home Page!
INFO:werkzeug:127.0.0.1 - - [10/Dec/2020 16:45:12] "[37mGET / HTTP/1.1[0m" 200 -
INFO:werkzeug: * Running on http://127.0.0.1:5000/ (Press CTRL+C to quit)
INFO:root:Welcome to the Home Page!
INFO:werkzeug:127.0.0.1 - - [10/Dec/2020 16:46:06] "[37mGET / HTTP/1.1[0m" 200 -
INFO:werkzeug: * Running on http://127.0.0.1:5000/ (Press CTRL+C to quit)
INFO:root:Welcome to the Home Page!
INFO:werkzeug:127.0.0.1 - - [10/Dec/2020 16:46:58] "[37mGET / HTTP/1.1[0m" 200 -
INFO:werkzeug: * Running on http://127.0.0.1:5000/ (Press CTRL+C to quit)
INFO:root:Welcome to the Home Page!
INFO:werkzeug:127.0.0.1 - - [10/Dec/2020 16:55:25] "[37mGET / HTTP/1.1[0m" 200 -
INFO:werkzeug: * Running on http://127.0.0.1:5000/ (Press CTRL+C to quit)
INFO:root:Welcome to the Home Page!
INFO:werkzeug:127.0.0.1 - - [10/Dec/2020 16:56:05] "[37mGET / HTTP/1.1[0m" 200 -
INFO:werkzeug: * Running on http://127.0.0.1:5000/ (Press CTRL+C to quit)
INFO:root:Welcome to the Home Page!
INFO:werkzeug:127.0.0.1 - - [10/Dec/2020 16:58:45] "[37mGET / HTTP/1.1[0m" 200 -
INFO:app:Switching to the Personality Page
INFO:werkzeug:127.0.0.1 - - [10/Dec/2020 16:58:47] "[37mGET /personality HTTP/1.1[0m" 200 -
INFO:werkzeug:127.0.0.1 - - [10/Dec/2020 16:58:50] "[32mGET /about HTTP/1.1[0m" 308 -
INFO:root:Going to the About Page!
INFO:werkzeug:127.0.0.1 - - [10/Dec/2020 16:58:50] "[37mGET /about/ HTTP/1.1[0m" 200 -
INFO:werkzeug:127.0.0.1 - - [10/Dec/2020 16:58:50] "[33mGET /favicon.ico HTTP/1.1[0m" 404 -
INFO:werkzeug:127.0.0.1 - - [10/Dec/2020 16:58:52] "[32mGET /contact HTTP/1.1[0m" 308 -
INFO:root:Going to the Contact Page!
INFO:werkzeug:127.0.0.1 - - [10/Dec/2020 16:58:52] "[37mGET /contact/ HTTP/1.1[0m" 200 -
INFO:werkzeug:127.0.0.1 - - [10/Dec/2020 16:58:52] "[33mGET /favicon.ico HTTP/1.1[0m" 404 -
INFO:app:Switching to the Personality Page
INFO:werkzeug:127.0.0.1 - - [10/Dec/2020 16:58:55] "[37mGET /personality HTTP/1.1[0m" 200 -
INFO:root:Welcome to the Home Page!
INFO:werkzeug:127.0.0.1 - - [10/Dec/2020 16:58:57] "[37mGET / HTTP/1.1[0m" 200 -
INFO:werkzeug: * Running on http://127.0.0.1:5000/ (Press CTRL+C to quit)
INFO:root:Welcome to the Home Page!
INFO:werkzeug:127.0.0.1 - - [10/Dec/2020 17:02:02] "[37mGET / HTTP/1.1[0m" 200 -
INFO:root:Welcome to the Home Page!
INFO:werkzeug:127.0.0.1 - - [10/Dec/2020 17:02:07] "[37mGET / HTTP/1.1[0m" 200 -
INFO:werkzeug: * Running on http://127.0.0.1:5000/ (Press CTRL+C to quit)
INFO:root:Welcome to the Home Page!
INFO:werkzeug:127.0.0.1 - - [10/Dec/2020 17:18:30] "[37mGET / HTTP/1.1[0m" 200 -
INFO:root:Welcome to the Home Page!
INFO:werkzeug:127.0.0.1 - - [10/Dec/2020 17:18:36] "[37mGET / HTTP/1.1[0m" 200 -
INFO:werkzeug: * Running on http://127.0.0.1:5000/ (Press CTRL+C to quit)
INFO:root:Welcome to the Home Page!
INFO:werkzeug:127.0.0.1 - - [10/Dec/2020 17:21:28] "[37mGET / HTTP/1.1[0m" 200 -
INFO:werkzeug: * Running on http://127.0.0.1:5000/ (Press CTRL+C to quit)
INFO:root:Welcome to the Home Page!
INFO:werkzeug:127.0.0.1 - - [10/Dec/2020 17:22:57] "[37mGET / HTTP/1.1[0m" 200 -
INFO:werkzeug: * Running on http://127.0.0.1:5000/ (Press CTRL+C to quit)
INFO:root:Welcome to the Home Page!
INFO:werkzeug:127.0.0.1 - - [10/Dec/2020 17:23:40] "[37mGET / HTTP/1.1[0m" 200 -
INFO:werkzeug: * Running on http://127.0.0.1:5000/ (Press CTRL+C to quit)
INFO:root:Welcome to the Home Page!
INFO:werkzeug:127.0.0.1 - - [10/Dec/2020 17:26:01] "[37mGET / HTTP/1.1[0m" 200 -
INFO:app:Switching to the Personality Page
INFO:werkzeug:127.0.0.1 - - [10/Dec/2020 17:26:43] "[37mGET /personality HTTP/1.1[0m" 200 -
INFO:root:Welcome to the Home Page!
INFO:werkzeug:127.0.0.1 - - [10/Dec/2020 17:26:45] "[37mGET / HTTP/1.1[0m" 200 -
INFO:werkzeug: * Running on http://127.0.0.1:5000/ (Press CTRL+C to quit)
INFO:root:Welcome to the Home Page!
INFO:werkzeug:127.0.0.1 - - [10/Dec/2020 17:32:55] "[37mGET / HTTP/1.1[0m" 200 -
INFO:werkzeug: * Running on http://127.0.0.1:5000/ (Press CTRL+C to quit)
INFO:root:Welcome to the Home Page!
INFO:werkzeug:127.0.0.1 - - [10/Dec/2020 17:35:45] "[37mGET / HTTP/1.1[0m" 200 -
INFO:werkzeug: * Running on http://127.0.0.1:5000/ (Press CTRL+C to quit)
INFO:root:Welcome to the Home Page!
INFO:werkzeug:127.0.0.1 - - [10/Dec/2020 17:38:44] "[37mGET / HTTP/1.1[0m" 200 -
INFO:werkzeug: * Running on http://127.0.0.1:5000/ (Press CTRL+C to quit)
INFO:root:Welcome to the Home Page!
INFO:werkzeug:127.0.0.1 - - [10/Dec/2020 17:39:45] "[37mGET / HTTP/1.1[0m" 200 -
INFO:root:Welcome to the Home Page!
INFO:werkzeug:127.0.0.1 - - [10/Dec/2020 17:39:46] "[37mGET / HTTP/1.1[0m" 200 -
INFO:werkzeug: * Running on http://127.0.0.1:5000/ (Press CTRL+C to quit)
INFO:root:Welcome to the Home Page!
INFO:werkzeug:127.0.0.1 - - [10/Dec/2020 17:40:53] "[37mGET / HTTP/1.1[0m" 200 -
INFO:root:Welcome to the Home Page!
INFO:werkzeug:127.0.0.1 - - [10/Dec/2020 17:40:54] "[37mGET / HTTP/1.1[0m" 200 -
INFO:werkzeug: * Running on http://127.0.0.1:5000/ (Press CTRL+C to quit)
INFO:root:Welcome to the Home Page!
INFO:werkzeug:127.0.0.1 - - [10/Dec/2020 17:41:47] "[37mGET / HTTP/1.1[0m" 200 -
INFO:werkzeug: * Running on http://127.0.0.1:5000/ (Press CTRL+C to quit)
INFO:root:Welcome to the Home Page!
INFO:werkzeug:127.0.0.1 - - [10/Dec/2020 17:42:16] "[37mGET / HTTP/1.1[0m" 200 -
INFO:werkzeug: * Running on http://127.0.0.1:5000/ (Press CTRL+C to quit)
INFO:root:Welcome to the Home Page!
INFO:werkzeug:127.0.0.1 - - [10/Dec/2020 17:54:49] "[37mGET / HTTP/1.1[0m" 200 -
INFO:werkzeug: * Running on http://127.0.0.1:5000/ (Press CTRL+C to quit)
INFO:root:Welcome to the Home Page!
INFO:werkzeug:127.0.0.1 - - [10/Dec/2020 17:56:46] "[37mGET / HTTP/1.1[0m" 200 -
INFO:werkzeug: * Running on http://127.0.0.1:5000/ (Press CTRL+C to quit)
INFO:root:Welcome to the Home Page!
INFO:werkzeug:127.0.0.1 - - [10/Dec/2020 17:57:42] "[37mGET / HTTP/1.1[0m" 200 -
INFO:werkzeug: * Running on http://127.0.0.1:5000/ (Press CTRL+C to quit)
INFO:root:Welcome to the Home Page!
INFO:werkzeug:127.0.0.1 - - [10/Dec/2020 17:58:40] "[37mGET / HTTP/1.1[0m" 200 -
INFO:werkzeug: * Running on http://127.0.0.1:5000/ (Press CTRL+C to quit)
INFO:root:Welcome to the Home Page!
INFO:werkzeug:127.0.0.1 - - [10/Dec/2020 18:02:07] "[37mGET / HTTP/1.1[0m" 200 -
INFO:werkzeug: * Running on http://127.0.0.1:5000/ (Press CTRL+C to quit)
INFO:root:Welcome to the Home Page!
INFO:werkzeug:127.0.0.1 - - [10/Dec/2020 18:02:48] "[37mGET / HTTP/1.1[0m" 200 -
INFO:werkzeug: * Running on http://127.0.0.1:5000/ (Press CTRL+C to quit)
INFO:root:Welcome to the Home Page!
INFO:werkzeug:127.0.0.1 - - [10/Dec/2020 18:03:16] "[37mGET / HTTP/1.1[0m" 200 -
INFO:werkzeug: * Running on http://127.0.0.1:5000/ (Press CTRL+C to quit)
INFO:root:Welcome to the Home Page!
INFO:werkzeug:127.0.0.1 - - [10/Dec/2020 18:03:42] "[37mGET / HTTP/1.1[0m" 200 -
INFO:werkzeug: * Running on http://127.0.0.1:5000/ (Press CTRL+C to quit)
INFO:root:Welcome to the Home Page!
INFO:werkzeug:127.0.0.1 - - [10/Dec/2020 18:04:43] "[37mGET / HTTP/1.1[0m" 200 -
INFO:werkzeug: * Running on http://127.0.0.1:5000/ (Press CTRL+C to quit)
INFO:root:Welcome to the Home Page!
INFO:werkzeug:127.0.0.1 - - [10/Dec/2020 18:04:54] "[37mGET / HTTP/1.1[0m" 200 -
INFO:werkzeug: * Running on http://127.0.0.1:5000/ (Press CTRL+C to quit)
INFO:root:Welcome to the Home Page!
INFO:werkzeug:127.0.0.1 - - [10/Dec/2020 18:05:34] "[37mGET / HTTP/1.1[0m" 200 -
INFO:werkzeug: * Running on http://127.0.0.1:5000/ (Press CTRL+C to quit)
INFO:root:Welcome to the Home Page!
INFO:werkzeug:127.0.0.1 - - [10/Dec/2020 18:07:10] "[37mGET / HTTP/1.1[0m" 200 -
INFO:werkzeug: * Running on http://127.0.0.1:5000/ (Press CTRL+C to quit)
INFO:root:Welcome to the Home Page!
INFO:werkzeug:127.0.0.1 - - [10/Dec/2020 18:07:41] "[37mGET / HTTP/1.1[0m" 200 -
INFO:werkzeug: * Running on http://127.0.0.1:5000/ (Press CTRL+C to quit)
INFO:root:Welcome to the Home Page!
INFO:werkzeug:127.0.0.1 - - [10/Dec/2020 18:08:08] "[37mGET / HTTP/1.1[0m" 200 -
INFO:werkzeug: * Running on http://127.0.0.1:5000/ (Press CTRL+C to quit)
INFO:root:Welcome to the Home Page!
INFO:werkzeug:127.0.0.1 - - [10/Dec/2020 18:08:28] "[37mGET / HTTP/1.1[0m" 200 -
INFO:werkzeug: * Running on http://127.0.0.1:5000/ (Press CTRL+C to quit)
INFO:root:Welcome to the Home Page!
INFO:werkzeug:127.0.0.1 - - [10/Dec/2020 18:08:46] "[37mGET / HTTP/1.1[0m" 200 -
INFO:werkzeug: * Running on http://127.0.0.1:5000/ (Press CTRL+C to quit)
INFO:root:Welcome to the Home Page!
INFO:werkzeug:127.0.0.1 - - [10/Dec/2020 18:09:08] "[37mGET / HTTP/1.1[0m" 200 -
INFO:werkzeug: * Running on http://127.0.0.1:5000/ (Press CTRL+C to quit)
INFO:root:Welcome to the Home Page!
INFO:werkzeug:127.0.0.1 - - [10/Dec/2020 18:17:16] "[37mGET / HTTP/1.1[0m" 200 -
INFO:werkzeug:127.0.0.1 - - [10/Dec/2020 18:17:16] "[33mGET /lincoln.jpg HTTP/1.1[0m" 404 -
INFO:werkzeug: * Running on http://127.0.0.1:5000/ (Press CTRL+C to quit)
INFO:root:Welcome to the Home Page!
INFO:werkzeug:127.0.0.1 - - [10/Dec/2020 18:18:53] "[37mGET / HTTP/1.1[0m" 200 -
INFO:werkzeug:127.0.0.1 - - [10/Dec/2020 18:18:53] "[33mGET /lincoln.jpg HTTP/1.1[0m" 404 -
INFO:werkzeug:127.0.0.1 - - [10/Dec/2020 18:18:58] "[33mGET /lincoln.jpg HTTP/1.1[0m" 404 -
INFO:werkzeug:127.0.0.1 - - [10/Dec/2020 18:18:58] "[33mGET /favicon.ico HTTP/1.1[0m" 404 -
INFO:root:Welcome to the Home Page!
INFO:werkzeug:127.0.0.1 - - [10/Dec/2020 18:19:28] "[37mGET / HTTP/1.1[0m" 200 -
INFO:werkzeug:127.0.0.1 - - [10/Dec/2020 18:19:28] "[33mGET /lincoln.jpg HTTP/1.1[0m" 404 -
INFO:werkzeug: * Running on http://127.0.0.1:5000/ (Press CTRL+C to quit)
INFO:root:Welcome to the Home Page!
INFO:werkzeug:127.0.0.1 - - [10/Dec/2020 18:19:39] "[37mGET / HTTP/1.1[0m" 200 -
INFO:werkzeug:127.0.0.1 - - [10/Dec/2020 18:19:39] "[33mGET /lincoln.jpg HTTP/1.1[0m" 404 -
INFO:werkzeug: * Running on http://127.0.0.1:5000/ (Press CTRL+C to quit)
INFO:root:Welcome to the Home Page!
INFO:werkzeug:127.0.0.1 - - [10/Dec/2020 18:22:38] "[37mGET / HTTP/1.1[0m" 200 -
INFO:werkzeug:127.0.0.1 - - [10/Dec/2020 18:22:38] "[33mGET /env/lincoln.jpg HTTP/1.1[0m" 404 -
INFO:root:Welcome to the Home Page!
INFO:werkzeug:127.0.0.1 - - [10/Dec/2020 18:22:39] "[37mGET / HTTP/1.1[0m" 200 -
INFO:werkzeug:127.0.0.1 - - [10/Dec/2020 18:22:39] "[33mGET /env/lincoln.jpg HTTP/1.1[0m" 404 -
INFO:werkzeug: * Running on http://127.0.0.1:5000/ (Press CTRL+C to quit)
INFO:root:Welcome to the Home Page!
INFO:werkzeug:127.0.0.1 - - [10/Dec/2020 18:23:07] "[37mGET / HTTP/1.1[0m" 200 -
INFO:werkzeug:127.0.0.1 - - [10/Dec/2020 18:23:07] "[33mGET /env/lincoln.jpg HTTP/1.1[0m" 404 -
INFO:werkzeug:127.0.0.1 - - [10/Dec/2020 18:23:23] "[33mGET /env/lincoln.jpg HTTP/1.1[0m" 404 -
INFO:werkzeug:127.0.0.1 - - [10/Dec/2020 18:23:23] "[33mGET /favicon.ico HTTP/1.1[0m" 404 -
INFO:werkzeug: * Running on http://127.0.0.1:5000/ (Press CTRL+C to quit)
INFO:root:Welcome to the Home Page!
INFO:werkzeug:127.0.0.1 - - [10/Dec/2020 18:25:04] "[37mGET / HTTP/1.1[0m" 200 -
INFO:werkzeug:127.0.0.1 - - [10/Dec/2020 18:25:04] "[33mGET /images/lincoln.jpg HTTP/1.1[0m" 404 -
INFO:werkzeug:127.0.0.1 - - [10/Dec/2020 18:25:07] "[33mGET /images/lincoln.jpg HTTP/1.1[0m" 404 -
INFO:werkzeug:127.0.0.1 - - [10/Dec/2020 18:25:07] "[33mGET /favicon.ico HTTP/1.1[0m" 404 -
INFO:werkzeug: * Running on http://127.0.0.1:5000/ (Press CTRL+C to quit)
INFO:root:Welcome to the Home Page!
INFO:werkzeug:127.0.0.1 - - [10/Dec/2020 18:26:31] "[37mGET / HTTP/1.1[0m" 200 -
INFO:werkzeug:127.0.0.1 - - [10/Dec/2020 18:26:31] "[33mGET /images/lincoln.jpg HTTP/1.1[0m" 404 -
INFO:werkzeug: * Running on http://127.0.0.1:5000/ (Press CTRL+C to quit)
INFO:root:Welcome to the Home Page!
INFO:werkzeug:127.0.0.1 - - [10/Dec/2020 18:28:01] "[37mGET / HTTP/1.1[0m" 200 -
INFO:werkzeug:127.0.0.1 - - [10/Dec/2020 18:28:01] "[33mGET /images/lincoln.jpg HTTP/1.1[0m" 404 -
INFO:werkzeug: * Running on http://127.0.0.1:5000/ (Press CTRL+C to quit)
INFO:root:Welcome to the Home Page!
INFO:werkzeug:127.0.0.1 - - [10/Dec/2020 18:32:20] "[37mGET / HTTP/1.1[0m" 200 -
INFO:werkzeug:127.0.0.1 - - [10/Dec/2020 18:32:20] "[33mGET /images/lincoln.jpg HTTP/1.1[0m" 404 -
INFO:werkzeug: * Running on http://127.0.0.1:5000/ (Press CTRL+C to quit)
INFO:root:Welcome to the Home Page!
INFO:werkzeug:127.0.0.1 - - [10/Dec/2020 18:33:00] "[37mGET / HTTP/1.1[0m" 200 -
INFO:werkzeug:127.0.0.1 - - [10/Dec/2020 18:33:00] "[33mGET /images/lincoln.jpg HTTP/1.1[0m" 404 -
INFO:werkzeug: * Running on http://127.0.0.1:5000/ (Press CTRL+C to quit)
INFO:root:Welcome to the Home Page!
INFO:werkzeug:127.0.0.1 - - [10/Dec/2020 18:37:45] "[37mGET / HTTP/1.1[0m" 200 -
INFO:werkzeug:127.0.0.1 - - [10/Dec/2020 18:37:45] "[33mGET /images/lincoln.jpg HTTP/1.1[0m" 404 -
INFO:root:Welcome to the Home Page!
INFO:werkzeug:127.0.0.1 - - [10/Dec/2020 18:37:46] "[37mGET / HTTP/1.1[0m" 200 -
INFO:werkzeug:127.0.0.1 - - [10/Dec/2020 18:37:46] "[33mGET /images/lincoln.jpg HTTP/1.1[0m" 404 -
INFO:root:Welcome to the Home Page!
INFO:werkzeug:127.0.0.1 - - [10/Dec/2020 18:37:46] "[37mGET / HTTP/1.1[0m" 200 -
INFO:werkzeug:127.0.0.1 - - [10/Dec/2020 18:37:46] "[33mGET /images/lincoln.jpg HTTP/1.1[0m" 404 -
INFO:werkzeug: * Running on http://127.0.0.1:5000/ (Press CTRL+C to quit)
INFO:root:Welcome to the Home Page!
INFO:werkzeug:127.0.0.1 - - [10/Dec/2020 18:38:07] "[37mGET / HTTP/1.1[0m" 200 -
INFO:werkzeug:127.0.0.1 - - [10/Dec/2020 18:38:07] "[33mGET /images/lincoln.jpg HTTP/1.1[0m" 404 -
INFO:werkzeug: * Running on http://127.0.0.1:5000/ (Press CTRL+C to quit)
INFO:root:Welcome to the Home Page!
INFO:werkzeug:127.0.0.1 - - [10/Dec/2020 18:38:41] "[37mGET / HTTP/1.1[0m" 200 -
INFO:werkzeug:127.0.0.1 - - [10/Dec/2020 18:38:41] "[33mGET /images/lincoln.jpg HTTP/1.1[0m" 404 -
INFO:werkzeug: * Running on http://127.0.0.1:5000/ (Press CTRL+C to quit)
INFO:root:Welcome to the Home Page!
INFO:werkzeug:127.0.0.1 - - [10/Dec/2020 18:42:31] "[37mGET / HTTP/1.1[0m" 200 -
INFO:werkzeug:127.0.0.1 - - [10/Dec/2020 18:42:31] "[33mGET /Documents/GitHub/CMPT-120-910-20F/SemesterProject/templates/images/lincoln.jpg HTTP/1.1[0m" 404 -
INFO:root:Welcome to the Home Page!
INFO:werkzeug:127.0.0.1 - - [10/Dec/2020 18:42:32] "[37mGET / HTTP/1.1[0m" 200 -
INFO:werkzeug:127.0.0.1 - - [10/Dec/2020 18:42:32] "[33mGET /Documents/GitHub/CMPT-120-910-20F/SemesterProject/templates/images/lincoln.jpg HTTP/1.1[0m" 404 -
INFO:root:Welcome to the Home Page!
INFO:werkzeug:127.0.0.1 - - [10/Dec/2020 18:42:32] "[37mGET / HTTP/1.1[0m" 200 -
INFO:werkzeug:127.0.0.1 - - [10/Dec/2020 18:42:32] "[33mGET /Documents/GitHub/CMPT-120-910-20F/SemesterProject/templates/images/lincoln.jpg HTTP/1.1[0m" 404 -
INFO:root:Welcome to the Home Page!
INFO:werkzeug:127.0.0.1 - - [10/Dec/2020 18:42:32] "[37mGET / HTTP/1.1[0m" 200 -
INFO:werkzeug:127.0.0.1 - - [10/Dec/2020 18:42:32] "[33mGET /Documents/GitHub/CMPT-120-910-20F/SemesterProject/templates/images/lincoln.jpg HTTP/1.1[0m" 404 -
INFO:werkzeug: * Running on http://127.0.0.1:5000/ (Press CTRL+C to quit)
INFO:root:Welcome to the Home Page!
INFO:werkzeug:127.0.0.1 - - [10/Dec/2020 18:44:34] "[37mGET / HTTP/1.1[0m" 200 -
INFO:werkzeug:127.0.0.1 - - [10/Dec/2020 18:44:34] "[33mGET /lincoln.jpg HTTP/1.1[0m" 404 -
INFO:root:Welcome to the Home Page!
INFO:werkzeug:127.0.0.1 - - [10/Dec/2020 18:44:35] "[37mGET / HTTP/1.1[0m" 200 -
INFO:werkzeug:127.0.0.1 - - [10/Dec/2020 18:44:35] "[33mGET /lincoln.jpg HTTP/1.1[0m" 404 -
INFO:werkzeug: * Running on http://127.0.0.1:5000/ (Press CTRL+C to quit)
INFO:root:Welcome to the Home Page!
INFO:werkzeug:127.0.0.1 - - [10/Dec/2020 18:46:39] "[37mGET / HTTP/1.1[0m" 200 -
INFO:werkzeug:127.0.0.1 - - [10/Dec/2020 18:46:39] "[33mGET /img/lincoln.jpg HTTP/1.1[0m" 404 -
INFO:werkzeug: * Running on http://127.0.0.1:5000/ (Press CTRL+C to quit)
INFO:root:Welcome to the Home Page!
INFO:werkzeug:127.0.0.1 - - [10/Dec/2020 18:49:55] "[37mGET / HTTP/1.1[0m" 200 -
INFO:werkzeug:127.0.0.1 - - [10/Dec/2020 18:49:55] "[33mGET /lincoln.jpg HTTP/1.1[0m" 404 -
INFO:root:Welcome to the Home Page!
INFO:werkzeug:127.0.0.1 - - [10/Dec/2020 18:49:56] "[37mGET / HTTP/1.1[0m" 200 -
INFO:werkzeug:127.0.0.1 - - [10/Dec/2020 18:49:56] "[33mGET /lincoln.jpg HTTP/1.1[0m" 404 -
INFO:werkzeug: * Running on http://127.0.0.1:5000/ (Press CTRL+C to quit)
INFO:root:Welcome to the Home Page!
INFO:werkzeug:127.0.0.1 - - [10/Dec/2020 18:53:27] "[37mGET / HTTP/1.1[0m" 200 -
INFO:werkzeug:127.0.0.1 - - [10/Dec/2020 18:53:27] "[33mGET /lincoln.jpg HTTP/1.1[0m" 404 -
INFO:werkzeug: * Running on http://127.0.0.1:5000/ (Press CTRL+C to quit)
INFO:root:Welcome to the Home Page!
INFO:werkzeug:127.0.0.1 - - [10/Dec/2020 18:57:13] "[37mGET / HTTP/1.1[0m" 200 -
INFO:werkzeug: * Running on http://127.0.0.1:5000/ (Press CTRL+C to quit)
INFO:root:Welcome to the Home Page!
INFO:werkzeug:127.0.0.1 - - [10/Dec/2020 21:30:54] "[37mGET / HTTP/1.1[0m" 200 -
INFO:app:Switching to the Personality Page
INFO:werkzeug:127.0.0.1 - - [10/Dec/2020 21:30:57] "[37mGET /personality HTTP/1.1[0m" 200 -
INFO:werkzeug: * Running on http://127.0.0.1:5000/ (Press CTRL+C to quit)
INFO:app:Switching to the Personality Page
INFO:werkzeug:127.0.0.1 - - [10/Dec/2020 21:33:15] "[37mGET /personality HTTP/1.1[0m" 200 -
INFO:werkzeug: * Running on http://127.0.0.1:5000/ (Press CTRL+C to quit)
INFO:app:Switching to the Personality Page
INFO:werkzeug:127.0.0.1 - - [10/Dec/2020 21:33:53] "[37mGET /personality HTTP/1.1[0m" 200 -
INFO:root:Welcome to the Home Page!
INFO:werkzeug:127.0.0.1 - - [10/Dec/2020 21:34:03] "[37mGET / HTTP/1.1[0m" 200 -
INFO:app:Switching to the Personality Page
INFO:werkzeug:127.0.0.1 - - [10/Dec/2020 21:34:05] "[37mGET /personality HTTP/1.1[0m" 200 -
INFO:werkzeug:127.0.0.1 - - [10/Dec/2020 21:34:09] "[32mGET /about HTTP/1.1[0m" 308 -
INFO:root:Going to the About Page!
INFO:werkzeug:127.0.0.1 - - [10/Dec/2020 21:34:09] "[37mGET /about/ HTTP/1.1[0m" 200 -
INFO:werkzeug:127.0.0.1 - - [10/Dec/2020 21:34:09] "[33mGET /favicon.ico HTTP/1.1[0m" 404 -
INFO:werkzeug:127.0.0.1 - - [10/Dec/2020 21:34:10] "[32mGET /contact HTTP/1.1[0m" 308 -
INFO:root:Going to the Contact Page!
INFO:werkzeug:127.0.0.1 - - [10/Dec/2020 21:34:10] "[37mGET /contact/ HTTP/1.1[0m" 200 -
INFO:werkzeug:127.0.0.1 - - [10/Dec/2020 21:34:10] "[33mGET /favicon.ico HTTP/1.1[0m" 404 -
INFO:root:Going to the Contact Page!
INFO:werkzeug:127.0.0.1 - - [10/Dec/2020 21:34:26] "[37mGET /contact/ HTTP/1.1[0m" 200 -
INFO:root:Welcome to the Home Page!
INFO:werkzeug:127.0.0.1 - - [10/Dec/2020 21:34:27] "[37mGET / HTTP/1.1[0m" 200 -
INFO:app:Switching to the 404 Page, This is a test page so we don't need to error here.
INFO:werkzeug:127.0.0.1 - - [10/Dec/2020 21:34:27] "[37mGET /404/ HTTP/1.1[0m" 200 -
INFO:werkzeug:127.0.0.1 - - [10/Dec/2020 21:34:28] "[33mGET /favicon.ico HTTP/1.1[0m" 404 -
INFO:app:Switching to the 404 Page, This is a test page so we don't need to error here.
INFO:werkzeug:127.0.0.1 - - [10/Dec/2020 21:34:29] "[37mGET /404/ HTTP/1.1[0m" 200 -
INFO:root:Welcome to the Home Page!
INFO:werkzeug:127.0.0.1 - - [10/Dec/2020 21:34:32] "[37mGET / HTTP/1.1[0m" 200 -
INFO:app:Switching to the Personality Page
INFO:werkzeug:127.0.0.1 - - [10/Dec/2020 21:36:34] "[37mGET /personality HTTP/1.1[0m" 200 -
INFO:werkzeug:127.0.0.1 - - [10/Dec/2020 21:36:39] "[32mGET /about HTTP/1.1[0m" 308 -
INFO:root:Going to the About Page!
INFO:werkzeug:127.0.0.1 - - [10/Dec/2020 21:36:39] "[37mGET /about/ HTTP/1.1[0m" 200 -
INFO:werkzeug:127.0.0.1 - - [10/Dec/2020 21:36:39] "[33mGET /favicon.ico HTTP/1.1[0m" 404 -
INFO:werkzeug:127.0.0.1 - - [10/Dec/2020 21:36:42] "[32mGET /contact HTTP/1.1[0m" 308 -
INFO:root:Going to the Contact Page!
INFO:werkzeug:127.0.0.1 - - [10/Dec/2020 21:36:42] "[37mGET /contact/ HTTP/1.1[0m" 200 -
INFO:werkzeug:127.0.0.1 - - [10/Dec/2020 21:36:42] "[33mGET /favicon.ico HTTP/1.1[0m" 404 -
INFO:werkzeug: * Running on http://127.0.0.1:5000/ (Press CTRL+C to quit)
INFO:root:Going to the Contact Page!
INFO:werkzeug:127.0.0.1 - - [11/Dec/2020 10:45:01] "[37mGET /contact/ HTTP/1.1[0m" 200 -
INFO:root:Welcome to the Home Page!
INFO:werkzeug:127.0.0.1 - - [11/Dec/2020 10:45:12] "[37mGET / HTTP/1.1[0m" 200 -
INFO:werkzeug: * Running on http://127.0.0.1:5000/ (Press CTRL+C to quit)
INFO:root:Welcome to the Home Page!
INFO:werkzeug:127.0.0.1 - - [11/Dec/2020 10:50:55] "[37mGET / HTTP/1.1[0m" 200 -
INFO:werkzeug:127.0.0.1 - - [11/Dec/2020 10:50:57] "[32mGET /about HTTP/1.1[0m" 308 -
INFO:root:Going to the About Page!
INFO:werkzeug:127.0.0.1 - - [11/Dec/2020 10:50:57] "[37mGET /about/ HTTP/1.1[0m" 200 -
INFO:werkzeug:127.0.0.1 - - [11/Dec/2020 10:50:57] "[33mGET /favicon.ico HTTP/1.1[0m" 404 -
INFO:werkzeug: * Running on http://127.0.0.1:5000/ (Press CTRL+C to quit)
INFO:root:Going to the About Page!
INFO:werkzeug:127.0.0.1 - - [11/Dec/2020 10:52:09] "[37mGET /about/ HTTP/1.1[0m" 200 -
INFO:werkzeug: * Running on http://127.0.0.1:5000/ (Press CTRL+C to quit)
INFO:root:Going to the About Page!
INFO:werkzeug:127.0.0.1 - - [11/Dec/2020 10:55:23] "[37mGET /about/ HTTP/1.1[0m" 200 -
INFO:werkzeug: * Running on http://127.0.0.1:5000/ (Press CTRL+C to quit)
INFO:root:Going to the About Page!
INFO:werkzeug:127.0.0.1 - - [11/Dec/2020 10:55:46] "[37mGET /about/ HTTP/1.1[0m" 200 -
INFO:werkzeug: * Running on http://127.0.0.1:5000/ (Press CTRL+C to quit)
INFO:root:Going to the About Page!
INFO:werkzeug:127.0.0.1 - - [11/Dec/2020 10:56:00] "[37mGET /about/ HTTP/1.1[0m" 200 -
INFO:werkzeug: * Running on http://127.0.0.1:5000/ (Press CTRL+C to quit)
INFO:root:Going to the About Page!
INFO:werkzeug:127.0.0.1 - - [11/Dec/2020 10:56:29] "[37mGET /about/ HTTP/1.1[0m" 200 -
INFO:werkzeug: * Running on http://127.0.0.1:5000/ (Press CTRL+C to quit)
INFO:root:Going to the About Page!
INFO:werkzeug:127.0.0.1 - - [11/Dec/2020 10:56:49] "[37mGET /about/ HTTP/1.1[0m" 200 -
INFO:root:Welcome to the Home Page!
INFO:werkzeug:127.0.0.1 - - [11/Dec/2020 10:57:05] "[37mGET / HTTP/1.1[0m" 200 -
INFO:werkzeug: * Running on http://127.0.0.1:5000/ (Press CTRL+C to quit)
INFO:root:Welcome to the Home Page!
INFO:werkzeug:127.0.0.1 - - [11/Dec/2020 10:59:59] "[37mGET / HTTP/1.1[0m" 200 -
INFO:app:Switching to the Personality Page
INFO:werkzeug:127.0.0.1 - - [11/Dec/2020 11:00:01] "[37mGET /personality HTTP/1.1[0m" 200 -
INFO:werkzeug:127.0.0.1 - - [11/Dec/2020 11:00:04] "[32mGET /about HTTP/1.1[0m" 308 -
INFO:root:Going to the About Page!
INFO:werkzeug:127.0.0.1 - - [11/Dec/2020 11:00:04] "[37mGET /about/ HTTP/1.1[0m" 200 -
INFO:werkzeug:127.0.0.1 - - [11/Dec/2020 11:00:04] "[33mGET /favicon.ico HTTP/1.1[0m" 404 -
INFO:werkzeug: * Running on http://127.0.0.1:5000/ (Press CTRL+C to quit)
INFO:root:Going to the About Page!
INFO:werkzeug:127.0.0.1 - - [11/Dec/2020 11:00:51] "[37mGET /about/ HTTP/1.1[0m" 200 -
INFO:werkzeug: * Running on http://127.0.0.1:5000/ (Press CTRL+C to quit)
INFO:root:Going to the About Page!
INFO:werkzeug:127.0.0.1 - - [11/Dec/2020 11:07:34] "[37mGET /about/ HTTP/1.1[0m" 200 -
INFO:werkzeug:127.0.0.1 - - [11/Dec/2020 11:07:36] "[32mGET /contact HTTP/1.1[0m" 308 -
INFO:root:Going to the Contact Page!
INFO:werkzeug:127.0.0.1 - - [11/Dec/2020 11:07:36] "[37mGET /contact/ HTTP/1.1[0m" 200 -
INFO:werkzeug:127.0.0.1 - - [11/Dec/2020 11:07:36] "[33mGET /favicon.ico HTTP/1.1[0m" 404 -
INFO:werkzeug: * Running on http://127.0.0.1:5000/ (Press CTRL+C to quit)
INFO:root:Going to the Contact Page!
INFO:werkzeug:127.0.0.1 - - [11/Dec/2020 11:08:44] "[37mGET /contact/ HTTP/1.1[0m" 200 -
INFO:werkzeug: * Running on http://127.0.0.1:5000/ (Press CTRL+C to quit)
INFO:root:Going to the Contact Page!
INFO:werkzeug:127.0.0.1 - - [11/Dec/2020 11:09:33] "[37mGET /contact/ HTTP/1.1[0m" 200 -
INFO:werkzeug:127.0.0.1 - - [11/Dec/2020 11:10:10] "[32mGET /about HTTP/1.1[0m" 308 -
INFO:root:Going to the About Page!
INFO:werkzeug:127.0.0.1 - - [11/Dec/2020 11:10:10] "[37mGET /about/ HTTP/1.1[0m" 200 -
INFO:werkzeug:127.0.0.1 - - [11/Dec/2020 11:10:10] "[33mGET /favicon.ico HTTP/1.1[0m" 404 -
INFO:app:Switching to the Personality Page
INFO:werkzeug:127.0.0.1 - - [11/Dec/2020 11:10:12] "[37mGET /personality HTTP/1.1[0m" 200 -
INFO:root:Welcome to the Home Page!
INFO:werkzeug:127.0.0.1 - - [11/Dec/2020 11:10:14] "[37mGET / HTTP/1.1[0m" 200 -
INFO:werkzeug: * Running on http://127.0.0.1:5000/ (Press CTRL+C to quit)
INFO:root:Welcome to the Home Page!
INFO:werkzeug:127.0.0.1 - - [11/Dec/2020 11:10:45] "[37mGET / HTTP/1.1[0m" 200 -
INFO:app:Switching to the Personality Page
INFO:werkzeug:127.0.0.1 - - [11/Dec/2020 11:10:55] "[37mGET /personality HTTP/1.1[0m" 200 -
INFO:werkzeug:127.0.0.1 - - [11/Dec/2020 11:10:57] "[32mGET /about HTTP/1.1[0m" 308 -
INFO:root:Going to the About Page!
INFO:werkzeug:127.0.0.1 - - [11/Dec/2020 11:10:57] "[37mGET /about/ HTTP/1.1[0m" 200 -
INFO:werkzeug:127.0.0.1 - - [11/Dec/2020 11:10:57] "[33mGET /favicon.ico HTTP/1.1[0m" 404 -
INFO:werkzeug:127.0.0.1 - - [11/Dec/2020 11:11:00] "[32mGET /contact HTTP/1.1[0m" 308 -
INFO:root:Going to the Contact Page!
INFO:werkzeug:127.0.0.1 - - [11/Dec/2020 11:11:00] "[37mGET /contact/ HTTP/1.1[0m" 200 -
INFO:werkzeug:127.0.0.1 - - [11/Dec/2020 11:11:00] "[33mGET /favicon.ico HTTP/1.1[0m" 404 -
INFO:root:Welcome to the Home Page!
INFO:werkzeug:127.0.0.1 - - [11/Dec/2020 11:11:02] "[37mGET / HTTP/1.1[0m" 200 -
INFO:app:Switching to the Personality Page
INFO:werkzeug:127.0.0.1 - - [11/Dec/2020 11:11:17] "[37mGET /personality HTTP/1.1[0m" 200 -
INFO:werkzeug:127.0.0.1 - - [11/Dec/2020 11:11:20] "[32mGET /about HTTP/1.1[0m" 308 -
INFO:root:Going to the About Page!
INFO:werkzeug:127.0.0.1 - - [11/Dec/2020 11:11:20] "[37mGET /about/ HTTP/1.1[0m" 200 -
INFO:werkzeug:127.0.0.1 - - [11/Dec/2020 11:11:20] "[33mGET /favicon.ico HTTP/1.1[0m" 404 -
INFO:werkzeug:127.0.0.1 - - [11/Dec/2020 11:11:22] "[32mGET /contact HTTP/1.1[0m" 308 -
INFO:root:Going to the Contact Page!
INFO:werkzeug:127.0.0.1 - - [11/Dec/2020 11:11:22] "[37mGET /contact/ HTTP/1.1[0m" 200 -
INFO:werkzeug:127.0.0.1 - - [11/Dec/2020 11:11:22] "[33mGET /favicon.ico HTTP/1.1[0m" 404 -
INFO:root:Welcome to the Home Page!
INFO:werkzeug:127.0.0.1 - - [11/Dec/2020 11:11:25] "[37mGET / HTTP/1.1[0m" 200 -
INFO:app:Switching to the Personality Page
INFO:werkzeug:127.0.0.1 - - [11/Dec/2020 11:20:57] "[37mGET /personality HTTP/1.1[0m" 200 -
INFO:root:Welcome to the Home Page!
INFO:werkzeug:127.0.0.1 - - [11/Dec/2020 11:20:59] "[37mGET / HTTP/1.1[0m" 200 -
INFO:werkzeug: * Running on http://127.0.0.1:5000/ (Press CTRL+C to quit)
INFO:root:Welcome to the Home Page!
INFO:werkzeug:127.0.0.1 - - [11/Dec/2020 16:00:21] "[37mGET / HTTP/1.1[0m" 200 -
INFO:werkzeug: * Running on http://127.0.0.1:5000/ (Press CTRL+C to quit)
INFO:root:Welcome to the Home Page!
INFO:werkzeug:127.0.0.1 - - [11/Dec/2020 16:00:55] "[37mGET / HTTP/1.1[0m" 200 -
INFO:werkzeug: * Running on http://127.0.0.1:5000/ (Press CTRL+C to quit)
INFO:root:Welcome to the Home Page!
INFO:werkzeug:127.0.0.1 - - [11/Dec/2020 16:01:19] "[37mGET / HTTP/1.1[0m" 200 -
INFO:werkzeug: * Running on http://127.0.0.1:5000/ (Press CTRL+C to quit)
INFO:root:Welcome to the Home Page!
INFO:werkzeug:127.0.0.1 - - [11/Dec/2020 16:02:18] "[37mGET / HTTP/1.1[0m" 200 -
INFO:werkzeug: * Running on http://127.0.0.1:5000/ (Press CTRL+C to quit)
INFO:root:Welcome to the Home Page!
INFO:werkzeug:127.0.0.1 - - [11/Dec/2020 16:02:55] "[37mGET / HTTP/1.1[0m" 200 -
INFO:werkzeug: * Running on http://127.0.0.1:5000/ (Press CTRL+C to quit)
INFO:root:Welcome to the Home Page!
INFO:werkzeug:127.0.0.1 - - [11/Dec/2020 16:03:35] "[37mGET / HTTP/1.1[0m" 200 -
INFO:app:Switching to the Personality Page
INFO:werkzeug:127.0.0.1 - - [11/Dec/2020 16:04:16] "[37mGET /personality HTTP/1.1[0m" 200 -
INFO:werkzeug: * Running on http://127.0.0.1:5000/ (Press CTRL+C to quit)
INFO:app:Switching to the Personality Page
INFO:werkzeug:127.0.0.1 - - [11/Dec/2020 16:06:04] "[37mGET /personality HTTP/1.1[0m" 200 -
INFO:werkzeug: * Running on http://127.0.0.1:5000/ (Press CTRL+C to quit)
INFO:app:Switching to the Personality Page
INFO:werkzeug:127.0.0.1 - - [11/Dec/2020 16:06:45] "[37mGET /personality HTTP/1.1[0m" 200 -
INFO:root:Welcome to the Home Page!
INFO:werkzeug:127.0.0.1 - - [11/Dec/2020 16:07:09] "[37mGET / HTTP/1.1[0m" 200 -
INFO:app:Switching to the Personality Page
INFO:werkzeug:127.0.0.1 - - [11/Dec/2020 16:07:13] "[37mGET /personality HTTP/1.1[0m" 200 -
INFO:werkzeug: * Running on http://127.0.0.1:5000/ (Press CTRL+C to quit)
INFO:app:Switching to the Personality Page
INFO:werkzeug:127.0.0.1 - - [11/Dec/2020 16:07:29] "[37mGET /personality HTTP/1.1[0m" 200 -
INFO:werkzeug: * Running on http://127.0.0.1:5000/ (Press CTRL+C to quit)
INFO:app:Switching to the Personality Page
INFO:werkzeug:127.0.0.1 - - [11/Dec/2020 16:07:56] "[37mGET /personality HTTP/1.1[0m" 200 -
INFO:werkzeug: * Running on http://127.0.0.1:5000/ (Press CTRL+C to quit)
INFO:app:Switching to the Personality Page
INFO:werkzeug:127.0.0.1 - - [11/Dec/2020 16:08:15] "[37mGET /personality HTTP/1.1[0m" 200 -
INFO:werkzeug: * Running on http://127.0.0.1:5000/ (Press CTRL+C to quit)
INFO:app:Switching to the Personality Page
INFO:werkzeug:127.0.0.1 - - [11/Dec/2020 16:08:57] "[37mGET /personality HTTP/1.1[0m" 200 -
INFO:werkzeug: * Running on http://127.0.0.1:5000/ (Press CTRL+C to quit)
INFO:app:Switching to the Personality Page
INFO:werkzeug:127.0.0.1 - - [11/Dec/2020 16:09:12] "[37mGET /personality HTTP/1.1[0m" 200 -
INFO:werkzeug: * Running on http://127.0.0.1:5000/ (Press CTRL+C to quit)
INFO:app:Switching to the Personality Page
INFO:werkzeug:127.0.0.1 - - [11/Dec/2020 16:09:56] "[37mGET /personality HTTP/1.1[0m" 200 -
INFO:app:Switching to the Personality Page
INFO:werkzeug:127.0.0.1 - - [11/Dec/2020 16:10:04] "[37mGET /personality HTTP/1.1[0m" 200 -
INFO:werkzeug: * Running on http://127.0.0.1:5000/ (Press CTRL+C to quit)
INFO:app:Switching to the Personality Page
INFO:werkzeug:127.0.0.1 - - [11/Dec/2020 16:10:29] "[37mGET /personality HTTP/1.1[0m" 200 -
INFO:werkzeug: * Running on http://127.0.0.1:5000/ (Press CTRL+C to quit)
INFO:app:Switching to the Personality Page
INFO:werkzeug:127.0.0.1 - - [11/Dec/2020 16:11:07] "[37mGET /personality HTTP/1.1[0m" 200 -
INFO:werkzeug: * Running on http://127.0.0.1:5000/ (Press CTRL+C to quit)
INFO:app:Switching to the Personality Page
INFO:werkzeug:127.0.0.1 - - [11/Dec/2020 16:12:14] "[37mGET /personality HTTP/1.1[0m" 200 -
INFO:werkzeug: * Running on http://127.0.0.1:5000/ (Press CTRL+C to quit)
INFO:app:Switching to the Personality Page
INFO:werkzeug:127.0.0.1 - - [11/Dec/2020 16:22:27] "[37mGET /personality HTTP/1.1[0m" 200 -
INFO:werkzeug: * Running on http://127.0.0.1:5000/ (Press CTRL+C to quit)
INFO:app:Switching to the Personality Page
INFO:werkzeug:127.0.0.1 - - [11/Dec/2020 16:23:14] "[37mGET /personality HTTP/1.1[0m" 200 -
INFO:werkzeug: * Running on http://127.0.0.1:5000/ (Press CTRL+C to quit)
INFO:app:Switching to the Personality Page
INFO:werkzeug:127.0.0.1 - - [11/Dec/2020 16:24:06] "[37mGET /personality HTTP/1.1[0m" 200 -
INFO:root:Welcome to the Home Page!
INFO:werkzeug:127.0.0.1 - - [11/Dec/2020 16:24:13] "[37mGET / HTTP/1.1[0m" 200 -
INFO:werkzeug: * Running on http://127.0.0.1:5000/ (Press CTRL+C to quit)
INFO:root:Welcome to the Home Page!
INFO:werkzeug:127.0.0.1 - - [11/Dec/2020 16:24:51] "[37mGET / HTTP/1.1[0m" 200 -
INFO:werkzeug: * Running on http://127.0.0.1:5000/ (Press CTRL+C to quit)
INFO:root:Welcome to the Home Page!
INFO:werkzeug:127.0.0.1 - - [11/Dec/2020 16:27:42] "[37mGET / HTTP/1.1[0m" 200 -
INFO:app:Switching to the Personality Page
INFO:werkzeug:127.0.0.1 - - [11/Dec/2020 16:27:44] "[37mGET /personality HTTP/1.1[0m" 200 -
INFO:werkzeug:127.0.0.1 - - [11/Dec/2020 16:27:46] "[32mGET /about HTTP/1.1[0m" 308 -
INFO:root:Going to the About Page!
INFO:werkzeug:127.0.0.1 - - [11/Dec/2020 16:27:46] "[37mGET /about/ HTTP/1.1[0m" 200 -
INFO:werkzeug:127.0.0.1 - - [11/Dec/2020 16:27:46] "[33mGET /favicon.ico HTTP/1.1[0m" 404 -
INFO:werkzeug:127.0.0.1 - - [11/Dec/2020 16:27:48] "[32mGET /contact HTTP/1.1[0m" 308 -
INFO:root:Going to the Contact Page!
INFO:werkzeug:127.0.0.1 - - [11/Dec/2020 16:27:48] "[37mGET /contact/ HTTP/1.1[0m" 200 -
INFO:werkzeug:127.0.0.1 - - [11/Dec/2020 16:27:48] "[33mGET /favicon.ico HTTP/1.1[0m" 404 -
INFO:werkzeug: * Running on http://127.0.0.1:5000/ (Press CTRL+C to quit)
INFO:root:Going to the Contact Page!
INFO:werkzeug:127.0.0.1 - - [11/Dec/2020 16:28:28] "[37mGET /contact/ HTTP/1.1[0m" 200 -
INFO:werkzeug:127.0.0.1 - - [11/Dec/2020 16:28:31] "[32mGET /about HTTP/1.1[0m" 308 -
INFO:root:Going to the About Page!
INFO:werkzeug:127.0.0.1 - - [11/Dec/2020 16:28:31] "[37mGET /about/ HTTP/1.1[0m" 200 -
INFO:werkzeug:127.0.0.1 - - [11/Dec/2020 16:28:31] "[33mGET /favicon.ico HTTP/1.1[0m" 404 -
INFO:werkzeug:127.0.0.1 - - [11/Dec/2020 16:28:43] "[32mGET /contact HTTP/1.1[0m" 308 -
INFO:root:Going to the Contact Page!
INFO:werkzeug:127.0.0.1 - - [11/Dec/2020 16:28:43] "[37mGET /contact/ HTTP/1.1[0m" 200 -
INFO:werkzeug:127.0.0.1 - - [11/Dec/2020 16:28:43] "[33mGET /favicon.ico HTTP/1.1[0m" 404 -
INFO:werkzeug:127.0.0.1 - - [11/Dec/2020 16:28:47] "[32mGET /about HTTP/1.1[0m" 308 -
INFO:root:Going to the About Page!
INFO:werkzeug:127.0.0.1 - - [11/Dec/2020 16:28:47] "[37mGET /about/ HTTP/1.1[0m" 200 -
INFO:werkzeug:127.0.0.1 - - [11/Dec/2020 16:28:47] "[33mGET /favicon.ico HTTP/1.1[0m" 404 -
INFO:app:Switching to the Personality Page
INFO:werkzeug:127.0.0.1 - - [11/Dec/2020 16:28:48] "[37mGET /personality HTTP/1.1[0m" 200 -
INFO:root:Welcome to the Home Page!
INFO:werkzeug:127.0.0.1 - - [11/Dec/2020 16:28:51] "[37mGET / HTTP/1.1[0m" 200 -
INFO:app:Switching to the Personality Page
INFO:werkzeug:127.0.0.1 - - [11/Dec/2020 16:28:53] "[37mGET /personality HTTP/1.1[0m" 200 -
INFO:werkzeug: * Running on http://127.0.0.1:5000/ (Press CTRL+C to quit)
INFO:app:Switching to the Personality Page
INFO:werkzeug:127.0.0.1 - - [11/Dec/2020 16:29:57] "[37mGET /personality HTTP/1.1[0m" 200 -
INFO:werkzeug: * Running on http://127.0.0.1:5000/ (Press CTRL+C to quit)
INFO:app:Switching to the Personality Page
INFO:werkzeug:127.0.0.1 - - [11/Dec/2020 16:30:37] "[37mGET /personality HTTP/1.1[0m" 200 -
INFO:root:Welcome to the Home Page!
INFO:werkzeug:127.0.0.1 - - [11/Dec/2020 16:30:52] "[37mGET / HTTP/1.1[0m" 200 -
INFO:app:Switching to the Personality Page
INFO:werkzeug:127.0.0.1 - - [11/Dec/2020 16:30:53] "[37mGET /personality HTTP/1.1[0m" 200 -
INFO:werkzeug:127.0.0.1 - - [11/Dec/2020 16:30:54] "[32mGET /about HTTP/1.1[0m" 308 -
INFO:root:Going to the About Page!
INFO:werkzeug:127.0.0.1 - - [11/Dec/2020 16:30:54] "[37mGET /about/ HTTP/1.1[0m" 200 -
INFO:werkzeug:127.0.0.1 - - [11/Dec/2020 16:30:54] "[33mGET /favicon.ico HTTP/1.1[0m" 404 -
INFO:werkzeug:127.0.0.1 - - [11/Dec/2020 16:30:55] "[32mGET /contact HTTP/1.1[0m" 308 -
INFO:root:Going to the Contact Page!
INFO:werkzeug:127.0.0.1 - - [11/Dec/2020 16:30:55] "[37mGET /contact/ HTTP/1.1[0m" 200 -
INFO:werkzeug:127.0.0.1 - - [11/Dec/2020 16:30:55] "[33mGET /favicon.ico HTTP/1.1[0m" 404 -
INFO:app:Switching to the Personality Page
INFO:werkzeug:127.0.0.1 - - [11/Dec/2020 16:30:57] "[37mGET /personality HTTP/1.1[0m" 200 -
INFO:root:Welcome to the Home Page!
INFO:werkzeug:127.0.0.1 - - [11/Dec/2020 16:30:57] "[37mGET / HTTP/1.1[0m" 200 -
INFO:app:Switching to the Personality Page
INFO:werkzeug:127.0.0.1 - - [11/Dec/2020 16:30:58] "[37mGET /personality HTTP/1.1[0m" 200 -
INFO:root:Welcome to the Home Page!
INFO:werkzeug:127.0.0.1 - - [11/Dec/2020 16:30:59] "[37mGET / HTTP/1.1[0m" 200 -
INFO:app:Switching to the Personality Page
INFO:werkzeug:127.0.0.1 - - [11/Dec/2020 16:31:12] "[37mGET /personality HTTP/1.1[0m" 200 -
INFO:werkzeug: * Running on http://127.0.0.1:5000/ (Press CTRL+C to quit)
INFO:app:Switching to the Personality Page
INFO:werkzeug:127.0.0.1 - - [11/Dec/2020 16:37:07] "[37mGET /personality HTTP/1.1[0m" 200 -
INFO:root:Going to the About Page!
INFO:werkzeug:127.0.0.1 - - [11/Dec/2020 16:37:10] "[37mGET /about/ HTTP/1.1[0m" 200 -
INFO:app:Switching to the Personality Page
INFO:werkzeug:127.0.0.1 - - [11/Dec/2020 16:37:46] "[37mGET /personality HTTP/1.1[0m" 200 -
INFO:root:Welcome to the Home Page!
INFO:werkzeug:127.0.0.1 - - [11/Dec/2020 16:37:47] "[37mGET / HTTP/1.1[0m" 200 -
INFO:app:Switching to the Personality Page
INFO:werkzeug:127.0.0.1 - - [11/Dec/2020 16:37:48] "[37mGET /personality HTTP/1.1[0m" 200 -
INFO:werkzeug:127.0.0.1 - - [11/Dec/2020 16:37:49] "[32mGET /about HTTP/1.1[0m" 308 -
INFO:root:Going to the About Page!
INFO:werkzeug:127.0.0.1 - - [11/Dec/2020 16:37:49] "[37mGET /about/ HTTP/1.1[0m" 200 -
INFO:werkzeug:127.0.0.1 - - [11/Dec/2020 16:37:49] "[33mGET /favicon.ico HTTP/1.1[0m" 404 -
INFO:werkzeug:127.0.0.1 - - [11/Dec/2020 16:37:50] "[32mGET /contact HTTP/1.1[0m" 308 -
INFO:root:Going to the Contact Page!
INFO:werkzeug:127.0.0.1 - - [11/Dec/2020 16:37:50] "[37mGET /contact/ HTTP/1.1[0m" 200 -
INFO:werkzeug:127.0.0.1 - - [11/Dec/2020 16:37:50] "[33mGET /favicon.ico HTTP/1.1[0m" 404 -
INFO:root:Welcome to the Home Page!
INFO:werkzeug:127.0.0.1 - - [11/Dec/2020 16:37:51] "[37mGET / HTTP/1.1[0m" 200 -
INFO:app:Switching to the Personality Page
INFO:werkzeug:127.0.0.1 - - [11/Dec/2020 16:37:52] "[37mGET /personality HTTP/1.1[0m" 200 -
INFO:werkzeug:127.0.0.1 - - [11/Dec/2020 16:37:53] "[32mGET /about HTTP/1.1[0m" 308 -
INFO:root:Going to the About Page!
INFO:werkzeug:127.0.0.1 - - [11/Dec/2020 16:37:53] "[37mGET /about/ HTTP/1.1[0m" 200 -
INFO:werkzeug:127.0.0.1 - - [11/Dec/2020 16:37:53] "[33mGET /favicon.ico HTTP/1.1[0m" 404 -
INFO:werkzeug:127.0.0.1 - - [11/Dec/2020 16:37:53] "[32mGET /contact HTTP/1.1[0m" 308 -
INFO:root:Going to the Contact Page!
INFO:werkzeug:127.0.0.1 - - [11/Dec/2020 16:37:53] "[37mGET /contact/ HTTP/1.1[0m" 200 -
INFO:werkzeug:127.0.0.1 - - [11/Dec/2020 16:37:53] "[33mGET /favicon.ico HTTP/1.1[0m" 404 -
INFO:root:Welcome to the Home Page!
INFO:werkzeug:127.0.0.1 - - [11/Dec/2020 16:37:54] "[37mGET / HTTP/1.1[0m" 200 -
INFO:root:Welcome to the Home Page!
INFO:werkzeug:127.0.0.1 - - [11/Dec/2020 16:38:02] "[37mGET / HTTP/1.1[0m" 200 -
INFO:app:Switching to the 404 Page, This is a test page so we don't need to error here.
INFO:werkzeug:127.0.0.1 - - [11/Dec/2020 16:38:07] "[37mGET /404/ HTTP/1.1[0m" 200 -
INFO:app:Switching to the 404 Page, This is a test page so we don't need to error here.
INFO:werkzeug:127.0.0.1 - - [11/Dec/2020 16:38:08] "[37mGET /404/ HTTP/1.1[0m" 200 -
INFO:werkzeug: * Running on http://127.0.0.1:5000/ (Press CTRL+C to quit)
INFO:app:Switching to the 404 Page, This is a test page so we don't need to error here.
INFO:werkzeug:127.0.0.1 - - [11/Dec/2020 16:39:16] "[37mGET /404/ HTTP/1.1[0m" 200 -
INFO:werkzeug: * Running on http://127.0.0.1:5000/ (Press CTRL+C to quit)
INFO:app:Switching to the 404 Page, This is a test page so we don't need to error here.
INFO:werkzeug:127.0.0.1 - - [11/Dec/2020 16:41:07] "[37mGET /404/ HTTP/1.1[0m" 200 -
INFO:werkzeug: * Running on http://127.0.0.1:5000/ (Press CTRL+C to quit)
INFO:app:Switching to the 404 Page, This is a test page so we don't need to error here.
INFO:werkzeug:127.0.0.1 - - [11/Dec/2020 16:42:04] "[37mGET /404/ HTTP/1.1[0m" 200 -
INFO:werkzeug: * Running on http://127.0.0.1:5000/ (Press CTRL+C to quit)
INFO:app:Switching to the 404 Page, This is a test page so we don't need to error here.
INFO:werkzeug:127.0.0.1 - - [11/Dec/2020 16:42:56] "[37mGET /404/ HTTP/1.1[0m" 200 -
INFO:werkzeug: * Running on http://127.0.0.1:5000/ (Press CTRL+C to quit)
INFO:app:Switching to the 404 Page, This is a test page so we don't need to error here.
INFO:werkzeug:127.0.0.1 - - [11/Dec/2020 16:43:13] "[37mGET /404/ HTTP/1.1[0m" 200 -
INFO:root:Welcome to the Home Page!
INFO:werkzeug:127.0.0.1 - - [11/Dec/2020 16:43:17] "[37mGET / HTTP/1.1[0m" 200 -
INFO:root:Welcome to the Home Page!
INFO:werkzeug:127.0.0.1 - - [11/Dec/2020 16:43:21] "[37mGET / HTTP/1.1[0m" 200 -
INFO:app:Switching to the Personality Page
INFO:werkzeug:127.0.0.1 - - [11/Dec/2020 16:43:23] "[37mGET /personality HTTP/1.1[0m" 200 -
INFO:root:Going to the About Page!
INFO:werkzeug:127.0.0.1 - - [11/Dec/2020 16:43:24] "[37mGET /about/ HTTP/1.1[0m" 200 -
INFO:werkzeug:127.0.0.1 - - [11/Dec/2020 16:43:26] "[32mGET /contact HTTP/1.1[0m" 308 -
INFO:root:Going to the Contact Page!
INFO:werkzeug:127.0.0.1 - - [11/Dec/2020 16:43:26] "[37mGET /contact/ HTTP/1.1[0m" 200 -
INFO:werkzeug:127.0.0.1 - - [11/Dec/2020 16:43:26] "[33mGET /favicon.ico HTTP/1.1[0m" 404 -
INFO:root:Welcome to the Home Page!
INFO:werkzeug:127.0.0.1 - - [11/Dec/2020 16:43:30] "[37mGET / HTTP/1.1[0m" 200 -
INFO:werkzeug: * Running on http://127.0.0.1:5000/ (Press CTRL+C to quit)
INFO:app:Switching to the Personality Page
INFO:werkzeug:127.0.0.1 - - [11/Dec/2020 16:43:57] "[37mGET /personality HTTP/1.1[0m" 200 -
INFO:root:Welcome to the Home Page!
INFO:werkzeug:127.0.0.1 - - [11/Dec/2020 16:44:00] "[37mGET / HTTP/1.1[0m" 200 -
INFO:app:Switching to the Personality Page
INFO:werkzeug:127.0.0.1 - - [11/Dec/2020 16:44:00] "[37mGET /personality HTTP/1.1[0m" 200 -
INFO:werkzeug:127.0.0.1 - - [11/Dec/2020 16:44:02] "[32mGET /about HTTP/1.1[0m" 308 -
INFO:root:Going to the About Page!
INFO:werkzeug:127.0.0.1 - - [11/Dec/2020 16:44:02] "[37mGET /about/ HTTP/1.1[0m" 200 -
INFO:werkzeug:127.0.0.1 - - [11/Dec/2020 16:44:02] "[33mGET /favicon.ico HTTP/1.1[0m" 404 -
INFO:app:Switching to the Personality Page
INFO:werkzeug:127.0.0.1 - - [11/Dec/2020 16:44:02] "[37mGET /personality HTTP/1.1[0m" 200 -
INFO:root:Going to the About Page!
INFO:werkzeug:127.0.0.1 - - [11/Dec/2020 16:44:04] "[37mGET /about/ HTTP/1.1[0m" 200 -
INFO:werkzeug:127.0.0.1 - - [11/Dec/2020 16:44:05] "[32mGET /contact HTTP/1.1[0m" 308 -
INFO:root:Going to the Contact Page!
INFO:werkzeug:127.0.0.1 - - [11/Dec/2020 16:44:05] "[37mGET /contact/ HTTP/1.1[0m" 200 -
INFO:werkzeug:127.0.0.1 - - [11/Dec/2020 16:44:05] "[33mGET /favicon.ico HTTP/1.1[0m" 404 -
INFO:root:Welcome to the Home Page!
INFO:werkzeug:127.0.0.1 - - [11/Dec/2020 16:44:08] "[37mGET / HTTP/1.1[0m" 200 -
INFO:werkzeug: * Running on http://127.0.0.1:5000/ (Press CTRL+C to quit)
INFO:root:Welcome to the Home Page!
INFO:werkzeug:127.0.0.1 - - [11/Dec/2020 17:56:27] "[37mGET / HTTP/1.1[0m" 200 -
INFO:app:Switching to the Personality Page
INFO:werkzeug:127.0.0.1 - - [11/Dec/2020 17:56:29] "[37mGET /personality HTTP/1.1[0m" 200 -
INFO:werkzeug: * Running on http://127.0.0.1:5000/ (Press CTRL+C to quit)
INFO:root:Going to the About Page!
INFO:werkzeug:127.0.0.1 - - [11/Dec/2020 17:58:18] "[37mGET /about/ HTTP/1.1[0m" 200 -
INFO:werkzeug: * Running on http://127.0.0.1:5000/ (Press CTRL+C to quit)
INFO:root:Going to the About Page!
INFO:werkzeug:127.0.0.1 - - [11/Dec/2020 17:58:46] "[37mGET /about/ HTTP/1.1[0m" 200 -
INFO:werkzeug: * Running on http://127.0.0.1:5000/ (Press CTRL+C to quit)
INFO:root:Going to the About Page!
INFO:werkzeug:127.0.0.1 - - [11/Dec/2020 17:59:09] "[37mGET /about/ HTTP/1.1[0m" 200 -
INFO:werkzeug:127.0.0.1 - - [11/Dec/2020 17:59:15] "[32mGET /contact HTTP/1.1[0m" 308 -
INFO:root:Going to the Contact Page!
INFO:werkzeug:127.0.0.1 - - [11/Dec/2020 17:59:15] "[37mGET /contact/ HTTP/1.1[0m" 200 -
INFO:werkzeug:127.0.0.1 - - [11/Dec/2020 17:59:15] "[33mGET /favicon.ico HTTP/1.1[0m" 404 -
INFO:werkzeug: * Running on http://127.0.0.1:5000/ (Press CTRL+C to quit)
INFO:root:Going to the Contact Page!
INFO:werkzeug:127.0.0.1 - - [11/Dec/2020 17:59:56] "[37mGET /contact/ HTTP/1.1[0m" 200 -
INFO:root:Welcome to the Home Page!
INFO:werkzeug:127.0.0.1 - - [11/Dec/2020 18:00:07] "[37mGET / HTTP/1.1[0m" 200 -
INFO:root:Welcome to the Home Page!
INFO:werkzeug:127.0.0.1 - - [11/Dec/2020 18:00:10] "[37mGET / HTTP/1.1[0m" 200 -
INFO:root:Welcome to the Home Page!
INFO:werkzeug:127.0.0.1 - - [11/Dec/2020 18:00:12] "[37mGET / HTTP/1.1[0m" 200 -
INFO:app:Switching to the Personality Page
INFO:werkzeug:127.0.0.1 - - [11/Dec/2020 18:00:15] "[37mGET /personality HTTP/1.1[0m" 200 -
INFO:werkzeug:127.0.0.1 - - [11/Dec/2020 18:00:17] "[32mGET /about HTTP/1.1[0m" 308 -
INFO:root:Going to the About Page!
INFO:werkzeug:127.0.0.1 - - [11/Dec/2020 18:00:17] "[37mGET /about/ HTTP/1.1[0m" 200 -
INFO:werkzeug:127.0.0.1 - - [11/Dec/2020 18:00:17] "[33mGET /favicon.ico HTTP/1.1[0m" 404 -
INFO:werkzeug:127.0.0.1 - - [11/Dec/2020 18:00:22] "[32mGET /contact HTTP/1.1[0m" 308 -
INFO:root:Going to the Contact Page!
INFO:werkzeug:127.0.0.1 - - [11/Dec/2020 18:00:22] "[37mGET /contact/ HTTP/1.1[0m" 200 -
INFO:werkzeug:127.0.0.1 - - [11/Dec/2020 18:00:22] "[33mGET /favicon.ico HTTP/1.1[0m" 404 -
INFO:root:Welcome to the Home Page!
INFO:werkzeug:127.0.0.1 - - [11/Dec/2020 18:00:28] "[37mGET / HTTP/1.1[0m" 200 -
INFO:app:Switching to the Personality Page
INFO:werkzeug:127.0.0.1 - - [11/Dec/2020 18:00:29] "[37mGET /personality HTTP/1.1[0m" 200 -
INFO:root:Welcome to the Home Page!
INFO:werkzeug:127.0.0.1 - - [11/Dec/2020 18:00:30] "[37mGET / HTTP/1.1[0m" 200 -
INFO:app:Switching to the Personality Page
INFO:werkzeug:127.0.0.1 - - [11/Dec/2020 18:00:31] "[37mGET /personality HTTP/1.1[0m" 200 -
INFO:app:Switching to the Personality Page
INFO:werkzeug:127.0.0.1 - - [11/Dec/2020 18:00:35] "[37mGET /personality HTTP/1.1[0m" 200 -
INFO:werkzeug:127.0.0.1 - - [11/Dec/2020 18:00:36] "[32mGET /about HTTP/1.1[0m" 308 -
INFO:root:Going to the About Page!
INFO:werkzeug:127.0.0.1 - - [11/Dec/2020 18:00:36] "[37mGET /about/ HTTP/1.1[0m" 200 -
INFO:werkzeug:127.0.0.1 - - [11/Dec/2020 18:00:36] "[33mGET /favicon.ico HTTP/1.1[0m" 404 -
INFO:werkzeug:127.0.0.1 - - [11/Dec/2020 18:00:41] "[32mGET /contact HTTP/1.1[0m" 308 -
INFO:root:Going to the Contact Page!
INFO:werkzeug:127.0.0.1 - - [11/Dec/2020 18:00:41] "[37mGET /contact/ HTTP/1.1[0m" 200 -
INFO:werkzeug:127.0.0.1 - - [11/Dec/2020 18:00:41] "[33mGET /favicon.ico HTTP/1.1[0m" 404 -
INFO:root:Welcome to the Home Page!
INFO:werkzeug:127.0.0.1 - - [11/Dec/2020 18:00:43] "[37mGET / HTTP/1.1[0m" 200 -
INFO:app:Switching to the Personality Page
INFO:werkzeug:127.0.0.1 - - [11/Dec/2020 18:00:45] "[37mGET /personality HTTP/1.1[0m" 200 -
INFO:werkzeug:127.0.0.1 - - [11/Dec/2020 18:00:51] "[32mGET /about HTTP/1.1[0m" 308 -
INFO:root:Going to the About Page!
INFO:werkzeug:127.0.0.1 - - [11/Dec/2020 18:00:51] "[37mGET /about/ HTTP/1.1[0m" 200 -
INFO:werkzeug:127.0.0.1 - - [11/Dec/2020 18:00:51] "[33mGET /favicon.ico HTTP/1.1[0m" 404 -
INFO:werkzeug:127.0.0.1 - - [11/Dec/2020 18:00:53] "[32mGET /contact HTTP/1.1[0m" 308 -
INFO:root:Going to the Contact Page!
INFO:werkzeug:127.0.0.1 - - [11/Dec/2020 18:00:53] "[37mGET /contact/ HTTP/1.1[0m" 200 -
INFO:werkzeug:127.0.0.1 - - [11/Dec/2020 18:00:53] "[33mGET /favicon.ico HTTP/1.1[0m" 404 -
INFO:root:Welcome to the Home Page!
INFO:werkzeug:127.0.0.1 - - [11/Dec/2020 18:00:57] "[37mGET / HTTP/1.1[0m" 200 -
INFO:werkzeug: * Running on http://127.0.0.1:5000/ (Press CTRL+C to quit)
INFO:root:Welcome to the Home Page!
INFO:werkzeug:127.0.0.1 - - [11/Dec/2020 18:02:59] "[37mGET / HTTP/1.1[0m" 200 -
INFO:app:Switching to the Personality Page
INFO:werkzeug:127.0.0.1 - - [11/Dec/2020 18:03:02] "[37mGET /personality HTTP/1.1[0m" 200 -
INFO:werkzeug:127.0.0.1 - - [11/Dec/2020 18:03:03] "[32mGET /about HTTP/1.1[0m" 308 -
INFO:root:Going to the About Page!
INFO:werkzeug:127.0.0.1 - - [11/Dec/2020 18:03:03] "[37mGET /about/ HTTP/1.1[0m" 200 -
INFO:werkzeug:127.0.0.1 - - [11/Dec/2020 18:03:03] "[33mGET /favicon.ico HTTP/1.1[0m" 404 -
INFO:werkzeug:127.0.0.1 - - [11/Dec/2020 18:03:03] "[32mGET /contact HTTP/1.1[0m" 308 -
INFO:root:Going to the Contact Page!
INFO:werkzeug:127.0.0.1 - - [11/Dec/2020 18:03:03] "[37mGET /contact/ HTTP/1.1[0m" 200 -
INFO:werkzeug:127.0.0.1 - - [11/Dec/2020 18:03:03] "[33mGET /favicon.ico HTTP/1.1[0m" 404 -
INFO:root:Welcome to the Home Page!
INFO:werkzeug:127.0.0.1 - - [11/Dec/2020 18:03:04] "[37mGET / HTTP/1.1[0m" 200 -
INFO:app:Switching to the Personality Page
INFO:werkzeug:127.0.0.1 - - [11/Dec/2020 18:03:06] "[37mGET /personality HTTP/1.1[0m" 200 -
INFO:werkzeug:127.0.0.1 - - [11/Dec/2020 18:03:07] "[32mGET /about HTTP/1.1[0m" 308 -
INFO:root:Going to the About Page!
INFO:werkzeug:127.0.0.1 - - [11/Dec/2020 18:03:07] "[37mGET /about/ HTTP/1.1[0m" 200 -
INFO:werkzeug:127.0.0.1 - - [11/Dec/2020 18:03:07] "[33mGET /favicon.ico HTTP/1.1[0m" 404 -
INFO:werkzeug:127.0.0.1 - - [11/Dec/2020 18:03:07] "[32mGET /contact HTTP/1.1[0m" 308 -
INFO:root:Going to the Contact Page!
INFO:werkzeug:127.0.0.1 - - [11/Dec/2020 18:03:07] "[37mGET /contact/ HTTP/1.1[0m" 200 -
INFO:werkzeug:127.0.0.1 - - [11/Dec/2020 18:03:07] "[33mGET /favicon.ico HTTP/1.1[0m" 404 -
INFO:root:Welcome to the Home Page!
INFO:werkzeug:127.0.0.1 - - [11/Dec/2020 18:03:09] "[37mGET / HTTP/1.1[0m" 200 -
INFO:app:Switching to the Personality Page
INFO:werkzeug:127.0.0.1 - - [11/Dec/2020 20:26:41] "[37mGET /personality HTTP/1.1[0m" 200 -
INFO:root:Going to the About Page!
INFO:werkzeug:127.0.0.1 - - [11/Dec/2020 20:26:43] "[37mGET /about/ HTTP/1.1[0m" 200 -
INFO:werkzeug:127.0.0.1 - - [11/Dec/2020 20:26:46] "[32mGET /contact HTTP/1.1[0m" 308 -
INFO:root:Going to the Contact Page!
INFO:werkzeug:127.0.0.1 - - [11/Dec/2020 20:26:46] "[37mGET /contact/ HTTP/1.1[0m" 200 -
INFO:werkzeug:127.0.0.1 - - [11/Dec/2020 20:26:46] "[33mGET /favicon.ico HTTP/1.1[0m" 404 -
INFO:werkzeug:127.0.0.1 - - [11/Dec/2020 20:26:49] "[32mGET /contact HTTP/1.1[0m" 308 -
INFO:root:Going to the Contact Page!
INFO:werkzeug:127.0.0.1 - - [11/Dec/2020 20:26:49] "[37mGET /contact/ HTTP/1.1[0m" 200 -
INFO:werkzeug:127.0.0.1 - - [11/Dec/2020 20:26:49] "[33mGET /favicon.ico HTTP/1.1[0m" 404 -
INFO:werkzeug:127.0.0.1 - - [11/Dec/2020 20:26:51] "[32mGET /about HTTP/1.1[0m" 308 -
INFO:root:Going to the About Page!
INFO:werkzeug:127.0.0.1 - - [11/Dec/2020 20:26:51] "[37mGET /about/ HTTP/1.1[0m" 200 -
INFO:werkzeug:127.0.0.1 - - [11/Dec/2020 20:26:51] "[33mGET /favicon.ico HTTP/1.1[0m" 404 -
INFO:app:Switching to the Personality Page
INFO:werkzeug:127.0.0.1 - - [11/Dec/2020 20:26:52] "[37mGET /personality HTTP/1.1[0m" 200 -
INFO:app:Switching to the Personality Page
INFO:werkzeug:127.0.0.1 - - [11/Dec/2020 20:26:52] "[37mGET /personality HTTP/1.1[0m" 200 -
INFO:root:Welcome to the Home Page!
INFO:werkzeug:127.0.0.1 - - [11/Dec/2020 20:26:53] "[37mGET / HTTP/1.1[0m" 200 -
INFO:app:Switching to the Personality Page
INFO:werkzeug:127.0.0.1 - - [11/Dec/2020 20:27:47] "[37mGET /personality HTTP/1.1[0m" 200 -
INFO:werkzeug:127.0.0.1 - - [11/Dec/2020 20:27:49] "[32mGET /about HTTP/1.1[0m" 308 -
INFO:root:Going to the About Page!
INFO:werkzeug:127.0.0.1 - - [11/Dec/2020 20:27:49] "[37mGET /about/ HTTP/1.1[0m" 200 -
INFO:werkzeug:127.0.0.1 - - [11/Dec/2020 20:27:49] "[33mGET /favicon.ico HTTP/1.1[0m" 404 -
INFO:werkzeug:127.0.0.1 - - [11/Dec/2020 20:27:49] "[32mGET /contact HTTP/1.1[0m" 308 -
INFO:root:Going to the Contact Page!
INFO:werkzeug:127.0.0.1 - - [11/Dec/2020 20:27:49] "[37mGET /contact/ HTTP/1.1[0m" 200 -
INFO:werkzeug:127.0.0.1 - - [11/Dec/2020 20:27:49] "[33mGET /favicon.ico HTTP/1.1[0m" 404 -
INFO:werkzeug:127.0.0.1 - - [11/Dec/2020 20:27:51] "[32mGET /about HTTP/1.1[0m" 308 -
INFO:root:Going to the About Page!
INFO:werkzeug:127.0.0.1 - - [11/Dec/2020 20:27:51] "[37mGET /about/ HTTP/1.1[0m" 200 -
INFO:werkzeug:127.0.0.1 - - [11/Dec/2020 20:27:51] "[33mGET /favicon.ico HTTP/1.1[0m" 404 -
INFO:app:Switching to the Personality Page
INFO:werkzeug:127.0.0.1 - - [11/Dec/2020 20:27:51] "[37mGET /personality HTTP/1.1[0m" 200 -
INFO:root:Welcome to the Home Page!
INFO:werkzeug:127.0.0.1 - - [11/Dec/2020 20:27:53] "[37mGET / HTTP/1.1[0m" 200 -
INFO:werkzeug: * Running on http://127.0.0.1:5000/ (Press CTRL+C to quit)
INFO:root:Welcome to the Home Page!
INFO:werkzeug:127.0.0.1 - - [11/Dec/2020 20:28:34] "[37mGET / HTTP/1.1[0m" 200 -
INFO:werkzeug: * Running on http://127.0.0.1:5000/ (Press CTRL+C to quit)
INFO:root:Welcome to the Home Page!
INFO:werkzeug:127.0.0.1 - - [11/Dec/2020 20:28:58] "[37mGET / HTTP/1.1[0m" 200 -
INFO:werkzeug: * Running on http://127.0.0.1:5000/ (Press CTRL+C to quit)
INFO:root:Welcome to the Home Page!
INFO:werkzeug:127.0.0.1 - - [11/Dec/2020 20:30:07] "[37mGET / HTTP/1.1[0m" 200 -
INFO:app:Switching to the Personality Page
INFO:werkzeug:127.0.0.1 - - [11/Dec/2020 20:30:11] "[37mGET /personality HTTP/1.1[0m" 200 -
INFO:root:Welcome to the Home Page!
INFO:werkzeug:127.0.0.1 - - [11/Dec/2020 20:37:21] "[37mGET / HTTP/1.1[0m" 200 -
INFO:app:Switching to the Personality Page
INFO:werkzeug:127.0.0.1 - - [11/Dec/2020 20:37:24] "[37mGET /personality HTTP/1.1[0m" 200 -
INFO:werkzeug:127.0.0.1 - - [11/Dec/2020 20:37:27] "[32mGET /about HTTP/1.1[0m" 308 -
INFO:root:Going to the About Page!
INFO:werkzeug:127.0.0.1 - - [11/Dec/2020 20:37:27] "[37mGET /about/ HTTP/1.1[0m" 200 -
INFO:werkzeug:127.0.0.1 - - [11/Dec/2020 20:37:27] "[33mGET /favicon.ico HTTP/1.1[0m" 404 -
INFO:werkzeug:127.0.0.1 - - [11/Dec/2020 20:37:31] "[32mGET /contact HTTP/1.1[0m" 308 -
INFO:root:Going to the Contact Page!
INFO:werkzeug:127.0.0.1 - - [11/Dec/2020 20:37:31] "[37mGET /contact/ HTTP/1.1[0m" 200 -
INFO:werkzeug:127.0.0.1 - - [11/Dec/2020 20:37:31] "[33mGET /favicon.ico HTTP/1.1[0m" 404 -
INFO:werkzeug:127.0.0.1 - - [11/Dec/2020 20:37:33] "[32mGET /about HTTP/1.1[0m" 308 -
INFO:root:Going to the About Page!
INFO:werkzeug:127.0.0.1 - - [11/Dec/2020 20:37:33] "[37mGET /about/ HTTP/1.1[0m" 200 -
INFO:werkzeug:127.0.0.1 - - [11/Dec/2020 20:37:33] "[33mGET /favicon.ico HTTP/1.1[0m" 404 -
INFO:app:Switching to the Personality Page
INFO:werkzeug:127.0.0.1 - - [11/Dec/2020 20:37:46] "[37mGET /personality HTTP/1.1[0m" 200 -
INFO:werkzeug:127.0.0.1 - - [11/Dec/2020 20:37:48] "[32mGET /contact HTTP/1.1[0m" 308 -
INFO:root:Going to the Contact Page!
INFO:werkzeug:127.0.0.1 - - [11/Dec/2020 20:37:48] "[37mGET /contact/ HTTP/1.1[0m" 200 -
INFO:werkzeug:127.0.0.1 - - [11/Dec/2020 20:37:48] "[33mGET /favicon.ico HTTP/1.1[0m" 404 -
INFO:root:Welcome to the Home Page!
INFO:werkzeug:127.0.0.1 - - [11/Dec/2020 20:37:51] "[37mGET / HTTP/1.1[0m" 200 -
INFO:app:Switching to the Personality Page
INFO:werkzeug:127.0.0.1 - - [11/Dec/2020 20:37:53] "[37mGET /personality HTTP/1.1[0m" 200 -
INFO:root:Going to the About Page!
INFO:werkzeug:127.0.0.1 - - [11/Dec/2020 20:37:56] "[37mGET /about/ HTTP/1.1[0m" 200 -
INFO:werkzeug:127.0.0.1 - - [11/Dec/2020 20:38:01] "[32mGET /contact HTTP/1.1[0m" 308 -
INFO:root:Going to the Contact Page!
INFO:werkzeug:127.0.0.1 - - [11/Dec/2020 20:38:01] "[37mGET /contact/ HTTP/1.1[0m" 200 -
INFO:werkzeug:127.0.0.1 - - [11/Dec/2020 20:38:01] "[33mGET /favicon.ico HTTP/1.1[0m" 404 -
INFO:werkzeug:127.0.0.1 - - [11/Dec/2020 20:38:04] "[32mGET /about HTTP/1.1[0m" 308 -
INFO:root:Going to the About Page!
INFO:werkzeug:127.0.0.1 - - [11/Dec/2020 20:38:04] "[37mGET /about/ HTTP/1.1[0m" 200 -
INFO:werkzeug:127.0.0.1 - - [11/Dec/2020 20:38:04] "[33mGET /favicon.ico HTTP/1.1[0m" 404 -
INFO:root:Welcome to the Home Page!
INFO:werkzeug:127.0.0.1 - - [11/Dec/2020 20:39:18] "[37mGET / HTTP/1.1[0m" 200 -
INFO:root:Welcome to the Home Page!
INFO:werkzeug:127.0.0.1 - - [11/Dec/2020 20:39:19] "[37mGET / HTTP/1.1[0m" 200 -
INFO:root:Welcome to the Home Page!
INFO:werkzeug:127.0.0.1 - - [11/Dec/2020 20:39:20] "[37mGET / HTTP/1.1[0m" 200 -
INFO:root:Welcome to the Home Page!
INFO:werkzeug:127.0.0.1 - - [11/Dec/2020 20:39:20] "[37mGET / HTTP/1.1[0m" 200 -
INFO:werkzeug: * Running on http://127.0.0.1:5000/ (Press CTRL+C to quit)
INFO:root:Welcome to the Home Page!
INFO:werkzeug:127.0.0.1 - - [11/Dec/2020 20:40:35] "[37mGET / HTTP/1.1[0m" 200 -
INFO:werkzeug: * Running on http://127.0.0.1:5000/ (Press CTRL+C to quit)
INFO:root:Welcome to the Home Page!
INFO:werkzeug:127.0.0.1 - - [11/Dec/2020 20:41:49] "[37mGET / HTTP/1.1[0m" 200 -
INFO:werkzeug: * Running on http://127.0.0.1:5000/ (Press CTRL+C to quit)
INFO:root:Welcome to the Home Page!
INFO:werkzeug:127.0.0.1 - - [11/Dec/2020 20:42:58] "[37mGET / HTTP/1.1[0m" 200 -
INFO:app:Switching to the Personality Page
INFO:werkzeug:127.0.0.1 - - [11/Dec/2020 20:43:16] "[37mGET /personality HTTP/1.1[0m" 200 -
INFO:root:Going to the About Page!
INFO:werkzeug:127.0.0.1 - - [11/Dec/2020 20:43:19] "[37mGET /about/ HTTP/1.1[0m" 200 -
INFO:werkzeug:127.0.0.1 - - [11/Dec/2020 20:43:22] "[32mGET /contact HTTP/1.1[0m" 308 -
INFO:root:Going to the Contact Page!
INFO:werkzeug:127.0.0.1 - - [11/Dec/2020 20:43:22] "[37mGET /contact/ HTTP/1.1[0m" 200 -
INFO:werkzeug:127.0.0.1 - - [11/Dec/2020 20:43:22] "[33mGET /favicon.ico HTTP/1.1[0m" 404 -
INFO:werkzeug: * Running on http://127.0.0.1:5000/ (Press CTRL+C to quit)
INFO:root:Going to the Contact Page!
INFO:werkzeug:127.0.0.1 - - [11/Dec/2020 20:51:56] "[37mGET /contact/ HTTP/1.1[0m" 200 -
INFO:werkzeug: * Running on http://127.0.0.1:5000/ (Press CTRL+C to quit)
INFO:root:Going to the Contact Page!
INFO:werkzeug:127.0.0.1 - - [11/Dec/2020 20:53:11] "[37mGET /contact/ HTTP/1.1[0m" 200 -
INFO:werkzeug: * Running on http://127.0.0.1:5000/ (Press CTRL+C to quit)
INFO:root:Going to the Contact Page!
INFO:werkzeug:127.0.0.1 - - [11/Dec/2020 20:54:00] "[37mGET /contact/ HTTP/1.1[0m" 200 -
INFO:werkzeug: * Running on http://127.0.0.1:5000/ (Press CTRL+C to quit)
INFO:root:Going to the Contact Page!
INFO:werkzeug:127.0.0.1 - - [11/Dec/2020 20:54:31] "[37mGET /contact/ HTTP/1.1[0m" 200 -
INFO:werkzeug: * Running on http://127.0.0.1:5000/ (Press CTRL+C to quit)
INFO:root:Going to the Contact Page!
INFO:werkzeug:127.0.0.1 - - [11/Dec/2020 20:55:02] "[37mGET /contact/ HTTP/1.1[0m" 200 -
INFO:root:Welcome to the Home Page!
INFO:werkzeug:127.0.0.1 - - [11/Dec/2020 20:57:10] "[37mGET / HTTP/1.1[0m" 200 -
INFO:app:Switching to the Personality Page
INFO:werkzeug:127.0.0.1 - - [11/Dec/2020 20:57:11] "[37mGET /personality HTTP/1.1[0m" 200 -
INFO:root:Welcome to the Home Page!
INFO:werkzeug:127.0.0.1 - - [11/Dec/2020 20:57:12] "[37mGET / HTTP/1.1[0m" 200 -
INFO:app:Switching to the Personality Page
INFO:werkzeug:127.0.0.1 - - [11/Dec/2020 20:57:21] "[37mGET /personality HTTP/1.1[0m" 200 -
INFO:root:Going to the About Page!
INFO:werkzeug:127.0.0.1 - - [11/Dec/2020 20:57:23] "[37mGET /about/ HTTP/1.1[0m" 200 -
INFO:werkzeug:127.0.0.1 - - [11/Dec/2020 20:57:27] "[32mGET /contact HTTP/1.1[0m" 308 -
INFO:root:Going to the Contact Page!
INFO:werkzeug:127.0.0.1 - - [11/Dec/2020 20:57:27] "[37mGET /contact/ HTTP/1.1[0m" 200 -
INFO:werkzeug:127.0.0.1 - - [11/Dec/2020 20:57:27] "[33mGET /favicon.ico HTTP/1.1[0m" 404 -
INFO:werkzeug: * Running on http://127.0.0.1:5000/ (Press CTRL+C to quit)
INFO:app:Switching to the Personality Page
INFO:werkzeug:127.0.0.1 - - [11/Dec/2020 21:06:26] "[37mGET /personality HTTP/1.1[0m" 200 -
INFO:app:Switching to the Personality Page
INFO:werkzeug:127.0.0.1 - - [11/Dec/2020 21:06:37] "[37mGET /personality HTTP/1.1[0m" 200 -
INFO:root:Welcome to the Home Page!
INFO:werkzeug:127.0.0.1 - - [11/Dec/2020 21:06:38] "[37mGET / HTTP/1.1[0m" 200 -
INFO:root:Welcome to the Home Page!
INFO:werkzeug:127.0.0.1 - - [11/Dec/2020 21:06:39] "[37mGET / HTTP/1.1[0m" 200 -
INFO:app:Switching to the Personality Page
INFO:werkzeug:127.0.0.1 - - [11/Dec/2020 21:06:40] "[37mGET /personality HTTP/1.1[0m" 200 -
INFO:werkzeug:127.0.0.1 - - [11/Dec/2020 21:06:41] "[32mGET /about HTTP/1.1[0m" 308 -
INFO:root:Going to the About Page!
INFO:werkzeug:127.0.0.1 - - [11/Dec/2020 21:06:41] "[37mGET /about/ HTTP/1.1[0m" 200 -
INFO:werkzeug:127.0.0.1 - - [11/Dec/2020 21:06:41] "[33mGET /favicon.ico HTTP/1.1[0m" 404 -
INFO:app:Switching to the Personality Page
INFO:werkzeug:127.0.0.1 - - [11/Dec/2020 21:06:42] "[37mGET /personality HTTP/1.1[0m" 200 -
INFO:root:Going to the About Page!
INFO:werkzeug:127.0.0.1 - - [11/Dec/2020 21:09:23] "[37mGET /about/ HTTP/1.1[0m" 200 -
INFO:werkzeug: * Running on http://127.0.0.1:5000/ (Press CTRL+C to quit)
INFO:root:Going to the About Page!
INFO:werkzeug:127.0.0.1 - - [11/Dec/2020 21:09:36] "[37mGET /about/ HTTP/1.1[0m" 200 -
INFO:werkzeug:127.0.0.1 - - [11/Dec/2020 21:09:44] "[32mGET /contact HTTP/1.1[0m" 308 -
INFO:root:Going to the Contact Page!
INFO:werkzeug:127.0.0.1 - - [11/Dec/2020 21:09:44] "[37mGET /contact/ HTTP/1.1[0m" 200 -
INFO:werkzeug:127.0.0.1 - - [11/Dec/2020 21:09:44] "[33mGET /favicon.ico HTTP/1.1[0m" 404 -
INFO:werkzeug:127.0.0.1 - - [11/Dec/2020 21:09:46] "[32mGET /about HTTP/1.1[0m" 308 -
INFO:root:Going to the About Page!
INFO:werkzeug:127.0.0.1 - - [11/Dec/2020 21:09:46] "[37mGET /about/ HTTP/1.1[0m" 200 -
INFO:werkzeug:127.0.0.1 - - [11/Dec/2020 21:09:46] "[33mGET /favicon.ico HTTP/1.1[0m" 404 -
INFO:app:Switching to the Personality Page
INFO:werkzeug:127.0.0.1 - - [11/Dec/2020 21:09:46] "[37mGET /personality HTTP/1.1[0m" 200 -
INFO:root:Welcome to the Home Page!
INFO:werkzeug:127.0.0.1 - - [11/Dec/2020 21:09:47] "[37mGET / HTTP/1.1[0m" 200 -
INFO:werkzeug: * Running on http://127.0.0.1:5000/ (Press CTRL+C to quit)
INFO:root:Welcome to the Home Page!
INFO:werkzeug:127.0.0.1 - - [11/Dec/2020 21:11:25] "[37mGET / HTTP/1.1[0m" 200 -
INFO:app:Switching to the Personality Page
INFO:werkzeug:127.0.0.1 - - [11/Dec/2020 21:11:31] "[37mGET /personality HTTP/1.1[0m" 200 -
INFO:root:Going to the About Page!
INFO:werkzeug:127.0.0.1 - - [11/Dec/2020 21:11:33] "[37mGET /about/ HTTP/1.1[0m" 200 -
INFO:werkzeug:127.0.0.1 - - [11/Dec/2020 21:11:35] "[32mGET /about HTTP/1.1[0m" 308 -
INFO:root:Going to the About Page!
INFO:werkzeug:127.0.0.1 - - [11/Dec/2020 21:11:35] "[37mGET /about/ HTTP/1.1[0m" 200 -
INFO:werkzeug:127.0.0.1 - - [11/Dec/2020 21:11:35] "[33mGET /favicon.ico HTTP/1.1[0m" 404 -
INFO:werkzeug:127.0.0.1 - - [11/Dec/2020 21:11:35] "[32mGET /contact HTTP/1.1[0m" 308 -
INFO:root:Going to the Contact Page!
INFO:werkzeug:127.0.0.1 - - [11/Dec/2020 21:11:35] "[37mGET /contact/ HTTP/1.1[0m" 200 -
INFO:werkzeug:127.0.0.1 - - [11/Dec/2020 21:11:35] "[33mGET /favicon.ico HTTP/1.1[0m" 404 -
INFO:werkzeug:127.0.0.1 - - [11/Dec/2020 21:11:57] "[32mGET /contact HTTP/1.1[0m" 308 -
INFO:root:Going to the Contact Page!
INFO:werkzeug:127.0.0.1 - - [11/Dec/2020 21:11:57] "[37mGET /contact/ HTTP/1.1[0m" 200 -
INFO:werkzeug:127.0.0.1 - - [11/Dec/2020 21:11:57] "[33mGET /favicon.ico HTTP/1.1[0m" 404 -
INFO:werkzeug:127.0.0.1 - - [11/Dec/2020 21:11:58] "[32mGET /about HTTP/1.1[0m" 308 -
INFO:root:Going to the About Page!
INFO:werkzeug:127.0.0.1 - - [11/Dec/2020 21:11:58] "[37mGET /about/ HTTP/1.1[0m" 200 -
INFO:werkzeug:127.0.0.1 - - [11/Dec/2020 21:11:58] "[33mGET /favicon.ico HTTP/1.1[0m" 404 -
INFO:app:Switching to the Personality Page
INFO:werkzeug:127.0.0.1 - - [11/Dec/2020 21:11:59] "[37mGET /personality HTTP/1.1[0m" 200 -
INFO:app:Switching to the Personality Page
INFO:werkzeug:127.0.0.1 - - [11/Dec/2020 21:12:00] "[37mGET /personality HTTP/1.1[0m" 200 -
INFO:root:Welcome to the Home Page!
INFO:werkzeug:127.0.0.1 - - [11/Dec/2020 21:12:01] "[37mGET / HTTP/1.1[0m" 200 -
INFO:app:Switching to the Personality Page
INFO:werkzeug:127.0.0.1 - - [11/Dec/2020 21:12:06] "[37mGET /personality HTTP/1.1[0m" 200 -
INFO:werkzeug:127.0.0.1 - - [11/Dec/2020 21:12:07] "[32mGET /contact HTTP/1.1[0m" 308 -
INFO:root:Going to the Contact Page!
INFO:werkzeug:127.0.0.1 - - [11/Dec/2020 21:12:07] "[37mGET /contact/ HTTP/1.1[0m" 200 -
INFO:werkzeug:127.0.0.1 - - [11/Dec/2020 21:12:07] "[33mGET /favicon.ico HTTP/1.1[0m" 404 -
INFO:werkzeug:127.0.0.1 - - [11/Dec/2020 21:12:08] "[32mGET /about HTTP/1.1[0m" 308 -
INFO:root:Going to the About Page!
INFO:werkzeug:127.0.0.1 - - [11/Dec/2020 21:12:08] "[37mGET /about/ HTTP/1.1[0m" 200 -
INFO:werkzeug:127.0.0.1 - - [11/Dec/2020 21:12:08] "[33mGET /favicon.ico HTTP/1.1[0m" 404 -
INFO:werkzeug:127.0.0.1 - - [11/Dec/2020 21:12:10] "[32mGET /contact HTTP/1.1[0m" 308 -
INFO:root:Going to the Contact Page!
INFO:werkzeug:127.0.0.1 - - [11/Dec/2020 21:12:10] "[37mGET /contact/ HTTP/1.1[0m" 200 -
INFO:werkzeug:127.0.0.1 - - [11/Dec/2020 21:12:10] "[33mGET /favicon.ico HTTP/1.1[0m" 404 -
INFO:werkzeug:127.0.0.1 - - [11/Dec/2020 21:12:11] "[32mGET /contact HTTP/1.1[0m" 308 -
INFO:root:Going to the Contact Page!
INFO:werkzeug:127.0.0.1 - - [11/Dec/2020 21:12:11] "[37mGET /contact/ HTTP/1.1[0m" 200 -
INFO:werkzeug:127.0.0.1 - - [11/Dec/2020 21:12:11] "[33mGET /favicon.ico HTTP/1.1[0m" 404 -
INFO:werkzeug:127.0.0.1 - - [11/Dec/2020 21:12:11] "[32mGET /about HTTP/1.1[0m" 308 -
INFO:root:Going to the About Page!
INFO:werkzeug:127.0.0.1 - - [11/Dec/2020 21:12:11] "[37mGET /about/ HTTP/1.1[0m" 200 -
INFO:werkzeug:127.0.0.1 - - [11/Dec/2020 21:12:11] "[33mGET /favicon.ico HTTP/1.1[0m" 404 -
INFO:app:Switching to the Personality Page
INFO:werkzeug:127.0.0.1 - - [11/Dec/2020 21:12:13] "[37mGET /personality HTTP/1.1[0m" 200 -
INFO:root:Welcome to the Home Page!
INFO:werkzeug:127.0.0.1 - - [11/Dec/2020 21:12:14] "[37mGET / HTTP/1.1[0m" 200 -
INFO:app:Switching to the Personality Page
INFO:werkzeug:127.0.0.1 - - [11/Dec/2020 21:12:29] "[37mGET /personality HTTP/1.1[0m" 200 -
INFO:werkzeug:127.0.0.1 - - [11/Dec/2020 21:12:36] "[32mGET /about HTTP/1.1[0m" 308 -
INFO:root:Going to the About Page!
INFO:werkzeug:127.0.0.1 - - [11/Dec/2020 21:12:36] "[37mGET /about/ HTTP/1.1[0m" 200 -
INFO:werkzeug:127.0.0.1 - - [11/Dec/2020 21:12:36] "[33mGET /favicon.ico HTTP/1.1[0m" 404 -
INFO:werkzeug:127.0.0.1 - - [11/Dec/2020 21:12:38] "[32mGET /contact HTTP/1.1[0m" 308 -
INFO:root:Going to the Contact Page!
INFO:werkzeug:127.0.0.1 - - [11/Dec/2020 21:12:38] "[37mGET /contact/ HTTP/1.1[0m" 200 -
INFO:werkzeug:127.0.0.1 - - [11/Dec/2020 21:12:38] "[33mGET /favicon.ico HTTP/1.1[0m" 404 -
INFO:root:Welcome to the Home Page!
INFO:werkzeug:127.0.0.1 - - [11/Dec/2020 21:12:40] "[37mGET / HTTP/1.1[0m" 200 -
INFO:app:Switching to the Personality Page
INFO:werkzeug:127.0.0.1 - - [11/Dec/2020 21:15:03] "[37mGET /personality HTTP/1.1[0m" 200 -
INFO:root:Going to the About Page!
INFO:werkzeug:127.0.0.1 - - [11/Dec/2020 21:15:05] "[37mGET /about/ HTTP/1.1[0m" 200 -
INFO:werkzeug:127.0.0.1 - - [11/Dec/2020 21:15:08] "[32mGET /about HTTP/1.1[0m" 308 -
INFO:root:Going to the About Page!
INFO:werkzeug:127.0.0.1 - - [11/Dec/2020 21:15:08] "[37mGET /about/ HTTP/1.1[0m" 200 -
INFO:werkzeug:127.0.0.1 - - [11/Dec/2020 21:15:08] "[33mGET /favicon.ico HTTP/1.1[0m" 404 -
INFO:werkzeug:127.0.0.1 - - [11/Dec/2020 21:15:09] "[32mGET /contact HTTP/1.1[0m" 308 -
INFO:root:Going to the Contact Page!
INFO:werkzeug:127.0.0.1 - - [11/Dec/2020 21:15:09] "[37mGET /contact/ HTTP/1.1[0m" 200 -
INFO:werkzeug:127.0.0.1 - - [11/Dec/2020 21:15:09] "[33mGET /favicon.ico HTTP/1.1[0m" 404 -
INFO:werkzeug:127.0.0.1 - - [11/Dec/2020 21:17:09] "[32mGET /about HTTP/1.1[0m" 308 -
INFO:root:Going to the About Page!
INFO:werkzeug:127.0.0.1 - - [11/Dec/2020 21:17:09] "[37mGET /about/ HTTP/1.1[0m" 200 -
INFO:werkzeug:127.0.0.1 - - [11/Dec/2020 21:17:09] "[33mGET /favicon.ico HTTP/1.1[0m" 404 -
INFO:app:Switching to the Personality Page
INFO:werkzeug:127.0.0.1 - - [11/Dec/2020 21:17:12] "[37mGET /personality HTTP/1.1[0m" 200 -
INFO:werkzeug: * Running on http://127.0.0.1:5000/ (Press CTRL+C to quit)
INFO:app:Switching to the Personality Page
INFO:werkzeug:127.0.0.1 - - [11/Dec/2020 21:17:55] "[37mGET /personality HTTP/1.1[0m" 200 -
INFO:werkzeug: * Running on http://127.0.0.1:5000/ (Press CTRL+C to quit)
INFO:app:Switching to the Personality Page
INFO:werkzeug:127.0.0.1 - - [11/Dec/2020 21:18:53] "[37mGET /personality HTTP/1.1[0m" 200 -
INFO:werkzeug: * Running on http://127.0.0.1:5000/ (Press CTRL+C to quit)
INFO:app:Switching to the Personality Page
INFO:werkzeug:127.0.0.1 - - [11/Dec/2020 21:19:30] "[37mGET /personality HTTP/1.1[0m" 200 -
INFO:werkzeug: * Running on http://127.0.0.1:5000/ (Press CTRL+C to quit)
INFO:app:Switching to the Personality Page
INFO:werkzeug:127.0.0.1 - - [11/Dec/2020 21:23:13] "[37mGET /personality HTTP/1.1[0m" 200 -
INFO:werkzeug: * Running on http://127.0.0.1:5000/ (Press CTRL+C to quit)
INFO:app:Switching to the Personality Page
INFO:werkzeug:127.0.0.1 - - [11/Dec/2020 21:23:57] "[37mGET /personality HTTP/1.1[0m" 200 -
INFO:werkzeug: * Running on http://127.0.0.1:5000/ (Press CTRL+C to quit)
INFO:app:Switching to the Personality Page
INFO:werkzeug:127.0.0.1 - - [11/Dec/2020 21:24:46] "[37mGET /personality HTTP/1.1[0m" 200 -
INFO:werkzeug: * Running on http://127.0.0.1:5000/ (Press CTRL+C to quit)
INFO:app:Switching to the Personality Page
INFO:werkzeug:127.0.0.1 - - [11/Dec/2020 21:28:55] "[37mGET /personality HTTP/1.1[0m" 200 -
INFO:werkzeug: * Running on http://127.0.0.1:5000/ (Press CTRL+C to quit)
INFO:app:Switching to the Personality Page
INFO:werkzeug:127.0.0.1 - - [11/Dec/2020 21:30:43] "[37mGET /personality HTTP/1.1[0m" 200 -
INFO:werkzeug: * Running on http://127.0.0.1:5000/ (Press CTRL+C to quit)
INFO:app:Switching to the Personality Page
INFO:werkzeug:127.0.0.1 - - [11/Dec/2020 21:31:14] "[37mGET /personality HTTP/1.1[0m" 200 -
INFO:app:Switching to the Personality Page
INFO:werkzeug:127.0.0.1 - - [11/Dec/2020 21:31:15] "[37mGET /personality HTTP/1.1[0m" 200 -
INFO:werkzeug: * Running on http://127.0.0.1:5000/ (Press CTRL+C to quit)
INFO:app:Switching to the Personality Page
INFO:werkzeug:127.0.0.1 - - [11/Dec/2020 21:31:50] "[37mGET /personality HTTP/1.1[0m" 200 -
INFO:werkzeug: * Running on http://127.0.0.1:5000/ (Press CTRL+C to quit)
INFO:app:Switching to the Personality Page
INFO:werkzeug:127.0.0.1 - - [11/Dec/2020 21:32:31] "[37mGET /personality HTTP/1.1[0m" 200 -
INFO:werkzeug: * Running on http://127.0.0.1:5000/ (Press CTRL+C to quit)
INFO:app:Switching to the Personality Page
INFO:werkzeug:127.0.0.1 - - [11/Dec/2020 21:37:20] "[37mGET /personality HTTP/1.1[0m" 200 -
INFO:app:Switching to the Personality Page
INFO:werkzeug:127.0.0.1 - - [11/Dec/2020 21:37:21] "[37mGET /personality HTTP/1.1[0m" 200 -
INFO:app:Switching to the Personality Page
INFO:werkzeug:127.0.0.1 - - [11/Dec/2020 21:37:22] "[37mGET /personality HTTP/1.1[0m" 200 -
INFO:app:Switching to the Personality Page
INFO:werkzeug:127.0.0.1 - - [11/Dec/2020 21:37:22] "[37mGET /personality HTTP/1.1[0m" 200 -
INFO:app:Switching to the Personality Page
INFO:werkzeug:127.0.0.1 - - [11/Dec/2020 21:37:22] "[37mGET /personality HTTP/1.1[0m" 200 -
INFO:werkzeug: * Running on http://127.0.0.1:5000/ (Press CTRL+C to quit)
INFO:root:Welcome to the Home Page!
INFO:werkzeug:127.0.0.1 - - [11/Dec/2020 21:43:54] "[37mGET / HTTP/1.1[0m" 200 -
INFO:app:Switching to the Personality Page
INFO:werkzeug:127.0.0.1 - - [11/Dec/2020 21:43:57] "[37mGET /personality HTTP/1.1[0m" 200 -
INFO:werkzeug:127.0.0.1 - - [11/Dec/2020 21:44:01] "[32mGET /about HTTP/1.1[0m" 308 -
INFO:root:Going to the About Page!
INFO:werkzeug:127.0.0.1 - - [11/Dec/2020 21:44:01] "[37mGET /about/ HTTP/1.1[0m" 200 -
INFO:werkzeug:127.0.0.1 - - [11/Dec/2020 21:44:01] "[33mGET /favicon.ico HTTP/1.1[0m" 404 -
INFO:werkzeug:127.0.0.1 - - [11/Dec/2020 21:44:03] "[32mGET /contact HTTP/1.1[0m" 308 -
INFO:root:Going to the Contact Page!
INFO:werkzeug:127.0.0.1 - - [11/Dec/2020 21:44:03] "[37mGET /contact/ HTTP/1.1[0m" 200 -
INFO:werkzeug:127.0.0.1 - - [11/Dec/2020 21:44:03] "[33mGET /favicon.ico HTTP/1.1[0m" 404 -
INFO:app:Switching to the Personality Page
INFO:werkzeug:127.0.0.1 - - [11/Dec/2020 21:44:05] "[37mGET /personality HTTP/1.1[0m" 200 -
INFO:werkzeug:127.0.0.1 - - [11/Dec/2020 21:44:07] "[32mGET /about HTTP/1.1[0m" 308 -
INFO:root:Going to the About Page!
INFO:werkzeug:127.0.0.1 - - [11/Dec/2020 21:44:07] "[37mGET /about/ HTTP/1.1[0m" 200 -
INFO:werkzeug:127.0.0.1 - - [11/Dec/2020 21:44:07] "[33mGET /favicon.ico HTTP/1.1[0m" 404 -
INFO:root:Welcome to the Home Page!
INFO:werkzeug:127.0.0.1 - - [11/Dec/2020 21:44:10] "[37mGET / HTTP/1.1[0m" 200 -
INFO:werkzeug: * Running on http://127.0.0.1:5000/ (Press CTRL+C to quit)
INFO:root:Welcome to the Home Page!
INFO:werkzeug:127.0.0.1 - - [11/Dec/2020 21:46:41] "[37mGET / HTTP/1.1[0m" 200 -
INFO:werkzeug: * Running on http://127.0.0.1:5000/ (Press CTRL+C to quit)
INFO:root:Welcome to the Home Page!
INFO:werkzeug:127.0.0.1 - - [11/Dec/2020 21:47:02] "[37mGET / HTTP/1.1[0m" 200 -
INFO:app:Switching to the Personality Page
INFO:werkzeug:127.0.0.1 - - [11/Dec/2020 21:47:39] "[37mGET /personality HTTP/1.1[0m" 200 -
INFO:werkzeug:127.0.0.1 - - [11/Dec/2020 21:47:41] "[32mGET /about HTTP/1.1[0m" 308 -
INFO:root:Going to the About Page!
INFO:werkzeug:127.0.0.1 - - [11/Dec/2020 21:47:41] "[37mGET /about/ HTTP/1.1[0m" 200 -
INFO:werkzeug:127.0.0.1 - - [11/Dec/2020 21:47:41] "[33mGET /favicon.ico HTTP/1.1[0m" 404 -
INFO:werkzeug:127.0.0.1 - - [11/Dec/2020 21:47:44] "[32mGET /contact HTTP/1.1[0m" 308 -
INFO:root:Going to the Contact Page!
INFO:werkzeug:127.0.0.1 - - [11/Dec/2020 21:47:44] "[37mGET /contact/ HTTP/1.1[0m" 200 -
INFO:werkzeug:127.0.0.1 - - [11/Dec/2020 21:47:44] "[33mGET /favicon.ico HTTP/1.1[0m" 404 -
INFO:werkzeug: * Running on http://127.0.0.1:5000/ (Press CTRL+C to quit)
INFO:root:Welcome to the Home Page!
INFO:werkzeug:127.0.0.1 - - [11/Dec/2020 21:56:16] "[37mGET / HTTP/1.1[0m" 200 -
INFO:werkzeug: * Running on http://127.0.0.1:5000/ (Press CTRL+C to quit)
INFO:root:Welcome to the Home Page!
INFO:werkzeug:127.0.0.1 - - [11/Dec/2020 21:57:36] "[37mGET / HTTP/1.1[0m" 200 -
INFO:werkzeug: * Running on http://127.0.0.1:5000/ (Press CTRL+C to quit)
INFO:root:Welcome to the Home Page!
INFO:werkzeug:127.0.0.1 - - [11/Dec/2020 21:58:04] "[37mGET / HTTP/1.1[0m" 200 -
INFO:werkzeug: * Running on http://127.0.0.1:5000/ (Press CTRL+C to quit)
INFO:root:Welcome to the Home Page!
INFO:werkzeug:127.0.0.1 - - [11/Dec/2020 22:01:17] "[37mGET / HTTP/1.1[0m" 200 -
INFO:werkzeug: * Running on http://127.0.0.1:5000/ (Press CTRL+C to quit)
INFO:root:Welcome to the Home Page!
INFO:werkzeug:127.0.0.1 - - [11/Dec/2020 22:02:58] "[37mGET / HTTP/1.1[0m" 200 -
INFO:werkzeug:127.0.0.1 - - [11/Dec/2020 22:03:19] "[32mGET /about HTTP/1.1[0m" 308 -
INFO:root:Going to the About Page!
INFO:werkzeug:127.0.0.1 - - [11/Dec/2020 22:03:19] "[37mGET /about/ HTTP/1.1[0m" 200 -
INFO:werkzeug:127.0.0.1 - - [11/Dec/2020 22:03:20] "[33mGET /favicon.ico HTTP/1.1[0m" 404 -
INFO:app:Switching to the Personality Page
INFO:werkzeug:127.0.0.1 - - [11/Dec/2020 22:03:22] "[37mGET /personality HTTP/1.1[0m" 200 -
INFO:werkzeug:127.0.0.1 - - [11/Dec/2020 22:03:25] "[32mGET /about HTTP/1.1[0m" 308 -
INFO:root:Going to the About Page!
INFO:werkzeug:127.0.0.1 - - [11/Dec/2020 22:03:25] "[37mGET /about/ HTTP/1.1[0m" 200 -
INFO:werkzeug:127.0.0.1 - - [11/Dec/2020 22:03:25] "[33mGET /favicon.ico HTTP/1.1[0m" 404 -
INFO:root:Welcome to the Home Page!
INFO:werkzeug:127.0.0.1 - - [11/Dec/2020 22:03:28] "[37mGET / HTTP/1.1[0m" 200 -
INFO:werkzeug: * Running on http://127.0.0.1:5000/ (Press CTRL+C to quit)
INFO:root:Welcome to the Home Page!
INFO:werkzeug:127.0.0.1 - - [11/Dec/2020 22:04:12] "[37mGET / HTTP/1.1[0m" 200 -
INFO:werkzeug: * Running on http://127.0.0.1:5000/ (Press CTRL+C to quit)
INFO:root:Welcome to the Home Page!
INFO:werkzeug:127.0.0.1 - - [11/Dec/2020 22:05:16] "[37mGET / HTTP/1.1[0m" 200 -
INFO:werkzeug: * Running on http://127.0.0.1:5000/ (Press CTRL+C to quit)
INFO:root:Welcome to the Home Page!
INFO:werkzeug:127.0.0.1 - - [11/Dec/2020 22:05:40] "[37mGET / HTTP/1.1[0m" 200 -
INFO:werkzeug: * Running on http://127.0.0.1:5000/ (Press CTRL+C to quit)
INFO:root:Welcome to the Home Page!
INFO:werkzeug:127.0.0.1 - - [11/Dec/2020 22:06:19] "[37mGET / HTTP/1.1[0m" 200 -
INFO:werkzeug: * Running on http://127.0.0.1:5000/ (Press CTRL+C to quit)
INFO:root:Welcome to the Home Page!
INFO:werkzeug:127.0.0.1 - - [11/Dec/2020 22:07:11] "[37mGET / HTTP/1.1[0m" 200 -
INFO:werkzeug: * Running on http://127.0.0.1:5000/ (Press CTRL+C to quit)
INFO:root:Welcome to the Home Page!
INFO:werkzeug:127.0.0.1 - - [11/Dec/2020 22:07:47] "[37mGET / HTTP/1.1[0m" 200 -
INFO:root:Welcome to the Home Page!
INFO:werkzeug:127.0.0.1 - - [11/Dec/2020 22:07:48] "[37mGET / HTTP/1.1[0m" 200 -
INFO:werkzeug: * Running on http://127.0.0.1:5000/ (Press CTRL+C to quit)
INFO:root:Welcome to the Home Page!
INFO:werkzeug:127.0.0.1 - - [11/Dec/2020 22:08:36] "[37mGET / HTTP/1.1[0m" 200 -
INFO:werkzeug: * Running on http://127.0.0.1:5000/ (Press CTRL+C to quit)
INFO:root:Welcome to the Home Page!
INFO:werkzeug:127.0.0.1 - - [11/Dec/2020 22:09:04] "[37mGET / HTTP/1.1[0m" 200 -
INFO:werkzeug: * Running on http://127.0.0.1:5000/ (Press CTRL+C to quit)
INFO:root:Welcome to the Home Page!
INFO:werkzeug:127.0.0.1 - - [11/Dec/2020 22:09:18] "[37mGET / HTTP/1.1[0m" 200 -
INFO:werkzeug:127.0.0.1 - - [11/Dec/2020 22:09:18] "[33mGET /apple-touch-icon-precomposed.png HTTP/1.1[0m" 404 -
INFO:werkzeug:127.0.0.1 - - [11/Dec/2020 22:09:18] "[33mGET /apple-touch-icon.png HTTP/1.1[0m" 404 -
INFO:werkzeug: * Running on http://127.0.0.1:5000/ (Press CTRL+C to quit)
INFO:werkzeug:127.0.0.1 - - [11/Dec/2020 22:13:36] "[32mGET /about HTTP/1.1[0m" 308 -
INFO:root:Going to the About Page!
INFO:werkzeug:127.0.0.1 - - [11/Dec/2020 22:13:36] "[37mGET /about/ HTTP/1.1[0m" 200 -
INFO:werkzeug:127.0.0.1 - - [11/Dec/2020 22:13:36] "[33mGET /favicon.ico HTTP/1.1[0m" 404 -
INFO:werkzeug:127.0.0.1 - - [11/Dec/2020 22:13:36] "[33mGET /about/lincoln.JPG HTTP/1.1[0m" 404 -
INFO:werkzeug: * Running on http://127.0.0.1:5000/ (Press CTRL+C to quit)
INFO:root:Going to the About Page!
INFO:werkzeug:127.0.0.1 - - [11/Dec/2020 22:14:08] "[37mGET /about/ HTTP/1.1[0m" 200 -
INFO:werkzeug:127.0.0.1 - - [11/Dec/2020 22:14:08] "[33mGET /about/lincoln.JPG HTTP/1.1[0m" 404 -
INFO:werkzeug: * Running on http://127.0.0.1:5000/ (Press CTRL+C to quit)
INFO:app:Switching to the Personality Page
INFO:werkzeug:127.0.0.1 - - [11/Dec/2020 22:16:25] "[37mGET /personality HTTP/1.1[0m" 200 -
INFO:werkzeug: * Running on http://127.0.0.1:5000/ (Press CTRL+C to quit)
INFO:app:Switching to the Personality Page
INFO:werkzeug:127.0.0.1 - - [11/Dec/2020 22:18:44] "[37mGET /personality HTTP/1.1[0m" 200 -
INFO:werkzeug: * Running on http://127.0.0.1:5000/ (Press CTRL+C to quit)
INFO:app:Switching to the Personality Page
INFO:werkzeug:127.0.0.1 - - [11/Dec/2020 22:19:32] "[37mGET /personality HTTP/1.1[0m" 200 -
INFO:werkzeug: * Running on http://127.0.0.1:5000/ (Press CTRL+C to quit)
INFO:app:Switching to the Personality Page
INFO:werkzeug:127.0.0.1 - - [11/Dec/2020 22:19:53] "[37mGET /personality HTTP/1.1[0m" 200 -
INFO:root:Going to the About Page!
INFO:werkzeug:127.0.0.1 - - [11/Dec/2020 22:19:57] "[37mGET /about/ HTTP/1.1[0m" 200 -
INFO:werkzeug:127.0.0.1 - - [11/Dec/2020 22:19:57] "[33mGET /about/lincoln.JPG HTTP/1.1[0m" 404 -
INFO:root:Welcome to the Home Page!
INFO:werkzeug:127.0.0.1 - - [11/Dec/2020 22:20:05] "[37mGET / HTTP/1.1[0m" 200 -
INFO:app:Switching to the Personality Page
INFO:werkzeug:127.0.0.1 - - [11/Dec/2020 22:20:07] "[37mGET /personality HTTP/1.1[0m" 200 -
INFO:werkzeug:127.0.0.1 - - [11/Dec/2020 22:20:10] "[32mGET /about HTTP/1.1[0m" 308 -
INFO:root:Going to the About Page!
INFO:werkzeug:127.0.0.1 - - [11/Dec/2020 22:20:10] "[37mGET /about/ HTTP/1.1[0m" 200 -
INFO:werkzeug:127.0.0.1 - - [11/Dec/2020 22:20:10] "[33mGET /about/lincoln.JPG HTTP/1.1[0m" 404 -
INFO:werkzeug: * Running on http://127.0.0.1:5000/ (Press CTRL+C to quit)
INFO:root:Going to the About Page!
INFO:werkzeug:127.0.0.1 - - [11/Dec/2020 22:20:43] "[37mGET /about/ HTTP/1.1[0m" 200 -
INFO:app:Switching to the Personality Page
INFO:werkzeug:127.0.0.1 - - [11/Dec/2020 22:20:50] "[37mGET /personality HTTP/1.1[0m" 200 -
INFO:werkzeug:127.0.0.1 - - [11/Dec/2020 22:20:51] "[32mGET /about HTTP/1.1[0m" 308 -
INFO:root:Going to the About Page!
INFO:werkzeug:127.0.0.1 - - [11/Dec/2020 22:20:51] "[37mGET /about/ HTTP/1.1[0m" 200 -
INFO:werkzeug:127.0.0.1 - - [11/Dec/2020 22:20:51] "[33mGET /about/lincoln.JPG HTTP/1.1[0m" 404 -
INFO:werkzeug:127.0.0.1 - - [11/Dec/2020 22:20:51] "[32mGET /contact HTTP/1.1[0m" 308 -
INFO:root:Going to the Contact Page!
INFO:werkzeug:127.0.0.1 - - [11/Dec/2020 22:20:51] "[37mGET /contact/ HTTP/1.1[0m" 200 -
INFO:werkzeug:127.0.0.1 - - [11/Dec/2020 22:20:51] "[33mGET /favicon.ico HTTP/1.1[0m" 404 -
INFO:root:Welcome to the Home Page!
INFO:werkzeug:127.0.0.1 - - [11/Dec/2020 22:20:52] "[37mGET / HTTP/1.1[0m" 200 -
INFO:app:Switching to the Personality Page
INFO:werkzeug:127.0.0.1 - - [11/Dec/2020 22:20:53] "[37mGET /personality HTTP/1.1[0m" 200 -
INFO:werkzeug:127.0.0.1 - - [11/Dec/2020 22:20:53] "[32mGET /about HTTP/1.1[0m" 308 -
INFO:root:Going to the About Page!
INFO:werkzeug:127.0.0.1 - - [11/Dec/2020 22:20:53] "[37mGET /about/ HTTP/1.1[0m" 200 -
INFO:werkzeug:127.0.0.1 - - [11/Dec/2020 22:20:54] "[33mGET /about/lincoln.JPG HTTP/1.1[0m" 404 -
INFO:werkzeug:127.0.0.1 - - [11/Dec/2020 22:20:54] "[32mGET /contact HTTP/1.1[0m" 308 -
INFO:root:Going to the Contact Page!
INFO:werkzeug:127.0.0.1 - - [11/Dec/2020 22:20:54] "[37mGET /contact/ HTTP/1.1[0m" 200 -
INFO:werkzeug:127.0.0.1 - - [11/Dec/2020 22:20:54] "[33mGET /favicon.ico HTTP/1.1[0m" 404 -
INFO:werkzeug:127.0.0.1 - - [11/Dec/2020 22:20:55] "[32mGET /about HTTP/1.1[0m" 308 -
INFO:root:Going to the About Page!
INFO:werkzeug:127.0.0.1 - - [11/Dec/2020 22:20:55] "[37mGET /about/ HTTP/1.1[0m" 200 -
INFO:werkzeug:127.0.0.1 - - [11/Dec/2020 22:20:55] "[33mGET /about/lincoln.JPG HTTP/1.1[0m" 404 -
INFO:app:Switching to the Personality Page
INFO:werkzeug:127.0.0.1 - - [11/Dec/2020 22:20:56] "[37mGET /personality HTTP/1.1[0m" 200 -
INFO:app:Switching to the Personality Page
INFO:werkzeug:127.0.0.1 - - [11/Dec/2020 22:20:56] "[37mGET /personality HTTP/1.1[0m" 200 -
INFO:root:Welcome to the Home Page!
INFO:werkzeug:127.0.0.1 - - [11/Dec/2020 22:20:57] "[37mGET / HTTP/1.1[0m" 200 -
INFO:app:Switching to the Personality Page
INFO:werkzeug:127.0.0.1 - - [11/Dec/2020 22:20:57] "[37mGET /personality HTTP/1.1[0m" 200 -
INFO:root:Welcome to the Home Page!
INFO:werkzeug:127.0.0.1 - - [11/Dec/2020 22:20:58] "[37mGET / HTTP/1.1[0m" 200 -
INFO:app:Switching to the Personality Page
INFO:werkzeug:127.0.0.1 - - [11/Dec/2020 22:21:02] "[37mGET /personality HTTP/1.1[0m" 200 -
INFO:werkzeug:127.0.0.1 - - [11/Dec/2020 22:21:04] "[32mGET /about HTTP/1.1[0m" 308 -
INFO:root:Going to the About Page!
INFO:werkzeug:127.0.0.1 - - [11/Dec/2020 22:21:04] "[37mGET /about/ HTTP/1.1[0m" 200 -
INFO:werkzeug:127.0.0.1 - - [11/Dec/2020 22:21:04] "[33mGET /about/lincoln.JPG HTTP/1.1[0m" 404 -
INFO:werkzeug:127.0.0.1 - - [11/Dec/2020 22:21:05] "[32mGET /contact HTTP/1.1[0m" 308 -
INFO:root:Going to the Contact Page!
INFO:werkzeug:127.0.0.1 - - [11/Dec/2020 22:21:05] "[37mGET /contact/ HTTP/1.1[0m" 200 -
INFO:werkzeug:127.0.0.1 - - [11/Dec/2020 22:21:05] "[33mGET /favicon.ico HTTP/1.1[0m" 404 -
INFO:werkzeug: * Running on http://127.0.0.1:5000/ (Press CTRL+C to quit)
INFO:werkzeug: * Running on http://127.0.0.1:5000/ (Press CTRL+C to quit)
INFO:werkzeug:127.0.0.1 - - [11/Dec/2020 22:28:13] "[32mGET /about HTTP/1.1[0m" 308 -
INFO:root:Going to the About Page!
INFO:werkzeug:127.0.0.1 - - [11/Dec/2020 22:28:13] "[37mGET /about/ HTTP/1.1[0m" 200 -
INFO:werkzeug: * Running on http://127.0.0.1:5000/ (Press CTRL+C to quit)
INFO:root:Going to the About Page!
INFO:werkzeug:127.0.0.1 - - [11/Dec/2020 22:28:34] "[37mGET /about/ HTTP/1.1[0m" 200 -
INFO:werkzeug: * Running on http://127.0.0.1:5000/ (Press CTRL+C to quit)
INFO:root:Going to the About Page!
INFO:werkzeug:127.0.0.1 - - [11/Dec/2020 22:30:05] "[37mGET /about/ HTTP/1.1[0m" 200 -
INFO:werkzeug: * Running on http://127.0.0.1:5000/ (Press CTRL+C to quit)
INFO:root:Welcome to the Home Page!
INFO:werkzeug:127.0.0.1 - - [11/Dec/2020 22:32:02] "[37mGET / HTTP/1.1[0m" 200 -
INFO:werkzeug: * Running on http://127.0.0.1:5000/ (Press CTRL+C to quit)
INFO:root:Welcome to the Home Page!
INFO:werkzeug:127.0.0.1 - - [11/Dec/2020 22:32:34] "[37mGET / HTTP/1.1[0m" 200 -
INFO:app:Switching to the Personality Page
INFO:werkzeug:127.0.0.1 - - [11/Dec/2020 22:32:52] "[37mGET /personality HTTP/1.1[0m" 200 -
INFO:werkzeug:127.0.0.1 - - [11/Dec/2020 22:32:54] "[32mGET /about HTTP/1.1[0m" 308 -
INFO:root:Going to the About Page!
INFO:werkzeug:127.0.0.1 - - [11/Dec/2020 22:32:54] "[37mGET /about/ HTTP/1.1[0m" 200 -
INFO:werkzeug:127.0.0.1 - - [11/Dec/2020 22:32:55] "[32mGET /contact HTTP/1.1[0m" 308 -
INFO:root:Going to the Contact Page!
INFO:werkzeug:127.0.0.1 - - [11/Dec/2020 22:32:55] "[37mGET /contact/ HTTP/1.1[0m" 200 -
INFO:werkzeug:127.0.0.1 - - [11/Dec/2020 22:32:55] "[33mGET /favicon.ico HTTP/1.1[0m" 404 -
INFO:werkzeug:127.0.0.1 - - [11/Dec/2020 22:32:56] "[32mGET /about HTTP/1.1[0m" 308 -
INFO:root:Going to the About Page!
INFO:werkzeug:127.0.0.1 - - [11/Dec/2020 22:32:56] "[37mGET /about/ HTTP/1.1[0m" 200 -
INFO:app:Switching to the Personality Page
INFO:werkzeug:127.0.0.1 - - [11/Dec/2020 22:32:57] "[37mGET /personality HTTP/1.1[0m" 200 -
INFO:app:Switching to the Personality Page
INFO:werkzeug:127.0.0.1 - - [11/Dec/2020 22:32:57] "[37mGET /personality HTTP/1.1[0m" 200 -
INFO:root:Welcome to the Home Page!
INFO:werkzeug:127.0.0.1 - - [11/Dec/2020 22:32:58] "[37mGET / HTTP/1.1[0m" 200 -
INFO:app:Switching to the Personality Page
INFO:werkzeug:127.0.0.1 - - [11/Dec/2020 22:33:22] "[37mGET /personality HTTP/1.1[0m" 200 -
INFO:werkzeug:127.0.0.1 - - [11/Dec/2020 22:33:24] "[32mGET /about HTTP/1.1[0m" 308 -
INFO:root:Going to the About Page!
INFO:werkzeug:127.0.0.1 - - [11/Dec/2020 22:33:24] "[37mGET /about/ HTTP/1.1[0m" 200 -
INFO:werkzeug:127.0.0.1 - - [11/Dec/2020 22:33:43] "[32mGET /contact HTTP/1.1[0m" 308 -
INFO:root:Going to the Contact Page!
INFO:werkzeug:127.0.0.1 - - [11/Dec/2020 22:33:43] "[37mGET /contact/ HTTP/1.1[0m" 200 -
INFO:werkzeug:127.0.0.1 - - [11/Dec/2020 22:33:43] "[33mGET /favicon.ico HTTP/1.1[0m" 404 -
INFO:app:Switching to the Personality Page
INFO:werkzeug:127.0.0.1 - - [11/Dec/2020 22:34:06] "[37mGET /personality HTTP/1.1[0m" 200 -
INFO:werkzeug:127.0.0.1 - - [11/Dec/2020 22:34:07] "[32mGET /about HTTP/1.1[0m" 308 -
INFO:root:Going to the About Page!
INFO:werkzeug:127.0.0.1 - - [11/Dec/2020 22:34:07] "[37mGET /about/ HTTP/1.1[0m" 200 -
INFO:werkzeug:127.0.0.1 - - [11/Dec/2020 22:34:08] "[32mGET /about HTTP/1.1[0m" 308 -
INFO:root:Going to the About Page!
INFO:werkzeug:127.0.0.1 - - [11/Dec/2020 22:34:08] "[37mGET /about/ HTTP/1.1[0m" 200 -
INFO:werkzeug:127.0.0.1 - - [11/Dec/2020 22:34:09] "[32mGET /contact HTTP/1.1[0m" 308 -
INFO:root:Going to the Contact Page!
INFO:werkzeug:127.0.0.1 - - [11/Dec/2020 22:34:09] "[37mGET /contact/ HTTP/1.1[0m" 200 -
INFO:werkzeug:127.0.0.1 - - [11/Dec/2020 22:34:09] "[33mGET /favicon.ico HTTP/1.1[0m" 404 -
INFO:werkzeug:127.0.0.1 - - [11/Dec/2020 22:34:09] "[32mGET /about HTTP/1.1[0m" 308 -
INFO:root:Going to the About Page!
INFO:werkzeug:127.0.0.1 - - [11/Dec/2020 22:34:09] "[37mGET /about/ HTTP/1.1[0m" 200 -
INFO:app:Switching to the Personality Page
INFO:werkzeug:127.0.0.1 - - [11/Dec/2020 22:34:10] "[37mGET /personality HTTP/1.1[0m" 200 -
INFO:root:Welcome to the Home Page!
INFO:werkzeug:127.0.0.1 - - [11/Dec/2020 22:34:10] "[37mGET / HTTP/1.1[0m" 200 -
INFO:werkzeug:127.0.0.1 - - [11/Dec/2020 22:34:11] "[32mGET /contact HTTP/1.1[0m" 308 -
INFO:root:Going to the Contact Page!
INFO:werkzeug:127.0.0.1 - - [11/Dec/2020 22:34:11] "[37mGET /contact/ HTTP/1.1[0m" 200 -
INFO:werkzeug:127.0.0.1 - - [11/Dec/2020 22:34:11] "[33mGET /favicon.ico HTTP/1.1[0m" 404 -
INFO:werkzeug:127.0.0.1 - - [11/Dec/2020 22:34:18] "[32mGET /contact HTTP/1.1[0m" 308 -
INFO:root:Going to the Contact Page!
INFO:werkzeug:127.0.0.1 - - [11/Dec/2020 22:34:18] "[37mGET /contact/ HTTP/1.1[0m" 200 -
INFO:werkzeug:127.0.0.1 - - [11/Dec/2020 22:34:18] "[33mGET /favicon.ico HTTP/1.1[0m" 404 -
INFO:werkzeug:127.0.0.1 - - [11/Dec/2020 22:34:19] "[32mGET /about HTTP/1.1[0m" 308 -
INFO:root:Going to the About Page!
INFO:werkzeug:127.0.0.1 - - [11/Dec/2020 22:34:19] "[37mGET /about/ HTTP/1.1[0m" 200 -
INFO:werkzeug:127.0.0.1 - - [11/Dec/2020 22:34:20] "[32mGET /contact HTTP/1.1[0m" 308 -
INFO:root:Going to the Contact Page!
INFO:werkzeug:127.0.0.1 - - [11/Dec/2020 22:34:20] "[37mGET /contact/ HTTP/1.1[0m" 200 -
INFO:werkzeug:127.0.0.1 - - [11/Dec/2020 22:34:20] "[33mGET /favicon.ico HTTP/1.1[0m" 404 -
INFO:werkzeug:127.0.0.1 - - [11/Dec/2020 22:34:21] "[32mGET /about HTTP/1.1[0m" 308 -
INFO:root:Going to the About Page!
INFO:werkzeug:127.0.0.1 - - [11/Dec/2020 22:34:21] "[37mGET /about/ HTTP/1.1[0m" 200 -
INFO:app:Switching to the Personality Page
INFO:werkzeug:127.0.0.1 - - [11/Dec/2020 22:34:58] "[37mGET /personality HTTP/1.1[0m" 200 -
INFO:root:Going to the About Page!
INFO:werkzeug:127.0.0.1 - - [11/Dec/2020 22:35:06] "[37mGET /about/ HTTP/1.1[0m" 200 -
INFO:app:Switching to the Personality Page
INFO:werkzeug:127.0.0.1 - - [11/Dec/2020 22:35:13] "[37mGET /personality HTTP/1.1[0m" 200 -
INFO:werkzeug: * Running on http://127.0.0.1:5000/ (Press CTRL+C to quit)
INFO:app:Switching to the Personality Page
INFO:werkzeug:127.0.0.1 - - [11/Dec/2020 22:37:21] "[37mGET /personality HTTP/1.1[0m" 200 -
INFO:werkzeug: * Running on http://127.0.0.1:5000/ (Press CTRL+C to quit)
INFO:root:Welcome to the Home Page!
INFO:werkzeug:127.0.0.1 - - [11/Dec/2020 22:38:09] "[37mGET / HTTP/1.1[0m" 200 -
INFO:app:Switching to the Personality Page
INFO:werkzeug:127.0.0.1 - - [11/Dec/2020 22:38:25] "[37mGET /personality HTTP/1.1[0m" 200 -
INFO:werkzeug:127.0.0.1 - - [11/Dec/2020 22:38:27] "[32mGET /about HTTP/1.1[0m" 308 -
INFO:root:Going to the About Page!
INFO:werkzeug:127.0.0.1 - - [11/Dec/2020 22:38:27] "[37mGET /about/ HTTP/1.1[0m" 200 -
INFO:werkzeug:127.0.0.1 - - [11/Dec/2020 22:38:31] "[32mGET /contact HTTP/1.1[0m" 308 -
INFO:root:Going to the Contact Page!
INFO:werkzeug:127.0.0.1 - - [11/Dec/2020 22:38:31] "[37mGET /contact/ HTTP/1.1[0m" 200 -
INFO:werkzeug:127.0.0.1 - - [11/Dec/2020 22:38:31] "[33mGET /favicon.ico HTTP/1.1[0m" 404 -
INFO:werkzeug:127.0.0.1 - - [11/Dec/2020 22:38:33] "[32mGET /about HTTP/1.1[0m" 308 -
INFO:root:Going to the About Page!
INFO:werkzeug:127.0.0.1 - - [11/Dec/2020 22:38:33] "[37mGET /about/ HTTP/1.1[0m" 200 -
INFO:app:Switching to the Personality Page
INFO:werkzeug:127.0.0.1 - - [11/Dec/2020 22:38:33] "[37mGET /personality HTTP/1.1[0m" 200 -
INFO:werkzeug:127.0.0.1 - - [11/Dec/2020 22:38:34] "[32mGET /contact HTTP/1.1[0m" 308 -
INFO:root:Going to the Contact Page!
INFO:werkzeug:127.0.0.1 - - [11/Dec/2020 22:38:34] "[37mGET /contact/ HTTP/1.1[0m" 200 -
INFO:werkzeug:127.0.0.1 - - [11/Dec/2020 22:38:34] "[33mGET /favicon.ico HTTP/1.1[0m" 404 -
INFO:werkzeug:127.0.0.1 - - [11/Dec/2020 22:38:35] "[32mGET /about HTTP/1.1[0m" 308 -
INFO:root:Going to the About Page!
INFO:werkzeug:127.0.0.1 - - [11/Dec/2020 22:38:35] "[37mGET /about/ HTTP/1.1[0m" 200 -
INFO:app:Switching to the Personality Page
INFO:werkzeug:127.0.0.1 - - [11/Dec/2020 22:38:36] "[37mGET /personality HTTP/1.1[0m" 200 -
INFO:werkzeug:127.0.0.1 - - [11/Dec/2020 22:38:37] "[32mGET /about HTTP/1.1[0m" 308 -
INFO:root:Going to the About Page!
INFO:werkzeug:127.0.0.1 - - [11/Dec/2020 22:38:37] "[37mGET /about/ HTTP/1.1[0m" 200 -
INFO:werkzeug:127.0.0.1 - - [11/Dec/2020 22:38:38] "[32mGET /contact HTTP/1.1[0m" 308 -
INFO:root:Going to the Contact Page!
INFO:werkzeug:127.0.0.1 - - [11/Dec/2020 22:38:38] "[37mGET /contact/ HTTP/1.1[0m" 200 -
INFO:werkzeug:127.0.0.1 - - [11/Dec/2020 22:38:38] "[33mGET /favicon.ico HTTP/1.1[0m" 404 -
INFO:werkzeug:127.0.0.1 - - [11/Dec/2020 22:38:38] "[32mGET /about HTTP/1.1[0m" 308 -
INFO:root:Going to the About Page!
INFO:werkzeug:127.0.0.1 - - [11/Dec/2020 22:38:38] "[37mGET /about/ HTTP/1.1[0m" 200 -
INFO:app:Switching to the Personality Page
INFO:werkzeug:127.0.0.1 - - [11/Dec/2020 22:38:39] "[37mGET /personality HTTP/1.1[0m" 200 -
INFO:root:Welcome to the Home Page!
INFO:werkzeug:127.0.0.1 - - [11/Dec/2020 22:38:39] "[37mGET / HTTP/1.1[0m" 200 -
INFO:app:Switching to the Personality Page
INFO:werkzeug:127.0.0.1 - - [11/Dec/2020 22:38:40] "[37mGET /personality HTTP/1.1[0m" 200 -
INFO:werkzeug:127.0.0.1 - - [11/Dec/2020 22:38:40] "[32mGET /about HTTP/1.1[0m" 308 -
INFO:root:Going to the About Page!
INFO:werkzeug:127.0.0.1 - - [11/Dec/2020 22:38:41] "[37mGET /about/ HTTP/1.1[0m" 200 -
INFO:werkzeug:127.0.0.1 - - [11/Dec/2020 22:38:41] "[32mGET /contact HTTP/1.1[0m" 308 -
INFO:root:Going to the Contact Page!
INFO:werkzeug:127.0.0.1 - - [11/Dec/2020 22:38:41] "[37mGET /contact/ HTTP/1.1[0m" 200 -
INFO:werkzeug:127.0.0.1 - - [11/Dec/2020 22:38:41] "[33mGET /favicon.ico HTTP/1.1[0m" 404 -
INFO:werkzeug:127.0.0.1 - - [11/Dec/2020 22:38:42] "[32mGET /about HTTP/1.1[0m" 308 -
INFO:root:Going to the About Page!
INFO:werkzeug:127.0.0.1 - - [11/Dec/2020 22:38:42] "[37mGET /about/ HTTP/1.1[0m" 200 -
INFO:app:Switching to the Personality Page
INFO:werkzeug:127.0.0.1 - - [11/Dec/2020 22:38:42] "[37mGET /personality HTTP/1.1[0m" 200 -
INFO:werkzeug:127.0.0.1 - - [11/Dec/2020 22:38:43] "[32mGET /about HTTP/1.1[0m" 308 -
INFO:root:Going to the About Page!
INFO:werkzeug:127.0.0.1 - - [11/Dec/2020 22:38:43] "[37mGET /about/ HTTP/1.1[0m" 200 -
INFO:werkzeug:127.0.0.1 - - [11/Dec/2020 22:38:44] "[32mGET /contact HTTP/1.1[0m" 308 -
INFO:root:Going to the Contact Page!
INFO:werkzeug:127.0.0.1 - - [11/Dec/2020 22:38:44] "[37mGET /contact/ HTTP/1.1[0m" 200 -
INFO:werkzeug:127.0.0.1 - - [11/Dec/2020 22:38:44] "[33mGET /favicon.ico HTTP/1.1[0m" 404 -
INFO:werkzeug:127.0.0.1 - - [11/Dec/2020 22:38:44] "[32mGET /about HTTP/1.1[0m" 308 -
INFO:root:Going to the About Page!
INFO:werkzeug:127.0.0.1 - - [11/Dec/2020 22:38:44] "[37mGET /about/ HTTP/1.1[0m" 200 -
INFO:app:Switching to the Personality Page
INFO:werkzeug:127.0.0.1 - - [11/Dec/2020 22:38:45] "[37mGET /personality HTTP/1.1[0m" 200 -
INFO:app:Switching to the Personality Page
INFO:werkzeug:127.0.0.1 - - [11/Dec/2020 22:38:45] "[37mGET /personality HTTP/1.1[0m" 200 -
INFO:root:Welcome to the Home Page!
INFO:werkzeug:127.0.0.1 - - [11/Dec/2020 22:38:46] "[37mGET / HTTP/1.1[0m" 200 -
INFO:app:Switching to the Personality Page
INFO:werkzeug:127.0.0.1 - - [11/Dec/2020 22:38:48] "[37mGET /personality HTTP/1.1[0m" 200 -
INFO:werkzeug:127.0.0.1 - - [11/Dec/2020 22:38:49] "[32mGET /about HTTP/1.1[0m" 308 -
INFO:root:Going to the About Page!
INFO:werkzeug:127.0.0.1 - - [11/Dec/2020 22:38:49] "[37mGET /about/ HTTP/1.1[0m" 200 -
INFO:werkzeug:127.0.0.1 - - [11/Dec/2020 22:38:49] "[32mGET /contact HTTP/1.1[0m" 308 -
INFO:root:Going to the Contact Page!
INFO:werkzeug:127.0.0.1 - - [11/Dec/2020 22:38:49] "[37mGET /contact/ HTTP/1.1[0m" 200 -
INFO:werkzeug:127.0.0.1 - - [11/Dec/2020 22:38:49] "[33mGET /favicon.ico HTTP/1.1[0m" 404 -
INFO:werkzeug: * Running on http://127.0.0.1:5000/ (Press CTRL+C to quit)
INFO:root:Welcome to the Home Page!
INFO:werkzeug:127.0.0.1 - - [11/Dec/2020 23:00:10] "[37mGET / HTTP/1.1[0m" 200 -
INFO:werkzeug: * Running on http://127.0.0.1:5000/ (Press CTRL+C to quit)
INFO:root:Welcome to the Home Page!
INFO:werkzeug:127.0.0.1 - - [11/Dec/2020 23:04:09] "[37mGET / HTTP/1.1[0m" 200 -
INFO:app:Switching to the Personality Page
INFO:werkzeug:127.0.0.1 - - [11/Dec/2020 23:04:19] "[37mGET /personality HTTP/1.1[0m" 200 -
INFO:root:Going to the About Page!
INFO:werkzeug:127.0.0.1 - - [11/Dec/2020 23:04:27] "[37mGET /about/ HTTP/1.1[0m" 200 -
INFO:app:Switching to the Personality Page
INFO:werkzeug:127.0.0.1 - - [11/Dec/2020 23:04:40] "[37mGET /personality HTTP/1.1[0m" 200 -
INFO:werkzeug:127.0.0.1 - - [11/Dec/2020 23:04:41] "[32mGET /about HTTP/1.1[0m" 308 -
INFO:root:Going to the About Page!
INFO:werkzeug:127.0.0.1 - - [11/Dec/2020 23:04:41] "[37mGET /about/ HTTP/1.1[0m" 200 -
INFO:werkzeug:127.0.0.1 - - [11/Dec/2020 23:04:44] "[32mGET /contact HTTP/1.1[0m" 308 -
INFO:root:Going to the Contact Page!
INFO:werkzeug:127.0.0.1 - - [11/Dec/2020 23:04:44] "[37mGET /contact/ HTTP/1.1[0m" 200 -
INFO:werkzeug:127.0.0.1 - - [11/Dec/2020 23:04:44] "[33mGET /favicon.ico HTTP/1.1[0m" 404 -
INFO:root:Welcome to the Home Page!
INFO:werkzeug:127.0.0.1 - - [11/Dec/2020 23:04:58] "[37mGET / HTTP/1.1[0m" 200 -
INFO:app:Switching to the Personality Page
INFO:werkzeug:127.0.0.1 - - [11/Dec/2020 23:08:02] "[37mGET /personality HTTP/1.1[0m" 200 -
INFO:root:Going to the About Page!
INFO:werkzeug:127.0.0.1 - - [11/Dec/2020 23:08:30] "[37mGET /about/ HTTP/1.1[0m" 200 -
INFO:werkzeug:127.0.0.1 - - [11/Dec/2020 23:09:13] "[32mGET /contact HTTP/1.1[0m" 308 -
INFO:root:Going to the Contact Page!
INFO:werkzeug:127.0.0.1 - - [11/Dec/2020 23:09:13] "[37mGET /contact/ HTTP/1.1[0m" 200 -
INFO:werkzeug:127.0.0.1 - - [11/Dec/2020 23:09:13] "[33mGET /favicon.ico HTTP/1.1[0m" 404 -
INFO:root:Going to the Contact Page!
INFO:werkzeug:127.0.0.1 - - [11/Dec/2020 23:09:22] "[37mGET /contact/ HTTP/1.1[0m" 200 -
INFO:root:Welcome to the Home Page!
INFO:werkzeug:127.0.0.1 - - [11/Dec/2020 23:09:24] "[37mGET / HTTP/1.1[0m" 200 -
INFO:app:Switching to the 404 Page, This is a test page so we don't need to error here.
INFO:werkzeug:127.0.0.1 - - [11/Dec/2020 23:09:25] "[37mGET /404/ HTTP/1.1[0m" 200 -
INFO:app:Switching to the 404 Page, This is a test page so we don't need to error here.
INFO:werkzeug:127.0.0.1 - - [11/Dec/2020 23:09:26] "[37mGET /404/ HTTP/1.1[0m" 200 -
INFO:root:Welcome to the Home Page!
INFO:werkzeug:127.0.0.1 - - [11/Dec/2020 23:09:32] "[37mGET / HTTP/1.1[0m" 200 -
